{
  "stats": {
    "suites": 1,
    "tests": 3,
    "passes": 3,
    "pending": 0,
    "failures": 0,
    "start": "2021-03-30T20:03:15.311Z",
    "end": "2021-03-30T20:04:35.742Z",
    "duration": 80431,
    "testsRegistered": 3,
    "passPercent": 100,
    "pendingPercent": 0,
    "other": 0,
    "hasOther": false,
    "skipped": 0,
    "hasSkipped": false
  },
  "results": [
    {
      "uuid": "54cfe0b1-f53b-4fc6-b26d-868064e6f610",
      "title": "",
      "fullFile": "cypress/integration/Tests/Basic Tests/a04_VerifyPricingPage.spec.js",
      "file": "cypress/integration/Tests/Basic Tests/a04_VerifyPricingPage.spec.js",
      "beforeHooks": [],
      "afterHooks": [],
      "tests": [],
      "suites": [
        {
          "uuid": "fb1d5d2f-a7ba-461f-ab19-055ea69db044",
          "title": "Tests to confirm the correct rediection to Schedule and elements",
          "fullFile": "",
          "file": "",
          "beforeHooks": [],
          "afterHooks": [],
          "tests": [
            {
              "title": "Verify the Pricing page as Logged out",
              "fullTitle": "Tests to confirm the correct rediection to Schedule and elements Verify the Pricing page as Logged out",
              "timedOut": null,
              "duration": 13679,
              "state": "passed",
              "speed": "slow",
              "pass": true,
              "fail": false,
              "pending": false,
              "context": null,
              "code": "pricingPage.select_Pricing_When_Logout();\ncy.url().should('eq', 'https://stage.vivayalive.com/membership');\ncy.get('.membership-timebased > .container > :nth-child(1) > strong').should('contain', 'Memberships');\ncy.get('.membership-normal-type > .container > :nth-child(1) > strong').should('contain', 'Packages');\ncy.get('.content-other-offerings > .container > h2 > strong').should('contain', 'All Other Offerings');",
              "err": {},
              "uuid": "d6981187-094d-4a4f-88db-bc9ffa04ff84",
              "parentUUID": "fb1d5d2f-a7ba-461f-ab19-055ea69db044",
              "isHook": false,
              "skipped": false
            },
            {
              "title": "Verify the Pricing Page as Logged in Guide",
              "fullTitle": "Tests to confirm the correct rediection to Schedule and elements Verify the Pricing Page as Logged in Guide",
              "timedOut": null,
              "duration": 20383,
              "state": "passed",
              "speed": "slow",
              "pass": true,
              "fail": false,
              "pending": false,
              "context": null,
              "code": "homePage.select_Login();\ncommons.set_Guide_Credentials_One();\nhomePage.submit_Credentials();\ncy.wait(2000);\npricingPage.select_Pricing_When_Login();\ncy.get('.membership-timebased > .container > :nth-child(1) > strong').should('contain', 'Memberships');\ncy.get('.membership-normal-type > .container > :nth-child(1) > strong').should('contain', 'Packages');\ncy.get('.content-other-offerings > .container > h2 > strong').should('contain', 'All Other Offerings');",
              "err": {},
              "uuid": "2b824ff8-b733-4e02-9add-e39261f16459",
              "parentUUID": "fb1d5d2f-a7ba-461f-ab19-055ea69db044",
              "isHook": false,
              "skipped": false
            },
            {
              "title": "Verify the Pricing page as Loggedin Seeker, Free trial plan is expired",
              "fullTitle": "Tests to confirm the correct rediection to Schedule and elements Verify the Pricing page as Loggedin Seeker, Free trial plan is expired",
              "timedOut": null,
              "duration": 42829,
              "state": "passed",
              "speed": "slow",
              "pass": true,
              "fail": false,
              "pending": false,
              "context": null,
              "code": "homePage.select_Login();\ncommons.set_Seeker_Credentials_Two();\nhomePage.submit_Credentials();\ncy.wait(2000);\npricingPage.select_Pricing_When_Login();\npricingPage.select_Suscribe_Monthly_5Pack();\ncy.wait(2000);\ncy.get('.remove-button').click();\ncartPage.confirm_Remove_From_Cart();\npricingPage.select_Pricing_When_Login();\ncy.scrollTo(0, 800);\npricingPage.buy_5Pack_Package();\ncy.wait(2000);\ncy.get('.remove-button').click();\ncartPage.confirm_Remove_From_Cart();",
              "err": {},
              "uuid": "99fbdd78-3eac-45fe-a0d3-8d04877555d8",
              "parentUUID": "fb1d5d2f-a7ba-461f-ab19-055ea69db044",
              "isHook": false,
              "skipped": false
            }
          ],
          "suites": [],
          "passes": [
            "d6981187-094d-4a4f-88db-bc9ffa04ff84",
            "2b824ff8-b733-4e02-9add-e39261f16459",
            "99fbdd78-3eac-45fe-a0d3-8d04877555d8"
          ],
          "failures": [],
          "pending": [],
          "skipped": [],
          "duration": 76891,
          "root": false,
          "rootEmpty": false,
          "_timeout": 2000
        }
      ],
      "passes": [],
      "failures": [],
      "pending": [],
      "skipped": [],
      "duration": 0,
      "root": true,
      "rootEmpty": true,
      "_timeout": 2000
    }
  ],
  "meta": {
    "mocha": {
      "version": "7.0.1"
    },
    "mochawesome": {
      "options": {
        "quiet": true,
        "reportFilename": "mochawesome",
        "saveHtml": false,
        "saveJson": true,
        "consoleReporter": "spec",
        "useInlineDiffs": false
      },
      "version": "4.1.0"
    },
    "marge": {
      "options": {
        "reportDir": "integration-reports/integration/reports/mocha",
        "quiet": true,
        "html": false,
        "overwrite": false,
        "json": true
      },
      "version": "4.1.0"
    }
  }
}