{
  "stats": {
    "suites": 1,
    "tests": 3,
    "passes": 0,
    "pending": 0,
    "failures": 3,
    "start": "2021-04-07T15:00:33.911Z",
    "end": "2021-04-07T15:01:39.090Z",
    "duration": 65179,
    "testsRegistered": 3,
    "passPercent": 0,
    "pendingPercent": 0,
    "other": 0,
    "hasOther": false,
    "skipped": 0,
    "hasSkipped": false
  },
  "results": [
    {
      "uuid": "2d1cec52-1910-404c-9e29-e2fd656c9cb4",
      "title": "",
      "fullFile": "cypress/integration/Tests/Seminars/a18_AddSeminartoCart.spec.js",
      "file": "cypress/integration/Tests/Seminars/a18_AddSeminartoCart.spec.js",
      "beforeHooks": [],
      "afterHooks": [],
      "tests": [],
      "suites": [
        {
          "uuid": "1d8b717b-5499-4db4-ab43-388c3a0cfe3a",
          "title": "Add seminar to cart and remove from cart",
          "fullFile": "",
          "file": "",
          "beforeHooks": [],
          "afterHooks": [],
          "tests": [
            {
              "title": "Create a Seminar with one event",
              "fullTitle": "Add seminar to cart and remove from cart Create a Seminar with one event",
              "timedOut": null,
              "duration": 11191,
              "state": "failed",
              "speed": null,
              "pass": false,
              "fail": true,
              "pending": false,
              "context": null,
              "code": "homePage.select_Login();\ncommons.set_Guide_Credentials_One();\nhomePage.submit_Credentials();\ncy.wait(3000);\ndashboard.select_Add_Seminar();\nseminars.type_Seminar_Name(\"Seminar Automation\");\nseminars.add_Description(\"This is a Seminar for Automation Proj\");\nseminars.add_Custom_Start_Date(8);\nseminars.add_Custom_End_Date(15);\nseminars.select_Main_Offering('Yoga');\nseminars.add_Seminar_Price(150);\nseminars.select_Allow_Independent_Events();\nseminars.select_Publish_Button();\ncy.get('#w0-success-0').should('contain', 'Seminar has been created.');\ncy.get('h4 > a').should('contain', 'Seminar Automation'); //add seminar event\ndashboard.add_NewEvent();\ndashboard.add_Seminar_Event();\nseminarEvent.add_Seminar_Event_Name('Seminar Event test one');\nseminarEvent.add_Description('This is a seminar Event for testing');\nseminarEvent.add_Custom_Number_Of_Days(10);\nseminarEvent.custom_End_Time(2);\nseminarEvent.select_Existing_Seminar('Seminar Automation');\nseminarEvent.select_Assign_Guide('manu rex');\ncy.get('.tt-suggestion').click();\nseminarEvent.add_EventSeminar_Price(50);\nseminarEvent.select_Add_Button();\ncy.get('#w0-success-0').should('contain', 'Events have been created.');\nhomePage.logout_Account();",
              "err": {
                "message": "TypeError: Cypress.moment is not a function",
                "estack": "TypeError: Cypress.moment is not a function\n    at SeminarCreationPage.add_Custom_Start_Date (https://stage.vivayalive.com/__cypress/tests?p=cypress/integration/Tests/Seminars/a18_AddSeminartoCart.spec.js:511:31)\n    at Context.eval (https://stage.vivayalive.com/__cypress/tests?p=cypress/integration/Tests/Seminars/a18_AddSeminartoCart.spec.js:176:14)",
                "diff": null
              },
              "uuid": "ae4f4160-0de3-48bc-b59e-fa8e3e2c894a",
              "parentUUID": "1d8b717b-5499-4db4-ab43-388c3a0cfe3a",
              "isHook": false,
              "skipped": false
            },
            {
              "title": "Add seminar to cart and remove it",
              "fullTitle": "Add seminar to cart and remove from cart Add seminar to cart and remove it",
              "timedOut": null,
              "duration": 26903,
              "state": "failed",
              "speed": null,
              "pass": false,
              "fail": true,
              "pending": false,
              "context": null,
              "code": "homePage.select_Login();\ncommons.set_Seeker_Credentials_One();\nhomePage.submit_Credentials();\ncy.wait(3000);\ncy.get('.col-lg-8 > #footernav > :nth-child(3) > a').click();\ncy.get(':nth-child(1) > .n').click();\ncy.get(':nth-child(1) > .text-center > .btn').click();\ncy.get('.product > :nth-child(2) > h4').should('contain.text', 'Seminar: Seminar Automation');\ncy.get('.remove-button').click();\ncy.wait(3000);\ncy.get('.btn-success').click();\ncy.get('#w0-success-0').should('contain.text', '\\n×\\n\\nItem has been removed from cart.\\n\\n');\ncy.get('.cart > .text-center').should('contain.text', 'There are no items in your cart.');",
              "err": {
                "message": "AssertionError: Timed out retrying after 4000ms: Expected to find element: `:nth-child(1) > .n`, but never found it.",
                "estack": "AssertionError: Timed out retrying after 4000ms: Expected to find element: `:nth-child(1) > .n`, but never found it.\n    at Context.eval (https://stage.vivayalive.com/__cypress/tests?p=cypress/integration/Tests/Seminars/a18_AddSeminartoCart.spec.js:205:8)",
                "diff": null
              },
              "uuid": "c10c9a58-86cc-4c4a-b62b-bf6c22cb1155",
              "parentUUID": "1d8b717b-5499-4db4-ab43-388c3a0cfe3a",
              "isHook": false,
              "skipped": false
            },
            {
              "title": "Delete Seminar from Guide Dashboard",
              "fullTitle": "Add seminar to cart and remove from cart Delete Seminar from Guide Dashboard",
              "timedOut": null,
              "duration": 23966,
              "state": "failed",
              "speed": null,
              "pass": false,
              "fail": true,
              "pending": false,
              "context": null,
              "code": "homePage.select_Login();\ncommons.set_Guide_Credentials_One();\nhomePage.submit_Credentials();\ncy.wait(3000);\nseminars.select_Cancel_Seminar();\ncy.get('#w0-success-0').should('contain', 'Seminar has been cancelled.');",
              "err": {
                "message": "AssertionError: Timed out retrying after 4000ms: Expected to find element: `.cancel-seminar`, but never found it.",
                "estack": "AssertionError: Timed out retrying after 4000ms: Expected to find element: `.cancel-seminar`, but never found it.\n    at SeminarCreationPage.select_Cancel_Seminar (https://stage.vivayalive.com/__cypress/tests?p=cypress/integration/Tests/Seminars/a18_AddSeminartoCart.spec.js:537:8)\n    at Context.eval (https://stage.vivayalive.com/__cypress/tests?p=cypress/integration/Tests/Seminars/a18_AddSeminartoCart.spec.js:219:14)",
                "diff": null
              },
              "uuid": "64dbf8ad-8aaa-47b0-b989-6ae211d4c339",
              "parentUUID": "1d8b717b-5499-4db4-ab43-388c3a0cfe3a",
              "isHook": false,
              "skipped": false
            }
          ],
          "suites": [],
          "passes": [],
          "failures": [
            "ae4f4160-0de3-48bc-b59e-fa8e3e2c894a",
            "c10c9a58-86cc-4c4a-b62b-bf6c22cb1155",
            "64dbf8ad-8aaa-47b0-b989-6ae211d4c339"
          ],
          "pending": [],
          "skipped": [],
          "duration": 62060,
          "root": false,
          "rootEmpty": false,
          "_timeout": 2000
        }
      ],
      "passes": [],
      "failures": [],
      "pending": [],
      "skipped": [],
      "duration": 0,
      "root": true,
      "rootEmpty": true,
      "_timeout": 2000
    }
  ],
  "meta": {
    "mocha": {
      "version": "7.0.1"
    },
    "mochawesome": {
      "options": {
        "quiet": true,
        "reportFilename": "mochawesome",
        "saveHtml": false,
        "saveJson": true,
        "consoleReporter": "spec",
        "useInlineDiffs": false
      },
      "version": "4.1.0"
    },
    "marge": {
      "options": {
        "reportDir": "integration-reports/integration/reports/mocha",
        "quiet": true,
        "html": false,
        "overwrite": false,
        "json": true
      },
      "version": "4.1.0"
    }
  }
}