{
  "stats": {
    "suites": 1,
    "tests": 3,
    "passes": 3,
    "pending": 0,
    "failures": 0,
    "start": "2021-03-31T01:22:38.902Z",
    "end": "2021-03-31T01:26:21.932Z",
    "duration": 223030,
    "testsRegistered": 3,
    "passPercent": 100,
    "pendingPercent": 0,
    "other": 0,
    "hasOther": false,
    "skipped": 0,
    "hasSkipped": false
  },
  "results": [
    {
      "uuid": "58850c2a-fbea-4366-8a81-7c7248765cac",
      "title": "",
      "fullFile": "cypress/integration/Tests/Seminars/a20_AddIndividualEventToCart.spec.js",
      "file": "cypress/integration/Tests/Seminars/a20_AddIndividualEventToCart.spec.js",
      "beforeHooks": [],
      "afterHooks": [],
      "tests": [],
      "suites": [
        {
          "uuid": "44351e94-a47d-4a54-8004-1fa7d79044dc",
          "title": "Seminar Creation, Cancelation and Seminar Event creation",
          "fullFile": "",
          "file": "",
          "beforeHooks": [],
          "afterHooks": [],
          "tests": [
            {
              "title": "Create Seminar",
              "fullTitle": "Seminar Creation, Cancelation and Seminar Event creation Create Seminar",
              "timedOut": null,
              "duration": 110517,
              "state": "passed",
              "speed": "slow",
              "pass": true,
              "fail": false,
              "pending": false,
              "context": null,
              "code": "homePage.select_Login();\ncommons.set_Guide_Credentials_One();\nhomePage.submit_Credentials();\ncy.wait(3000);\ndashboard.select_Add_Seminar();\nseminars.type_Seminar_Name(\"Seminar Automation\");\nseminars.add_Description(\"This is a Seminar for Automation Proj\");\nseminars.add_Custom_Start_Date(8);\nseminars.add_Custom_End_Date(15);\nseminars.select_Main_Offering('Yoga');\nseminars.add_Seminar_Price(150);\nseminars.select_Allow_Independent_Events();\nseminars.select_Publish_Button();\ncy.get('#w0-success-0').should('contain', 'Seminar has been created.');\ncy.get('h4 > a').should('contain', 'Seminar Automation');\ndashboard.add_NewEvent();\ndashboard.add_Seminar_Event();\nseminarEvent.add_Seminar_Event_Name('Seminar Event test one');\nseminarEvent.add_Description('This is a seminar Event for testing');\nseminarEvent.add_Custom_Number_Of_Days(10);\nseminarEvent.custom_End_Time(2);\nseminarEvent.select_Existing_Seminar('Seminar Automation');\nseminarEvent.select_Assign_Guide('manu rex');\ncy.get('.tt-suggestion').click();\nseminarEvent.add_EventSeminar_Price(50);\nseminarEvent.select_Add_Button();\ncy.get('#w0-success-0').should('contain', 'Events have been created.');\ndashboard.add_NewEvent();\ndashboard.add_Seminar_Event();\nseminarEvent.add_Seminar_Event_Name('Seminar Event test two');\nseminarEvent.add_Description('This is another seminar Event for testing');\nseminarEvent.add_Custom_Number_Of_Days(11);\nseminarEvent.custom_End_Time(2);\nseminarEvent.select_Existing_Seminar('Seminar Automation');\nseminarEvent.select_Assign_Guide('manu rex');\ncy.get('.tt-suggestion').click();\nseminarEvent.add_EventSeminar_Price(40);\nseminarEvent.select_Add_Button();\ncy.get('#w0-success-0').should('contain', 'Events have been created.');",
              "err": {},
              "uuid": "5e89962a-5d65-477b-b07b-829d65e1a50f",
              "parentUUID": "44351e94-a47d-4a54-8004-1fa7d79044dc",
              "isHook": false,
              "skipped": false
            },
            {
              "title": "Add seminar Event to cart and remove it",
              "fullTitle": "Seminar Creation, Cancelation and Seminar Event creation Add seminar Event to cart and remove it",
              "timedOut": null,
              "duration": 52173,
              "state": "passed",
              "speed": "slow",
              "pass": true,
              "fail": false,
              "pending": false,
              "context": null,
              "code": "homePage.select_Login();\ncommons.set_Seeker_Credentials_One();\nhomePage.submit_Credentials();\ncy.wait(3000);\ncy.get('.col-lg-8 > #footernav > :nth-child(3) > a').click();\ncy.get(':nth-child(1) > .n').click();\ncy.xpath(\"//div[@class='list-view']/div[1]//a[.='Buy Workshop']\").click();\ncy.get('.product > :nth-child(2) > h4').should('contain.text', 'Workshop: Seminar Event test one');\ncy.get('.remove-button').click();\ncy.wait(3000);\ncy.get('.btn-success').click();\ncy.get('#w0-success-0').should('contain.text', '\\n×\\n\\nItem has been removed from cart.\\n\\n');\ncy.get('.cart > .text-center').should('contain.text', 'There are no items in your cart.');",
              "err": {},
              "uuid": "bb8b5ac4-f687-469d-9499-757afaa370cb",
              "parentUUID": "44351e94-a47d-4a54-8004-1fa7d79044dc",
              "isHook": false,
              "skipped": false
            },
            {
              "title": "Delete Seminar from Guide Dashboard",
              "fullTitle": "Seminar Creation, Cancelation and Seminar Event creation Delete Seminar from Guide Dashboard",
              "timedOut": null,
              "duration": 55311,
              "state": "passed",
              "speed": "slow",
              "pass": true,
              "fail": false,
              "pending": false,
              "context": null,
              "code": "homePage.select_Login();\ncommons.set_Guide_Credentials_One();\nhomePage.submit_Credentials();\ncy.wait(3000);\nseminars.select_Cancel_Seminar();\ncy.get('#w0-success-0').should('contain', 'Seminar has been cancelled.');",
              "err": {},
              "uuid": "7c46e1af-d6ff-4f2a-b7b1-57b398d3bd99",
              "parentUUID": "44351e94-a47d-4a54-8004-1fa7d79044dc",
              "isHook": false,
              "skipped": false
            }
          ],
          "suites": [],
          "passes": [
            "5e89962a-5d65-477b-b07b-829d65e1a50f",
            "bb8b5ac4-f687-469d-9499-757afaa370cb",
            "7c46e1af-d6ff-4f2a-b7b1-57b398d3bd99"
          ],
          "failures": [],
          "pending": [],
          "skipped": [],
          "duration": 218001,
          "root": false,
          "rootEmpty": false,
          "_timeout": 2000
        }
      ],
      "passes": [],
      "failures": [],
      "pending": [],
      "skipped": [],
      "duration": 0,
      "root": true,
      "rootEmpty": true,
      "_timeout": 2000
    }
  ],
  "meta": {
    "mocha": {
      "version": "7.0.1"
    },
    "mochawesome": {
      "options": {
        "quiet": true,
        "reportFilename": "mochawesome",
        "saveHtml": false,
        "saveJson": true,
        "consoleReporter": "spec",
        "useInlineDiffs": false
      },
      "version": "4.1.0"
    },
    "marge": {
      "options": {
        "reportDir": "integration-reports/integration/reports/mocha",
        "quiet": true,
        "html": false,
        "overwrite": false,
        "json": true
      },
      "version": "4.1.0"
    }
  }
}