{
  "stats": {
    "suites": 1,
    "tests": 3,
    "passes": 2,
    "pending": 0,
    "failures": 1,
    "start": "2021-03-27T01:58:02.079Z",
    "end": "2021-03-27T01:59:22.800Z",
    "duration": 80721,
    "testsRegistered": 3,
    "passPercent": 66.66666666666666,
    "pendingPercent": 0,
    "other": 0,
    "hasOther": false,
    "skipped": 0,
    "hasSkipped": false
  },
  "results": [
    {
      "uuid": "975a6f86-caf0-4ee9-9f19-ba0cb57aeb10",
      "title": "",
      "fullFile": "cypress/integration/Tests/Seminars/a21_BuySeminar.spec.js",
      "file": "cypress/integration/Tests/Seminars/a21_BuySeminar.spec.js",
      "beforeHooks": [],
      "afterHooks": [],
      "tests": [],
      "suites": [
        {
          "uuid": "d3de5c60-0c4c-4fd9-bc12-4a483aafcd02",
          "title": "Add seminar to cart and remove from cart",
          "fullFile": "",
          "file": "",
          "beforeHooks": [],
          "afterHooks": [],
          "tests": [
            {
              "title": "Create a Seminar with one event",
              "fullTitle": "Add seminar to cart and remove from cart Create a Seminar with one event",
              "timedOut": null,
              "duration": 38694,
              "state": "passed",
              "speed": "slow",
              "pass": true,
              "fail": false,
              "pending": false,
              "context": null,
              "code": "homePage.select_Login();\ncommons.set_Guide_Credentials_One();\nhomePage.submit_Credentials();\ncy.wait(3000);\ndashboard.select_Add_Seminar();\nseminars.type_Seminar_Name(\"Seminar Automation\");\nseminars.add_Description(\"This is a Seminar for Automation Proj\");\nseminars.add_Custom_Start_Date(8);\nseminars.add_Custom_End_Date(15);\nseminars.select_Main_Offering('Yoga');\nseminars.add_Seminar_Price(150);\nseminars.select_Allow_Independent_Events();\nseminars.select_Publish_Button();\ncy.get('#w0-success-0').should('contain', 'Seminar has been created.');\ncy.get('h4 > a').should('contain', 'Seminar Automation'); //add seminar event\ndashboard.add_NewEvent();\ndashboard.add_Seminar_Event();\nseminarEvent.add_Seminar_Event_Name('Seminar Event test one');\nseminarEvent.add_Description('This is a seminar Event for testing');\nseminarEvent.add_Custom_Number_Of_Days(10);\nseminarEvent.custom_End_Time(2);\nseminarEvent.select_Existing_Seminar('Seminar Automation');\nseminarEvent.select_Assign_Guide('manu rex');\ncy.get('.tt-suggestion').click();\nseminarEvent.add_EventSeminar_Price(50);\nseminarEvent.select_Add_Button();\ncy.get('#w0-success-0').should('contain', 'Events have been created.');\nhomePage.logout_Account();",
              "err": {},
              "uuid": "c2ff6fb2-30a6-47cb-836a-7c3810480f81",
              "parentUUID": "d3de5c60-0c4c-4fd9-bc12-4a483aafcd02",
              "isHook": false,
              "skipped": false
            },
            {
              "title": "Buy Seminar",
              "fullTitle": "Add seminar to cart and remove from cart Buy Seminar",
              "timedOut": null,
              "duration": 24253,
              "state": "failed",
              "speed": null,
              "pass": false,
              "fail": true,
              "pending": false,
              "context": null,
              "code": "homePage.select_Login();\ncommons.set_Seeker_Credentials_One();\nhomePage.submit_Credentials();\ncy.wait(3000);\ncy.get('.col-lg-8 > #footernav > :nth-child(3) > a').click();\ncy.get(':nth-child(1) > .n').click();\ncy.get(':nth-child(1) > .text-center > .btn').click();\ncy.get('.product > :nth-child(2) > h4').should('contain.text', 'Seminar: Seminar Automation');\ncartPage.select_Checkout();\ncartPage.select_Confirm_Purchase();\ncy.get('.order-summary').should('contain.text', 'Purchase Confirmation');\ncy.get(':nth-child(2) > .col-md-8').should('contain.text', 'SEMINAR: Seminar Automation');\ncartPage.select_Go_ToDashboard_AfterPurchase();\ncy.scrollTo(0, 300);\ncy.get('.cancel-seminar').click();\ndashboard.confirm_Cancelation_From_Dashboard();\ncy.wait(3000);",
              "err": {
                "message": "AssertionError: Timed out retrying after 4000ms: Expected to find element: `.order-summary`, but never found it.",
                "estack": "AssertionError: Timed out retrying after 4000ms: Expected to find element: `.order-summary`, but never found it.\n    at Context.eval (https://stage.vivayalive.com/__cypress/tests?p=cypress/integration/Tests/Seminars/a21_BuySeminar.spec.js:293:30)",
                "diff": null
              },
              "uuid": "753afdba-196c-454d-b499-c56b616d2800",
              "parentUUID": "d3de5c60-0c4c-4fd9-bc12-4a483aafcd02",
              "isHook": false,
              "skipped": false
            },
            {
              "title": "Delete Seminar from Guide Dashboard",
              "fullTitle": "Add seminar to cart and remove from cart Delete Seminar from Guide Dashboard",
              "timedOut": null,
              "duration": 15475,
              "state": "passed",
              "speed": "slow",
              "pass": true,
              "fail": false,
              "pending": false,
              "context": null,
              "code": "homePage.select_Login();\ncommons.set_Guide_Credentials_One();\nhomePage.submit_Credentials();\ncy.wait(3000);\nseminars.select_Cancel_Seminar();\ncy.get('#w0-success-0').should('contain', 'Seminar has been cancelled.');",
              "err": {},
              "uuid": "7629b7e0-9073-4708-a2f6-deb540e6956f",
              "parentUUID": "d3de5c60-0c4c-4fd9-bc12-4a483aafcd02",
              "isHook": false,
              "skipped": false
            }
          ],
          "suites": [],
          "passes": [
            "c2ff6fb2-30a6-47cb-836a-7c3810480f81",
            "7629b7e0-9073-4708-a2f6-deb540e6956f"
          ],
          "failures": [
            "753afdba-196c-454d-b499-c56b616d2800"
          ],
          "pending": [],
          "skipped": [],
          "duration": 78422,
          "root": false,
          "rootEmpty": false,
          "_timeout": 2000
        }
      ],
      "passes": [],
      "failures": [],
      "pending": [],
      "skipped": [],
      "duration": 0,
      "root": true,
      "rootEmpty": true,
      "_timeout": 2000
    }
  ],
  "meta": {
    "mocha": {
      "version": "7.0.1"
    },
    "mochawesome": {
      "options": {
        "quiet": true,
        "reportFilename": "mochawesome",
        "saveHtml": false,
        "saveJson": true,
        "consoleReporter": "spec",
        "useInlineDiffs": false
      },
      "version": "4.1.0"
    },
    "marge": {
      "options": {
        "reportDir": "integration-reports/integration/reports/mocha",
        "quiet": true,
        "html": false,
        "overwrite": false,
        "json": true
      },
      "version": "4.1.0"
    }
  }
}