{
  "stats": {
    "suites": 1,
    "tests": 2,
    "passes": 2,
    "pending": 0,
    "failures": 0,
    "start": "2021-04-07T14:39:20.588Z",
    "end": "2021-04-07T14:39:54.058Z",
    "duration": 33470,
    "testsRegistered": 2,
    "passPercent": 100,
    "pendingPercent": 0,
    "other": 0,
    "hasOther": false,
    "skipped": 0,
    "hasSkipped": false
  },
  "results": [
    {
      "uuid": "455b3ba1-3c05-4488-bc17-dae2fb9c5736",
      "title": "",
      "fullFile": "cypress/integration/Tests/Basic Tests/a01_VerifyGuidesPage.spec.js",
      "file": "cypress/integration/Tests/Basic Tests/a01_VerifyGuidesPage.spec.js",
      "beforeHooks": [],
      "afterHooks": [],
      "tests": [],
      "suites": [
        {
          "uuid": "1c1a6960-1480-4537-85dd-3cb807ab57bb",
          "title": "Tests to confirm the correct rediection to Schedule and elements",
          "fullFile": "",
          "file": "",
          "beforeHooks": [],
          "afterHooks": [],
          "tests": [
            {
              "title": "Verify the Schedule page as Logged out",
              "fullTitle": "Tests to confirm the correct rediection to Schedule and elements Verify the Schedule page as Logged out",
              "timedOut": null,
              "duration": 11143,
              "state": "passed",
              "speed": "slow",
              "pass": true,
              "fail": false,
              "pending": false,
              "context": null,
              "code": "guidesPage.select_Guide_Tab_when_Logout();\ncy.url().should('eq', 'https://stage.vivayalive.com/guides');",
              "err": {},
              "uuid": "2ef725ee-317f-42e0-a340-c0962a043c5f",
              "parentUUID": "1c1a6960-1480-4537-85dd-3cb807ab57bb",
              "isHook": false,
              "skipped": false
            },
            {
              "title": "Verify the Schedule Page as Logged in user",
              "fullTitle": "Tests to confirm the correct rediection to Schedule and elements Verify the Schedule Page as Logged in user",
              "timedOut": null,
              "duration": 18365,
              "state": "passed",
              "speed": "slow",
              "pass": true,
              "fail": false,
              "pending": false,
              "context": null,
              "code": "homePage.select_Login(); //homePage.fill_Email('manu@guidetester.com')\n//homePage.fill_Password('perrodelmal')\ncommons.set_Guide_Credentials_One();\nhomePage.submit_Credentials();\ncy.wait(2000);\nguidesPage.select_Guide_Tab_when_Login();\ncy.url().should('eq', 'https://stage.vivayalive.com/guides');",
              "err": {},
              "uuid": "f76dace6-33c0-4b47-9821-0a014e4786b1",
              "parentUUID": "1c1a6960-1480-4537-85dd-3cb807ab57bb",
              "isHook": false,
              "skipped": false
            }
          ],
          "suites": [],
          "passes": [
            "2ef725ee-317f-42e0-a340-c0962a043c5f",
            "f76dace6-33c0-4b47-9821-0a014e4786b1"
          ],
          "failures": [],
          "pending": [],
          "skipped": [],
          "duration": 29508,
          "root": false,
          "rootEmpty": false,
          "_timeout": 2000
        }
      ],
      "passes": [],
      "failures": [],
      "pending": [],
      "skipped": [],
      "duration": 0,
      "root": true,
      "rootEmpty": true,
      "_timeout": 2000
    }
  ],
  "meta": {
    "mocha": {
      "version": "7.0.1"
    },
    "mochawesome": {
      "options": {
        "quiet": true,
        "reportFilename": "mochawesome",
        "saveHtml": false,
        "saveJson": true,
        "consoleReporter": "spec",
        "useInlineDiffs": false
      },
      "version": "4.1.0"
    },
    "marge": {
      "options": {
        "reportDir": "integration-reports/integration/reports/mocha",
        "quiet": true,
        "html": false,
        "overwrite": false,
        "json": true
      },
      "version": "4.1.0"
    }
  }
}