{
  "stats": {
    "suites": 1,
    "tests": 3,
    "passes": 3,
    "pending": 1,
    "failures": -1,
    "start": "2021-04-09T22:41:06.011Z",
    "end": "2021-04-09T22:45:08.088Z",
    "duration": 242077,
    "testsRegistered": 4,
    "passPercent": 100,
    "pendingPercent": 25,
    "other": 1,
    "hasOther": true,
    "skipped": 1,
    "hasSkipped": true
  },
  "results": [
    {
      "uuid": "c199054a-6c0f-4f08-9f4a-7a9752d32ac4",
      "title": "",
      "fullFile": "cypress/integration/Tests/Guide and Seeker Actions/a10_BookCancelEventfromGuidePage.spec.js",
      "file": "cypress/integration/Tests/Guide and Seeker Actions/a10_BookCancelEventfromGuidePage.spec.js",
      "beforeHooks": [],
      "afterHooks": [],
      "tests": [],
      "suites": [
        {
          "uuid": "62994b5c-9f78-42b1-a4d2-2c9f87f99144",
          "title": "Booking Event from Guide",
          "fullFile": "",
          "file": "",
          "beforeHooks": [],
          "afterHooks": [],
          "tests": [
            {
              "title": "Create an Event as a Guide",
              "fullTitle": "Booking Event from Guide Create an Event as a Guide",
              "timedOut": null,
              "duration": 67630,
              "state": "passed",
              "speed": "slow",
              "pass": true,
              "fail": false,
              "pending": false,
              "context": null,
              "code": "homePage.select_Login();\ncommons.set_Guide_Credentials_One();\nhomePage.submit_Credentials();\ndashboard.add_NewEvent();\ndashboard.add_Class();\neventCreationPage.add_EventName('class test');\ncy.wait(2000);\neventCreationPage.add_Description('This is a class test');\neventCreationPage.add_Custom_Number_Of_Days(1);\neventCreationPage.custom_Start_Time(10);\neventCreationPage.press_Add();\nhomePage.logout_Account();",
              "err": {},
              "uuid": "985ecceb-145c-4c22-bd9b-7924f339cf3c",
              "parentUUID": "62994b5c-9f78-42b1-a4d2-2c9f87f99144",
              "isHook": false,
              "skipped": false
            },
            {
              "title": "Book and cancel an event from Seeker",
              "fullTitle": "Booking Event from Guide Book and cancel an event from Seeker",
              "timedOut": null,
              "duration": 64485,
              "state": "passed",
              "speed": "slow",
              "pass": true,
              "fail": false,
              "pending": false,
              "context": null,
              "code": "homePage.select_Login();\ncommons.set_Seeker_Credentials_One();\nhomePage.submit_Credentials();\ncy.wait(2000);\nguidesPage.select_Guide_Tab_when_Login();\nguidesPage.perform_a_Search('manu rex');\ncy.wait(3000);\ncy.get('#w0 > div.row > div > a.img > img').click(); //cy.xpath(\"//a[.='guide manu rex']\").click()\ncy.scrollTo(0, 600);\ncy.get('#w0 > div > div.col-md-3.vertical-align.col-xs-6.sm-block').click();\neventDetailPage.book_Event_from_EventDetail();\neventDetailPage.cancel_Event_from_EventDetail();\neventDetailPage.confirm_Cancelation_from_EventDetail();",
              "err": {},
              "uuid": "aeffd0d2-ff2d-4d2d-9ab1-3ebe0d67bd8f",
              "parentUUID": "62994b5c-9f78-42b1-a4d2-2c9f87f99144",
              "isHook": false,
              "skipped": false
            },
            {
              "title": "Book an cancel an event from Schedule page",
              "fullTitle": "Booking Event from Guide Book an cancel an event from Schedule page",
              "timedOut": null,
              "duration": 0,
              "state": "pending",
              "speed": null,
              "pass": false,
              "fail": false,
              "pending": true,
              "context": null,
              "code": "",
              "err": {},
              "uuid": "f82fedef-b5c0-4c4c-9569-7536a45325e7",
              "parentUUID": "62994b5c-9f78-42b1-a4d2-2c9f87f99144",
              "isHook": false,
              "skipped": false
            },
            {
              "title": "Guide delete the Event from his Dashboard",
              "fullTitle": "Booking Event from Guide Guide delete the Event from his Dashboard",
              "timedOut": null,
              "duration": 44115,
              "state": "passed",
              "speed": "slow",
              "pass": true,
              "fail": false,
              "pending": false,
              "context": null,
              "code": "homePage.select_Login();\ncommons.set_Guide_Credentials_One();\nhomePage.submit_Credentials();\ndashboard.go_to_Dashboard_From_Menu();\ncy.wait(4000);\ncy.scrollTo(0, 100);\ndashboard.cancel_Created_Event();\ncy.get('#w0-success-0').should('contain', 'Event has been canceled.');",
              "err": {},
              "uuid": "92c6d357-aaca-4d34-9249-f08d67469ea3",
              "parentUUID": "62994b5c-9f78-42b1-a4d2-2c9f87f99144",
              "isHook": false,
              "skipped": false
            }
          ],
          "suites": [],
          "passes": [
            "985ecceb-145c-4c22-bd9b-7924f339cf3c",
            "aeffd0d2-ff2d-4d2d-9ab1-3ebe0d67bd8f",
            "92c6d357-aaca-4d34-9249-f08d67469ea3"
          ],
          "failures": [],
          "pending": [
            "f82fedef-b5c0-4c4c-9569-7536a45325e7"
          ],
          "skipped": [],
          "duration": 176230,
          "root": false,
          "rootEmpty": false,
          "_timeout": 2000
        }
      ],
      "passes": [],
      "failures": [],
      "pending": [],
      "skipped": [],
      "duration": 0,
      "root": true,
      "rootEmpty": true,
      "_timeout": 2000
    }
  ],
  "meta": {
    "mocha": {
      "version": "7.0.1"
    },
    "mochawesome": {
      "options": {
        "quiet": true,
        "reportFilename": "mochawesome",
        "saveHtml": false,
        "saveJson": true,
        "consoleReporter": "spec",
        "useInlineDiffs": false
      },
      "version": "4.1.0"
    },
    "marge": {
      "options": {
        "reportDir": "integration-reports/integration/reports/mocha",
        "quiet": true,
        "html": false,
        "overwrite": false,
        "json": true
      },
      "version": "4.1.0"
    }
  }
}