{
  "stats": {
    "suites": 1,
    "tests": 1,
    "passes": 1,
    "pending": 0,
    "failures": 0,
    "start": "2021-04-07T14:38:56.629Z",
    "end": "2021-04-07T14:39:13.970Z",
    "duration": 17341,
    "testsRegistered": 1,
    "passPercent": 100,
    "pendingPercent": 0,
    "other": 0,
    "hasOther": false,
    "skipped": 0,
    "hasSkipped": false
  },
  "results": [
    {
      "uuid": "13a83885-71c8-4efe-9b54-7ad3359dd955",
      "title": "",
      "fullFile": "cypress/integration/Tests/API/list.spec.js",
      "file": "cypress/integration/Tests/API/list.spec.js",
      "beforeHooks": [],
      "afterHooks": [],
      "tests": [],
      "suites": [
        {
          "uuid": "f33d95dc-7a5a-4254-b44f-b62423325759",
          "title": "get a list",
          "fullFile": "",
          "file": "",
          "beforeHooks": [],
          "afterHooks": [],
          "tests": [
            {
              "title": "print a list",
              "fullTitle": "get a list print a list",
              "timedOut": null,
              "duration": 14252,
              "state": "passed",
              "speed": "slow",
              "pass": true,
              "fail": false,
              "pending": false,
              "context": null,
              "code": "cy.visit('https://ultimateqa.com/complicated-page');\ncy.wait(3000);\ncy.scrollTo(0, 1000);\nvar val1 = cy.get('.et_pb_column_10 > .et_pb_module > #lpwtoc_widget-2 > .lwptoc > .lwptoc_i > .lwptoc_items > :nth-child(1) > :nth-child(1) > a > .lwptoc_item_label');\nconsole.log(val1);",
              "err": {},
              "uuid": "d0446ebb-5ea2-466c-8cfe-cb78fe272bfb",
              "parentUUID": "f33d95dc-7a5a-4254-b44f-b62423325759",
              "isHook": false,
              "skipped": false
            }
          ],
          "suites": [],
          "passes": [
            "d0446ebb-5ea2-466c-8cfe-cb78fe272bfb"
          ],
          "failures": [],
          "pending": [],
          "skipped": [],
          "duration": 14252,
          "root": false,
          "rootEmpty": false,
          "_timeout": 2000
        }
      ],
      "passes": [],
      "failures": [],
      "pending": [],
      "skipped": [],
      "duration": 0,
      "root": true,
      "rootEmpty": true,
      "_timeout": 2000
    }
  ],
  "meta": {
    "mocha": {
      "version": "7.0.1"
    },
    "mochawesome": {
      "options": {
        "quiet": true,
        "reportFilename": "mochawesome",
        "saveHtml": false,
        "saveJson": true,
        "consoleReporter": "spec",
        "useInlineDiffs": false
      },
      "version": "4.1.0"
    },
    "marge": {
      "options": {
        "reportDir": "integration-reports/integration/reports/mocha",
        "quiet": true,
        "html": false,
        "overwrite": false,
        "json": true
      },
      "version": "4.1.0"
    }
  }
}