{
  "stats": {
    "suites": 1,
    "tests": 2,
    "passes": 2,
    "pending": 0,
    "failures": 0,
    "start": "2021-03-30T15:54:10.968Z",
    "end": "2021-03-30T15:54:34.199Z",
    "duration": 23231,
    "testsRegistered": 2,
    "passPercent": 100,
    "pendingPercent": 0,
    "other": 0,
    "hasOther": false,
    "skipped": 0,
    "hasSkipped": false
  },
  "results": [
    {
      "uuid": "d67459e8-9b10-479e-8f7f-b48dbf6ef377",
      "title": "",
      "fullFile": "cypress/integration/Tests/Basic Tests/a03_VerifyWhatWeOfferPage.spec.js",
      "file": "cypress/integration/Tests/Basic Tests/a03_VerifyWhatWeOfferPage.spec.js",
      "beforeHooks": [],
      "afterHooks": [],
      "tests": [],
      "suites": [
        {
          "uuid": "4869908d-3eca-4f58-9f95-29cc0ea09c6d",
          "title": "Tests to confirm the correct rediection to Schedule and elements",
          "fullFile": "",
          "file": "",
          "beforeHooks": [],
          "afterHooks": [],
          "tests": [
            {
              "title": "Verify the Schedule page as Logged out",
              "fullTitle": "Tests to confirm the correct rediection to Schedule and elements Verify the Schedule page as Logged out",
              "timedOut": null,
              "duration": 6745,
              "state": "passed",
              "speed": "slow",
              "pass": true,
              "fail": false,
              "pending": false,
              "context": null,
              "code": "whatWeOffer.select_WhatweOffer_When_Logout();\ncy.url().should('eq', 'https://stage.vivayalive.com/offerings');\ncy.get('.text-center > strong').should('contain', 'VIVAYA Offerings');",
              "err": {},
              "uuid": "67b5d8e2-c9cd-4123-b0b3-11e380982c2b",
              "parentUUID": "4869908d-3eca-4f58-9f95-29cc0ea09c6d",
              "isHook": false,
              "skipped": false
            },
            {
              "title": "Verify the Schedule Page as Logged in user",
              "fullTitle": "Tests to confirm the correct rediection to Schedule and elements Verify the Schedule Page as Logged in user",
              "timedOut": null,
              "duration": 10576,
              "state": "passed",
              "speed": "slow",
              "pass": true,
              "fail": false,
              "pending": false,
              "context": null,
              "code": "homePage.select_Login();\ncommons.set_Seeker_Credentials_One();\nhomePage.submit_Credentials();\ncy.wait(2000);\nwhatWeOffer.select_WhatweOffer_When_Login();\ncy.url().should('eq', 'https://stage.vivayalive.com/offerings');\ncy.get('.text-center > strong').should('contain', 'VIVAYA Offerings');",
              "err": {},
              "uuid": "c2ca948a-c76b-4bfd-a9e4-9b4570a97911",
              "parentUUID": "4869908d-3eca-4f58-9f95-29cc0ea09c6d",
              "isHook": false,
              "skipped": false
            }
          ],
          "suites": [],
          "passes": [
            "67b5d8e2-c9cd-4123-b0b3-11e380982c2b",
            "c2ca948a-c76b-4bfd-a9e4-9b4570a97911"
          ],
          "failures": [],
          "pending": [],
          "skipped": [],
          "duration": 17321,
          "root": false,
          "rootEmpty": false,
          "_timeout": 2000
        }
      ],
      "passes": [],
      "failures": [],
      "pending": [],
      "skipped": [],
      "duration": 0,
      "root": true,
      "rootEmpty": true,
      "_timeout": 2000
    }
  ],
  "meta": {
    "mocha": {
      "version": "7.0.1"
    },
    "mochawesome": {
      "options": {
        "quiet": true,
        "reportFilename": "mochawesome",
        "saveHtml": false,
        "saveJson": true,
        "consoleReporter": "spec",
        "useInlineDiffs": false
      },
      "version": "4.1.0"
    },
    "marge": {
      "options": {
        "reportDir": "integration-reports/integration/reports/mocha",
        "quiet": true,
        "html": false,
        "overwrite": false,
        "json": true
      },
      "version": "4.1.0"
    }
  }
}