{
  "stats": {
    "suites": 1,
    "tests": 2,
    "passes": 0,
    "pending": 0,
    "failures": 2,
    "start": "2021-03-27T01:47:38.858Z",
    "end": "2021-03-27T01:48:35.583Z",
    "duration": 56725,
    "testsRegistered": 2,
    "passPercent": 0,
    "pendingPercent": 0,
    "other": 0,
    "hasOther": false,
    "skipped": 0,
    "hasSkipped": false
  },
  "results": [
    {
      "uuid": "2af3df61-c42e-42b1-a1d4-c5c10fc6c113",
      "title": "",
      "fullFile": "cypress/integration/Tests/Guide and Seeker Actions/a13_EventisStarted.spec.js",
      "file": "cypress/integration/Tests/Guide and Seeker Actions/a13_EventisStarted.spec.js",
      "beforeHooks": [],
      "afterHooks": [],
      "tests": [],
      "suites": [
        {
          "uuid": "2894ee52-3ec2-4a54-9057-44363f52b184",
          "title": "Start event from Guide side and Join from Seeker side",
          "fullFile": "",
          "file": "",
          "beforeHooks": [],
          "afterHooks": [],
          "tests": [
            {
              "title": "Start Event as Guide",
              "fullTitle": "Start event from Guide side and Join from Seeker side Start Event as Guide",
              "timedOut": null,
              "duration": 20354,
              "state": "failed",
              "speed": null,
              "pass": false,
              "fail": true,
              "pending": false,
              "context": null,
              "code": "homePage.select_Login();\nhomePage.fill_Email('guide@tester1.com');\nhomePage.fill_Password('perrodelmal');\nhomePage.submit_Credentials();\ncy.wait(8000);\ndashboard.press_Start_Event_Button();\ncy.xpath('//*[@id=\"fbStart\"]').should('contain', 'Rejoin Event');\nhomePage.logout_Account();",
              "err": {
                "message": "AssertionError: Timed out retrying after 4000ms: Expected to find element: `#fbStart`, but never found it.",
                "estack": "AssertionError: Timed out retrying after 4000ms: Expected to find element: `#fbStart`, but never found it.\n    at Dashboard.press_Start_Event_Button (https://stage.vivayalive.com/__cypress/tests?p=cypress/integration/Tests/Guide%20and%20Seeker%20Actions/a13_EventisStarted.spec.js:317:33)\n    at Context.eval (https://stage.vivayalive.com/__cypress/tests?p=cypress/integration/Tests/Guide%20and%20Seeker%20Actions/a13_EventisStarted.spec.js:251:15)",
                "diff": null
              },
              "uuid": "8fea353c-c8d7-4f90-acfc-ac46a988b23e",
              "parentUUID": "2894ee52-3ec2-4a54-9057-44363f52b184",
              "isHook": false,
              "skipped": false
            },
            {
              "title": "Seeker Book and Join Event",
              "fullTitle": "Start event from Guide side and Join from Seeker side Seeker Book and Join Event",
              "timedOut": null,
              "duration": 33955,
              "state": "failed",
              "speed": null,
              "pass": false,
              "fail": true,
              "pending": false,
              "context": null,
              "code": "homePage.select_Login();\nhomePage.fill_Email('horcosio@gmail.com');\nhomePage.fill_Password('perrodelmal');\nhomePage.submit_Credentials();\ncy.wait(3000);\nhomePage.go_Home();\ncy.scrollTo(0, 1300);\nhomePage.select_First_Event_Upcoming_Section();\nhomePage.go_Home();\ncy.scrollTo(0, 1300);\ncy.wait(6000);\nhomePage.join_Event_From_Home();\ncy.get('.join-event').should('contain', 'Join Event');",
              "err": {
                "message": "AssertionError: Timed out retrying after 4000ms: Expected to find element: `.join-event`, but never found it.",
                "estack": "AssertionError: Timed out retrying after 4000ms: Expected to find element: `.join-event`, but never found it.\n    at HomePage.join_Event_From_Home (https://stage.vivayalive.com/__cypress/tests?p=cypress/integration/Tests/Guide%20and%20Seeker%20Actions/a13_EventisStarted.spec.js:647:10)\n    at Context.eval (https://stage.vivayalive.com/__cypress/tests?p=cypress/integration/Tests/Guide%20and%20Seeker%20Actions/a13_EventisStarted.spec.js:267:14)",
                "diff": null
              },
              "uuid": "fd99ae43-9f86-422e-8b97-0b6f9c56022f",
              "parentUUID": "2894ee52-3ec2-4a54-9057-44363f52b184",
              "isHook": false,
              "skipped": false
            }
          ],
          "suites": [],
          "passes": [],
          "failures": [
            "8fea353c-c8d7-4f90-acfc-ac46a988b23e",
            "fd99ae43-9f86-422e-8b97-0b6f9c56022f"
          ],
          "pending": [],
          "skipped": [],
          "duration": 54309,
          "root": false,
          "rootEmpty": false,
          "_timeout": 2000
        }
      ],
      "passes": [],
      "failures": [],
      "pending": [],
      "skipped": [],
      "duration": 0,
      "root": true,
      "rootEmpty": true,
      "_timeout": 2000
    }
  ],
  "meta": {
    "mocha": {
      "version": "7.0.1"
    },
    "mochawesome": {
      "options": {
        "quiet": true,
        "reportFilename": "mochawesome",
        "saveHtml": false,
        "saveJson": true,
        "consoleReporter": "spec",
        "useInlineDiffs": false
      },
      "version": "4.1.0"
    },
    "marge": {
      "options": {
        "reportDir": "integration-reports/integration/reports/mocha",
        "quiet": true,
        "html": false,
        "overwrite": false,
        "json": true
      },
      "version": "4.1.0"
    }
  }
}