{
  "stats": {
    "suites": 1,
    "tests": 2,
    "passes": 2,
    "pending": 0,
    "failures": 0,
    "start": "2021-04-07T16:42:36.545Z",
    "end": "2021-04-07T16:43:11.262Z",
    "duration": 34717,
    "testsRegistered": 2,
    "passPercent": 100,
    "pendingPercent": 0,
    "other": 0,
    "hasOther": false,
    "skipped": 0,
    "hasSkipped": false
  },
  "results": [
    {
      "uuid": "47843327-9085-431e-9dc7-37f790b7976e",
      "title": "",
      "fullFile": "cypress/integration/Tests/Basic Tests/a03_VerifyWhatWeOfferPage.spec.js",
      "file": "cypress/integration/Tests/Basic Tests/a03_VerifyWhatWeOfferPage.spec.js",
      "beforeHooks": [],
      "afterHooks": [],
      "tests": [],
      "suites": [
        {
          "uuid": "d2aa017a-b885-4adb-bf71-959d4272aac9",
          "title": "Tests to confirm the correct rediection to Schedule and elements",
          "fullFile": "",
          "file": "",
          "beforeHooks": [],
          "afterHooks": [],
          "tests": [
            {
              "title": "Verify the Schedule page as Logged out",
              "fullTitle": "Tests to confirm the correct rediection to Schedule and elements Verify the Schedule page as Logged out",
              "timedOut": null,
              "duration": 10506,
              "state": "passed",
              "speed": "slow",
              "pass": true,
              "fail": false,
              "pending": false,
              "context": null,
              "code": "whatWeOffer.select_WhatweOffer_When_Logout();\ncy.url().should('eq', 'https://stage.vivayalive.com/offerings');\ncy.get('.text-center > strong').should('contain', 'VIVAYA Offerings');",
              "err": {},
              "uuid": "adbc2be5-3b2b-4900-9a2f-ddee7a8c3406",
              "parentUUID": "d2aa017a-b885-4adb-bf71-959d4272aac9",
              "isHook": false,
              "skipped": false
            },
            {
              "title": "Verify the Schedule Page as Logged in user",
              "fullTitle": "Tests to confirm the correct rediection to Schedule and elements Verify the Schedule Page as Logged in user",
              "timedOut": null,
              "duration": 16348,
              "state": "passed",
              "speed": "slow",
              "pass": true,
              "fail": false,
              "pending": false,
              "context": null,
              "code": "homePage.select_Login();\ncommons.set_Seeker_Credentials_One();\nhomePage.submit_Credentials();\ncy.wait(2000);\nwhatWeOffer.select_WhatweOffer_When_Login();\ncy.url().should('eq', 'https://stage.vivayalive.com/offerings');\ncy.get('.text-center > strong').should('contain', 'VIVAYA Offerings');",
              "err": {},
              "uuid": "2fd9db3d-0434-4008-b14e-5ba221c6d177",
              "parentUUID": "d2aa017a-b885-4adb-bf71-959d4272aac9",
              "isHook": false,
              "skipped": false
            }
          ],
          "suites": [],
          "passes": [
            "adbc2be5-3b2b-4900-9a2f-ddee7a8c3406",
            "2fd9db3d-0434-4008-b14e-5ba221c6d177"
          ],
          "failures": [],
          "pending": [],
          "skipped": [],
          "duration": 26854,
          "root": false,
          "rootEmpty": false,
          "_timeout": 2000
        }
      ],
      "passes": [],
      "failures": [],
      "pending": [],
      "skipped": [],
      "duration": 0,
      "root": true,
      "rootEmpty": true,
      "_timeout": 2000
    }
  ],
  "meta": {
    "mocha": {
      "version": "7.0.1"
    },
    "mochawesome": {
      "options": {
        "quiet": true,
        "reportFilename": "mochawesome",
        "saveHtml": false,
        "saveJson": true,
        "consoleReporter": "spec",
        "useInlineDiffs": false
      },
      "version": "4.1.0"
    },
    "marge": {
      "options": {
        "reportDir": "integration-reports/integration/reports/mocha",
        "quiet": true,
        "html": false,
        "overwrite": false,
        "json": true
      },
      "version": "4.1.0"
    }
  }
}