{
  "stats": {
    "suites": 1,
    "tests": 2,
    "passes": 2,
    "pending": 0,
    "failures": 0,
    "start": "2021-04-08T21:43:36.559Z",
    "end": "2021-04-08T21:44:13.023Z",
    "duration": 36464,
    "testsRegistered": 2,
    "passPercent": 100,
    "pendingPercent": 0,
    "other": 0,
    "hasOther": false,
    "skipped": 0,
    "hasSkipped": false
  },
  "results": [
    {
      "uuid": "730fdf11-2380-4fa3-b9dc-061694e57283",
      "title": "",
      "fullFile": "cypress/integration/Tests/Basic Tests/a01_VerifyGuidesPage.spec.js",
      "file": "cypress/integration/Tests/Basic Tests/a01_VerifyGuidesPage.spec.js",
      "beforeHooks": [],
      "afterHooks": [],
      "tests": [],
      "suites": [
        {
          "uuid": "1a079704-93c8-46d6-8466-d765fc038152",
          "title": "Tests to confirm the correct rediection to Schedule and elements",
          "fullFile": "",
          "file": "",
          "beforeHooks": [],
          "afterHooks": [],
          "tests": [
            {
              "title": "Verify the Schedule page as Logged out",
              "fullTitle": "Tests to confirm the correct rediection to Schedule and elements Verify the Schedule page as Logged out",
              "timedOut": null,
              "duration": 13186,
              "state": "passed",
              "speed": "slow",
              "pass": true,
              "fail": false,
              "pending": false,
              "context": null,
              "code": "guidesPage.select_Guide_Tab_when_Logout();\ncy.url().should('eq', 'https://stage.vivayalive.com/guides');",
              "err": {},
              "uuid": "edcadd23-56aa-443a-9ceb-88a42136303e",
              "parentUUID": "1a079704-93c8-46d6-8466-d765fc038152",
              "isHook": false,
              "skipped": false
            },
            {
              "title": "Verify the Schedule Page as Logged in user",
              "fullTitle": "Tests to confirm the correct rediection to Schedule and elements Verify the Schedule Page as Logged in user",
              "timedOut": null,
              "duration": 18863,
              "state": "passed",
              "speed": "slow",
              "pass": true,
              "fail": false,
              "pending": false,
              "context": null,
              "code": "homePage.select_Login(); //homePage.fill_Email('manu@guidetester.com')\n//homePage.fill_Password('perrodelmal')\ncommons.set_Guide_Credentials_One();\nhomePage.submit_Credentials();\ncy.wait(2000);\nguidesPage.select_Guide_Tab_when_Login();\ncy.url().should('eq', 'https://stage.vivayalive.com/guides');",
              "err": {},
              "uuid": "7d3cf441-a056-4f99-bdef-cd0926119727",
              "parentUUID": "1a079704-93c8-46d6-8466-d765fc038152",
              "isHook": false,
              "skipped": false
            }
          ],
          "suites": [],
          "passes": [
            "edcadd23-56aa-443a-9ceb-88a42136303e",
            "7d3cf441-a056-4f99-bdef-cd0926119727"
          ],
          "failures": [],
          "pending": [],
          "skipped": [],
          "duration": 32049,
          "root": false,
          "rootEmpty": false,
          "_timeout": 2000
        }
      ],
      "passes": [],
      "failures": [],
      "pending": [],
      "skipped": [],
      "duration": 0,
      "root": true,
      "rootEmpty": true,
      "_timeout": 2000
    }
  ],
  "meta": {
    "mocha": {
      "version": "7.0.1"
    },
    "mochawesome": {
      "options": {
        "quiet": true,
        "reportFilename": "mochawesome",
        "saveHtml": false,
        "saveJson": true,
        "consoleReporter": "spec",
        "useInlineDiffs": false
      },
      "version": "4.1.0"
    },
    "marge": {
      "options": {
        "reportDir": "integration-reports/integration/reports/mocha",
        "quiet": true,
        "html": false,
        "overwrite": false,
        "json": true
      },
      "version": "4.1.0"
    }
  }
}