{
  "stats": {
    "suites": 1,
    "tests": 3,
    "passes": 2,
    "pending": 1,
    "failures": 0,
    "start": "2021-04-09T22:50:25.484Z",
    "end": "2021-04-09T22:52:03.674Z",
    "duration": 98190,
    "testsRegistered": 3,
    "passPercent": 100,
    "pendingPercent": 33.33333333333333,
    "other": 0,
    "hasOther": false,
    "skipped": 0,
    "hasSkipped": false
  },
  "results": [
    {
      "uuid": "76fa89b8-5df9-4251-a679-b34f8c294e15",
      "title": "",
      "fullFile": "cypress/integration/Tests/Guide and Seeker Actions/a12_BookEventfromHome.spec.js",
      "file": "cypress/integration/Tests/Guide and Seeker Actions/a12_BookEventfromHome.spec.js",
      "beforeHooks": [],
      "afterHooks": [],
      "tests": [],
      "suites": [
        {
          "uuid": "cb301439-f715-4e2e-bc22-51bee70bba55",
          "title": "Booking Events",
          "fullFile": "",
          "file": "",
          "beforeHooks": [],
          "afterHooks": [],
          "tests": [
            {
              "title": "Create an Event as a Guide",
              "fullTitle": "Booking Events Create an Event as a Guide",
              "timedOut": null,
              "duration": 48701,
              "state": "passed",
              "speed": "slow",
              "pass": true,
              "fail": false,
              "pending": false,
              "context": null,
              "code": "homePage.select_Login();\ncommons.set_Guide_Credentials_One();\nhomePage.submit_Credentials();\ndashboard.add_NewEvent();\ndashboard.add_Class();\neventCreationPage.add_EventName('class test');\ncy.wait(2000);\neventCreationPage.add_Description('This is a class test');\neventCreationPage.add_Current_Date();\neventCreationPage.custom_Start_Time(5);\neventCreationPage.press_Add();",
              "err": {},
              "uuid": "f7ca60b4-9c0e-4c8f-b302-9526d56eb2da",
              "parentUUID": "cb301439-f715-4e2e-bc22-51bee70bba55",
              "isHook": false,
              "skipped": false
            },
            {
              "title": "Book the Last Event from Home page",
              "fullTitle": "Booking Events Book the Last Event from Home page",
              "timedOut": null,
              "duration": 45197,
              "state": "passed",
              "speed": "slow",
              "pass": true,
              "fail": false,
              "pending": false,
              "context": null,
              "code": "homePage.select_Login();\ncommons.set_Seeker_Credentials_One();\nhomePage.submit_Credentials();\ncy.wait(3000);\nhomePage.go_Home();\ncy.scrollTo(0, 1300);\nhomePage.select_First_Event_Upcoming_Section(); //eventDetailPage.book_Event_from_EventDetail()\ncy.wait(2000);\neventDetailPage.cancel_Event_from_EventDetail();\neventDetailPage.confirm_Cancelation_from_EventDetail();",
              "err": {},
              "uuid": "64067631-d52e-4c00-9fde-7c6b43f8b919",
              "parentUUID": "cb301439-f715-4e2e-bc22-51bee70bba55",
              "isHook": false,
              "skipped": false
            },
            {
              "title": "Guide delete the Event from his Dashboard",
              "fullTitle": "Booking Events Guide delete the Event from his Dashboard",
              "timedOut": null,
              "duration": 0,
              "state": "pending",
              "speed": null,
              "pass": false,
              "fail": false,
              "pending": true,
              "context": null,
              "code": "",
              "err": {},
              "uuid": "0b872268-811c-44a4-8768-1f3b9d8c26bf",
              "parentUUID": "cb301439-f715-4e2e-bc22-51bee70bba55",
              "isHook": false,
              "skipped": false
            }
          ],
          "suites": [],
          "passes": [
            "f7ca60b4-9c0e-4c8f-b302-9526d56eb2da",
            "64067631-d52e-4c00-9fde-7c6b43f8b919"
          ],
          "failures": [],
          "pending": [
            "0b872268-811c-44a4-8768-1f3b9d8c26bf"
          ],
          "skipped": [],
          "duration": 93898,
          "root": false,
          "rootEmpty": false,
          "_timeout": 2000
        }
      ],
      "passes": [],
      "failures": [],
      "pending": [],
      "skipped": [],
      "duration": 0,
      "root": true,
      "rootEmpty": true,
      "_timeout": 2000
    }
  ],
  "meta": {
    "mocha": {
      "version": "7.0.1"
    },
    "mochawesome": {
      "options": {
        "quiet": true,
        "reportFilename": "mochawesome",
        "saveHtml": false,
        "saveJson": true,
        "consoleReporter": "spec",
        "useInlineDiffs": false
      },
      "version": "4.1.0"
    },
    "marge": {
      "options": {
        "reportDir": "integration-reports/integration/reports/mocha",
        "quiet": true,
        "html": false,
        "overwrite": false,
        "json": true
      },
      "version": "4.1.0"
    }
  }
}