{
  "stats": {
    "suites": 1,
    "tests": 3,
    "passes": 0,
    "pending": 0,
    "failures": 3,
    "start": "2021-03-30T00:29:18.099Z",
    "end": "2021-03-30T00:30:36.843Z",
    "duration": 78744,
    "testsRegistered": 3,
    "passPercent": 0,
    "pendingPercent": 0,
    "other": 0,
    "hasOther": false,
    "skipped": 0,
    "hasSkipped": false
  },
  "results": [
    {
      "uuid": "cb0e91c1-d900-4932-af51-41c79c0109f0",
      "title": "",
      "fullFile": "cypress/integration/Tests/Guide and Seeker Actions/a08_CreateEvent.spec.js",
      "file": "cypress/integration/Tests/Guide and Seeker Actions/a08_CreateEvent.spec.js",
      "beforeHooks": [],
      "afterHooks": [],
      "tests": [],
      "suites": [
        {
          "uuid": "8cef0982-e50a-4014-b9e4-deccadddb093",
          "title": "Events Creation",
          "fullFile": "",
          "file": "",
          "beforeHooks": [],
          "afterHooks": [],
          "tests": [
            {
              "title": "Create and Cancel Workshop Event",
              "fullTitle": "Events Creation Create and Cancel Workshop Event",
              "timedOut": null,
              "duration": 25687,
              "state": "failed",
              "speed": null,
              "pass": false,
              "fail": true,
              "pending": false,
              "context": null,
              "code": "dashboard.add_NewEvent();\ndashboard.add_Workshop();\neventCreationPage.add_EventName('Workshop1');\ncy.wait(2000);\neventCreationPage.add_Description('This is a Test Workshop');\neventCreationPage.add_Custom_Number_Of_Days(2);\neventCreationPage.add_Price('40');\neventCreationPage.press_Add();\ncy.get('#w0-success-0').should('contain', 'Events have been created.');\ncy.wait(3000);\ndashboard.cancel_Created_Event();\ncy.get('#w0-success-0').should('contain', 'Event has been canceled.');",
              "err": {
                "message": "CypressError: `cy.click()` can only be called on a single element. Your subject contained 9 elements. Pass `{ multiple: true }` if you want to serially click each element.\n\nhttps://on.cypress.io/click",
                "estack": "CypressError: `cy.click()` can only be called on a single element. Your subject contained 9 elements. Pass `{ multiple: true }` if you want to serially click each element.\n\nhttps://on.cypress.io/click\n    at mouseAction (https://stage.vivayalive.com/__cypress/runner/cypress_runner.js:153308:17)\n    at Context.click (https://stage.vivayalive.com/__cypress/runner/cypress_runner.js:153482:14)\n    at Context.<anonymous> (https://stage.vivayalive.com/__cypress/runner/cypress_runner.js:171546:21)\nFrom Your Spec Code:\n    at Dashboard.cancel_Created_Event (https://stage.vivayalive.com/__cypress/tests?p=cypress/integration/Tests/Guide%20and%20Seeker%20Actions/a08_CreateEvent.spec.js:388:31)\n    at Context.eval (https://stage.vivayalive.com/__cypress/tests?p=cypress/integration/Tests/Guide%20and%20Seeker%20Actions/a08_CreateEvent.spec.js:265:15)",
                "diff": null
              },
              "uuid": "7b3c7274-e957-44a1-b9c0-e90acf0c68dc",
              "parentUUID": "8cef0982-e50a-4014-b9e4-deccadddb093",
              "isHook": false,
              "skipped": false
            },
            {
              "title": "Create and Cancel Class Event",
              "fullTitle": "Events Creation Create and Cancel Class Event",
              "timedOut": null,
              "duration": 24691,
              "state": "failed",
              "speed": null,
              "pass": false,
              "fail": true,
              "pending": false,
              "context": null,
              "code": "dashboard.add_NewEvent();\ndashboard.add_Class();\neventCreationPage.add_EventName('Class1');\ncy.wait(2000);\neventCreationPage.add_Description('This is a Test Class');\neventCreationPage.add_Custom_Number_Of_Days(2);\neventCreationPage.custom_Start_Time(5);\neventCreationPage.press_Add();\ncy.get('#w0-success-0').should('contain', 'Events have been created.');\ncy.wait(5000);\ndashboard.cancel_Created_Event();\ncy.get('#w0-success-0').should('contain', 'Event has been canceled.');",
              "err": {
                "message": "AssertionError: Timed out retrying after 4000ms: Expected to find element: `#w0-success-0`, but never found it.",
                "estack": "AssertionError: Timed out retrying after 4000ms: Expected to find element: `#w0-success-0`, but never found it.\n    at Context.eval (https://stage.vivayalive.com/__cypress/tests?p=cypress/integration/Tests/Guide%20and%20Seeker%20Actions/a08_CreateEvent.spec.js:277:29)",
                "diff": null
              },
              "uuid": "eb5227fe-fddb-4ede-8f8f-d2d85e16ce63",
              "parentUUID": "8cef0982-e50a-4014-b9e4-deccadddb093",
              "isHook": false,
              "skipped": false
            },
            {
              "title": "Create and Cancel One on One",
              "fullTitle": "Events Creation Create and Cancel One on One",
              "timedOut": null,
              "duration": 26242,
              "state": "failed",
              "speed": null,
              "pass": false,
              "fail": true,
              "pending": false,
              "context": null,
              "code": "dashboard.add_NewEvent();\ndashboard.add_One_One();\neventCreationPage.add_EventName('One-One');\ncy.wait(2000);\neventCreationPage.add_Description('This is a Test for One on One');\neventCreationPage.add_Custom_Number_Of_Days(3);\neventCreationPage.custom_Start_Time(5);\ncy.get('#eventform-session_offering_id > :nth-child(1) > label > input').click();\ncy.get('#eventform-session_offering_id > :nth-child(2) > label > input').click();\ncy.get('#eventform-session_offering_id > :nth-child(3) > label > input').click();\neventCreationPage.press_Add();\ncy.get('#w0-success-0').should('contain', 'Events have been created.');\ncy.wait(5000);\ndashboard.cancel_Created_Event();\ncy.get('#w0-success-0').should('contain', 'Event has been canceled.');",
              "err": {
                "message": "AssertionError: Timed out retrying after 4000ms: Expected to find element: `#w0-success-0`, but never found it.",
                "estack": "AssertionError: Timed out retrying after 4000ms: Expected to find element: `#w0-success-0`, but never found it.\n    at Context.eval (https://stage.vivayalive.com/__cypress/tests?p=cypress/integration/Tests/Guide%20and%20Seeker%20Actions/a08_CreateEvent.spec.js:294:29)",
                "diff": null
              },
              "uuid": "1e2bb158-522b-4133-86ef-d279d7af809b",
              "parentUUID": "8cef0982-e50a-4014-b9e4-deccadddb093",
              "isHook": false,
              "skipped": false
            }
          ],
          "suites": [],
          "passes": [],
          "failures": [
            "7b3c7274-e957-44a1-b9c0-e90acf0c68dc",
            "eb5227fe-fddb-4ede-8f8f-d2d85e16ce63",
            "1e2bb158-522b-4133-86ef-d279d7af809b"
          ],
          "pending": [],
          "skipped": [],
          "duration": 76620,
          "root": false,
          "rootEmpty": false,
          "_timeout": 2000
        }
      ],
      "passes": [],
      "failures": [],
      "pending": [],
      "skipped": [],
      "duration": 0,
      "root": true,
      "rootEmpty": true,
      "_timeout": 2000
    }
  ],
  "meta": {
    "mocha": {
      "version": "7.0.1"
    },
    "mochawesome": {
      "options": {
        "quiet": true,
        "reportFilename": "mochawesome",
        "saveHtml": false,
        "saveJson": true,
        "consoleReporter": "spec",
        "useInlineDiffs": false
      },
      "version": "4.1.0"
    },
    "marge": {
      "options": {
        "reportDir": "integration-reports/integration/reports/mocha",
        "quiet": true,
        "html": false,
        "overwrite": false,
        "json": true
      },
      "version": "4.1.0"
    }
  }
}