{
  "stats": {
    "suites": 1,
    "tests": 3,
    "passes": 1,
    "pending": 1,
    "failures": 1,
    "start": "2021-03-30T16:56:22.264Z",
    "end": "2021-03-30T16:58:20.397Z",
    "duration": 118133,
    "testsRegistered": 4,
    "passPercent": 33.33333333333333,
    "pendingPercent": 25,
    "other": 1,
    "hasOther": true,
    "skipped": 1,
    "hasSkipped": true
  },
  "results": [
    {
      "uuid": "2095102f-dbf3-428b-8b0d-a32875953803",
      "title": "",
      "fullFile": "cypress/integration/Tests/Guide and Seeker Actions/a10_BookCancelEventfromGuidePage.spec.js",
      "file": "cypress/integration/Tests/Guide and Seeker Actions/a10_BookCancelEventfromGuidePage.spec.js",
      "beforeHooks": [],
      "afterHooks": [],
      "tests": [],
      "suites": [
        {
          "uuid": "f23fc757-4b74-4215-850e-65278cd22b55",
          "title": "Booking Event from Guide",
          "fullFile": "",
          "file": "",
          "beforeHooks": [],
          "afterHooks": [],
          "tests": [
            {
              "title": "Create an Event as a Guide",
              "fullTitle": "Booking Event from Guide Create an Event as a Guide",
              "timedOut": null,
              "duration": 60803,
              "state": "passed",
              "speed": "slow",
              "pass": true,
              "fail": false,
              "pending": false,
              "context": null,
              "code": "homePage.select_Login();\ncommons.set_Guide_Credentials_One();\nhomePage.submit_Credentials();\ndashboard.add_NewEvent();\ndashboard.add_Class();\neventCreationPage.add_EventName('class test');\ncy.wait(2000);\neventCreationPage.add_Description('This is a class test');\neventCreationPage.add_Custom_Number_Of_Days(1);\neventCreationPage.custom_Start_Time(10);\neventCreationPage.press_Add();\nhomePage.logout_Account();",
              "err": {},
              "uuid": "f49dfe95-afa1-4c20-b1ea-14d32d5aacfb",
              "parentUUID": "f23fc757-4b74-4215-850e-65278cd22b55",
              "isHook": false,
              "skipped": false
            },
            {
              "title": "Book and cancel an event from Seeker",
              "fullTitle": "Booking Event from Guide Book and cancel an event from Seeker",
              "timedOut": null,
              "duration": 31750,
              "state": "failed",
              "speed": null,
              "pass": false,
              "fail": true,
              "pending": false,
              "context": null,
              "code": "homePage.select_Login();\ncommons.set_Seeker_Credentials_One();\nhomePage.submit_Credentials();\ncy.wait(2000);\nguidesPage.select_Guide_Tab_when_Login();\nguidesPage.perform_a_Search('manu rex');\ncy.wait(3000);\ncy.get('#w0 > div.row > div > a.img > img').click(); //cy.xpath(\"//a[.='guide manu rex']\").click()\ncy.scrollTo(0, 600);\ncy.get('#w0 > div > div.col-md-3.vertical-align.col-xs-6.sm-block').click();\neventDetailPage.book_Event_from_EventDetail();\neventDetailPage.cancel_Event_from_EventDetail();\neventDetailPage.confirm_Cancelation_from_EventDetail();",
              "err": {
                "message": "CypressError: `cy.click()` can only be called on a single element. Your subject contained 2 elements. Pass `{ multiple: true }` if you want to serially click each element.\n\nhttps://on.cypress.io/click",
                "estack": "CypressError: `cy.click()` can only be called on a single element. Your subject contained 2 elements. Pass `{ multiple: true }` if you want to serially click each element.\n\nhttps://on.cypress.io/click\n    at mouseAction (https://stage.vivayalive.com/__cypress/runner/cypress_runner.js:153308:17)\n    at Context.click (https://stage.vivayalive.com/__cypress/runner/cypress_runner.js:153482:14)\n    at Context.<anonymous> (https://stage.vivayalive.com/__cypress/runner/cypress_runner.js:171546:21)\nFrom Your Spec Code:\n    at Context.eval (https://stage.vivayalive.com/__cypress/tests?p=cypress/integration/Tests/Guide%20and%20Seeker%20Actions/a10_BookCancelEventfromGuidePage.spec.js:280:73)",
                "diff": null
              },
              "uuid": "b7b7fbfc-a02b-42f2-8f9d-afd00fb01b23",
              "parentUUID": "f23fc757-4b74-4215-850e-65278cd22b55",
              "isHook": false,
              "skipped": false
            },
            {
              "title": "Book an cancel an event from Schedule page",
              "fullTitle": "Booking Event from Guide Book an cancel an event from Schedule page",
              "timedOut": null,
              "duration": 0,
              "state": "pending",
              "speed": null,
              "pass": false,
              "fail": false,
              "pending": true,
              "context": null,
              "code": "",
              "err": {},
              "uuid": "b04ca8c0-c364-42c8-9973-decba0e04002",
              "parentUUID": "f23fc757-4b74-4215-850e-65278cd22b55",
              "isHook": false,
              "skipped": false
            },
            {
              "title": "Guide delete the Event from his Dashboard",
              "fullTitle": "Booking Event from Guide Guide delete the Event from his Dashboard",
              "timedOut": null,
              "duration": 22991,
              "state": "failed",
              "speed": null,
              "pass": false,
              "fail": true,
              "pending": false,
              "context": null,
              "code": "homePage.select_Login();\ncommons.set_Guide_Credentials_One();\nhomePage.submit_Credentials();\ndashboard.go_to_Dashboard_From_Menu();\ncy.wait(3000);\ndashboard.cancel_Created_Event();\ncy.get('#w0-success-0').should('contain', 'Event has been canceled.');",
              "err": {
                "message": "CypressError: `cy.click()` can only be called on a single element. Your subject contained 3 elements. Pass `{ multiple: true }` if you want to serially click each element.\n\nhttps://on.cypress.io/click",
                "estack": "CypressError: `cy.click()` can only be called on a single element. Your subject contained 3 elements. Pass `{ multiple: true }` if you want to serially click each element.\n\nhttps://on.cypress.io/click\n    at mouseAction (https://stage.vivayalive.com/__cypress/runner/cypress_runner.js:153308:17)\n    at Context.click (https://stage.vivayalive.com/__cypress/runner/cypress_runner.js:153482:14)\n    at Context.<anonymous> (https://stage.vivayalive.com/__cypress/runner/cypress_runner.js:171546:21)\nFrom Your Spec Code:\n    at Dashboard.cancel_Created_Event (https://stage.vivayalive.com/__cypress/tests?p=cypress/integration/Tests/Guide%20and%20Seeker%20Actions/a10_BookCancelEventfromGuidePage.spec.js:399:31)\n    at Context.eval (https://stage.vivayalive.com/__cypress/tests?p=cypress/integration/Tests/Guide%20and%20Seeker%20Actions/a10_BookCancelEventfromGuidePage.spec.js:307:15)",
                "diff": null
              },
              "uuid": "0c5828a6-bd40-40c0-92aa-f9d1ea8e199b",
              "parentUUID": "f23fc757-4b74-4215-850e-65278cd22b55",
              "isHook": false,
              "skipped": false
            }
          ],
          "suites": [],
          "passes": [
            "f49dfe95-afa1-4c20-b1ea-14d32d5aacfb"
          ],
          "failures": [
            "b7b7fbfc-a02b-42f2-8f9d-afd00fb01b23",
            "0c5828a6-bd40-40c0-92aa-f9d1ea8e199b"
          ],
          "pending": [
            "b04ca8c0-c364-42c8-9973-decba0e04002"
          ],
          "skipped": [],
          "duration": 115544,
          "root": false,
          "rootEmpty": false,
          "_timeout": 2000
        }
      ],
      "passes": [],
      "failures": [],
      "pending": [],
      "skipped": [],
      "duration": 0,
      "root": true,
      "rootEmpty": true,
      "_timeout": 2000
    }
  ],
  "meta": {
    "mocha": {
      "version": "7.0.1"
    },
    "mochawesome": {
      "options": {
        "quiet": true,
        "reportFilename": "mochawesome",
        "saveHtml": false,
        "saveJson": true,
        "consoleReporter": "spec",
        "useInlineDiffs": false
      },
      "version": "4.1.0"
    },
    "marge": {
      "options": {
        "reportDir": "integration-reports/integration/reports/mocha",
        "quiet": true,
        "html": false,
        "overwrite": false,
        "json": true
      },
      "version": "4.1.0"
    }
  }
}