{
  "stats": {
    "suites": 1,
    "tests": 3,
    "passes": 3,
    "pending": 0,
    "failures": 0,
    "start": "2021-04-14T15:30:21.438Z",
    "end": "2021-04-14T15:31:28.986Z",
    "duration": 67548,
    "testsRegistered": 3,
    "passPercent": 100,
    "pendingPercent": 0,
    "other": 0,
    "hasOther": false,
    "skipped": 0,
    "hasSkipped": false
  },
  "results": [
    {
      "uuid": "45472141-dfb4-48b0-b7cb-bdad77fd3e74",
      "title": "",
      "fullFile": "cypress/integration/Tests/Basic Tests/a04_VerifyPricingPage.spec.js",
      "file": "cypress/integration/Tests/Basic Tests/a04_VerifyPricingPage.spec.js",
      "beforeHooks": [],
      "afterHooks": [],
      "tests": [],
      "suites": [
        {
          "uuid": "be41a510-eb67-41a1-a1f0-19ac16d3af95",
          "title": "Tests to confirm the correct rediection to Schedule and elements",
          "fullFile": "",
          "file": "",
          "beforeHooks": [],
          "afterHooks": [],
          "tests": [
            {
              "title": "Verify the Pricing page as Logged out",
              "fullTitle": "Tests to confirm the correct rediection to Schedule and elements Verify the Pricing page as Logged out",
              "timedOut": null,
              "duration": 12106,
              "state": "passed",
              "speed": "slow",
              "pass": true,
              "fail": false,
              "pending": false,
              "context": null,
              "code": "pricingPage.select_Pricing_When_Logout();\ncy.url().should('eq', 'https://stage.vivayalive.com/membership');\ncy.get('.membership-timebased > .container > :nth-child(1) > strong').should('contain', 'Memberships');\ncy.get('.membership-normal-type > .container > :nth-child(1) > strong').should('contain', 'Packages');\ncy.get('.content-other-offerings > .container > h2 > strong').should('contain', 'All Other Offerings');",
              "err": {},
              "uuid": "83e3bcc2-5e56-474c-a95c-27e881576875",
              "parentUUID": "be41a510-eb67-41a1-a1f0-19ac16d3af95",
              "isHook": false,
              "skipped": false
            },
            {
              "title": "Verify the Pricing Page as Logged in Guide",
              "fullTitle": "Tests to confirm the correct rediection to Schedule and elements Verify the Pricing Page as Logged in Guide",
              "timedOut": null,
              "duration": 15000,
              "state": "passed",
              "speed": "slow",
              "pass": true,
              "fail": false,
              "pending": false,
              "context": null,
              "code": "homePage.select_Login();\ncommons.set_Guide_Credentials_One();\nhomePage.submit_Credentials();\ncy.wait(2000);\npricingPage.select_Pricing_When_Login();\ncy.get('.membership-timebased > .container > :nth-child(1) > strong').should('contain', 'Memberships');\ncy.get('.membership-normal-type > .container > :nth-child(1) > strong').should('contain', 'Packages');\ncy.get('.content-other-offerings > .container > h2 > strong').should('contain', 'All Other Offerings');",
              "err": {},
              "uuid": "dafda940-9cbe-497b-84d6-2b5e3b6f9b02",
              "parentUUID": "be41a510-eb67-41a1-a1f0-19ac16d3af95",
              "isHook": false,
              "skipped": false
            },
            {
              "title": "Verify the Pricing page as Loggedin Seeker, Free trial plan is expired",
              "fullTitle": "Tests to confirm the correct rediection to Schedule and elements Verify the Pricing page as Loggedin Seeker, Free trial plan is expired",
              "timedOut": null,
              "duration": 37033,
              "state": "passed",
              "speed": "slow",
              "pass": true,
              "fail": false,
              "pending": false,
              "context": null,
              "code": "homePage.select_Login();\ncommons.set_Seeker_Credentials_Two();\nhomePage.submit_Credentials();\ncy.wait(2000);\npricingPage.select_Pricing_When_Login();\npricingPage.select_Suscribe_Monthly_5Pack();\ncy.wait(2000);\ncy.get('.remove-button').click();\ncartPage.confirm_Remove_From_Cart();\npricingPage.select_Pricing_When_Login();\ncy.scrollTo(0, 800);\npricingPage.buy_5Pack_Package();\ncy.wait(2000);\ncy.get('.remove-button').click();\ncartPage.confirm_Remove_From_Cart();",
              "err": {},
              "uuid": "816f46e9-0474-40a0-ba90-83c4ed956f38",
              "parentUUID": "be41a510-eb67-41a1-a1f0-19ac16d3af95",
              "isHook": false,
              "skipped": false
            }
          ],
          "suites": [],
          "passes": [
            "83e3bcc2-5e56-474c-a95c-27e881576875",
            "dafda940-9cbe-497b-84d6-2b5e3b6f9b02",
            "816f46e9-0474-40a0-ba90-83c4ed956f38"
          ],
          "failures": [],
          "pending": [],
          "skipped": [],
          "duration": 64139,
          "root": false,
          "rootEmpty": false,
          "_timeout": 2000
        }
      ],
      "passes": [],
      "failures": [],
      "pending": [],
      "skipped": [],
      "duration": 0,
      "root": true,
      "rootEmpty": true,
      "_timeout": 2000
    }
  ],
  "meta": {
    "mocha": {
      "version": "7.0.1"
    },
    "mochawesome": {
      "options": {
        "quiet": true,
        "reportFilename": "mochawesome",
        "saveHtml": false,
        "saveJson": true,
        "consoleReporter": "spec",
        "useInlineDiffs": false
      },
      "version": "4.1.0"
    },
    "marge": {
      "options": {
        "reportDir": "integration-reports/integration/reports/mocha",
        "quiet": true,
        "html": false,
        "overwrite": false,
        "json": true
      },
      "version": "4.1.0"
    }
  }
}