{
  "stats": {
    "suites": 1,
    "tests": 4,
    "passes": 4,
    "pending": 0,
    "failures": 0,
    "start": "2021-03-30T20:05:16.883Z",
    "end": "2021-03-30T20:06:05.391Z",
    "duration": 48508,
    "testsRegistered": 4,
    "passPercent": 100,
    "pendingPercent": 0,
    "other": 0,
    "hasOther": false,
    "skipped": 0,
    "hasSkipped": false
  },
  "results": [
    {
      "uuid": "4bc4c8d9-1335-4b97-baa2-e0faf76cff3c",
      "title": "",
      "fullFile": "cypress/integration/Tests/Basic Tests/a06_VerifyBottomBar.spec.js",
      "file": "cypress/integration/Tests/Basic Tests/a06_VerifyBottomBar.spec.js",
      "beforeHooks": [],
      "afterHooks": [],
      "tests": [],
      "suites": [
        {
          "uuid": "968a7f29-6a6f-4a72-b20d-c12c0111c0b9",
          "title": "Tests to confirm the correct rediection to Schedule and elements",
          "fullFile": "",
          "file": "",
          "beforeHooks": [],
          "afterHooks": [],
          "tests": [
            {
              "title": "Verify About Page",
              "fullTitle": "Tests to confirm the correct rediection to Schedule and elements Verify About Page",
              "timedOut": null,
              "duration": 15126,
              "state": "passed",
              "speed": "slow",
              "pass": true,
              "fail": false,
              "pending": false,
              "context": null,
              "code": "cy.scrollTo('bottom');\nbottomBar.select_About_Link();\ncy.url().should('eq', 'https://stage.vivayalive.com/about');\ncy.get('#banner').should('be.visible');\ncy.get('.orange-text-color').should('contain', 'VIVAYA is the first interactive live-streaming Yoga and Wellness Center to share a vast array of holistic practices like yoga, meditation, nutrition, healing arts and coaching.');\ncy.get('.about-page-jumbotron > picture > .lazy').should('be.visible');\ncy.get(':nth-child(2) > .col-md-offset-2 > picture > .lazy').should('be.visible');\ncy.get(':nth-child(2) > :nth-child(2) > picture > .lazy').should('be.visible');\ncy.get(':nth-child(5) > .col-md-offset-2 > picture > .lazy').should('be.visible');\ncy.get(':nth-child(5) > :nth-child(2) > picture > .lazy').should('be.visible');",
              "err": {},
              "uuid": "30b632f6-3f9d-4ebf-9d80-1de3e3ef0eb5",
              "parentUUID": "968a7f29-6a6f-4a72-b20d-c12c0111c0b9",
              "isHook": false,
              "skipped": false
            },
            {
              "title": "Verify the Become a Guide Link",
              "fullTitle": "Tests to confirm the correct rediection to Schedule and elements Verify the Become a Guide Link",
              "timedOut": null,
              "duration": 10208,
              "state": "passed",
              "speed": "slow",
              "pass": true,
              "fail": false,
              "pending": false,
              "context": null,
              "code": "cy.scrollTo('bottom');\nbottomBar.select_BecomeAGuide_Link();\ncy.url().should('eq', 'https://stage.vivayalive.com/become-a-guide');\ncy.get('.col-md-9 > .text-blue').should('contain', 'YOUR NEW HOME FOR LIVE-STREAMING YOGA AND WELLNESS CLASSES, WORKSHOPS AND 1-1 SESSIONS');\ncy.get('.bag-button > .btn').should('be.visible');\ncy.get('.become-list > h2.text-center').should('contain', 'We created VIVAYA for exceptional yogis, teachers and healers like you and we would be honored to have you on board!');\ncy.get('.container > h2.text-center').should('contain', 'FAQs');",
              "err": {},
              "uuid": "52e2bec3-6af9-4eac-b0f4-205045fe5977",
              "parentUUID": "968a7f29-6a6f-4a72-b20d-c12c0111c0b9",
              "isHook": false,
              "skipped": false
            },
            {
              "title": "Verify the Workshops link",
              "fullTitle": "Tests to confirm the correct rediection to Schedule and elements Verify the Workshops link",
              "timedOut": null,
              "duration": 10432,
              "state": "passed",
              "speed": "slow",
              "pass": true,
              "fail": false,
              "pending": false,
              "context": null,
              "code": "cy.scrollTo('bottom');\nbottomBar.select_Worshops_Link();\ncy.url().should('eq', 'https://stage.vivayalive.com/workshops');\ncy.get('#banner').should('contain', 'Find your next VIVAYA Workshop');",
              "err": {},
              "uuid": "06a4a308-f448-40ad-8a91-7eadf9fe68d6",
              "parentUUID": "968a7f29-6a6f-4a72-b20d-c12c0111c0b9",
              "isHook": false,
              "skipped": false
            },
            {
              "title": "Verify the Seminars link",
              "fullTitle": "Tests to confirm the correct rediection to Schedule and elements Verify the Seminars link",
              "timedOut": null,
              "duration": 8930,
              "state": "passed",
              "speed": "slow",
              "pass": true,
              "fail": false,
              "pending": false,
              "context": null,
              "code": "cy.scrollTo('bottom');\nbottomBar.select_Seminars_Link();\ncy.url().should('eq', 'https://stage.vivayalive.com/seminars');\ncy.get('#banner').should('contain', 'Seminars');",
              "err": {},
              "uuid": "ecd6f6b5-23a8-4469-a232-a58f26049539",
              "parentUUID": "968a7f29-6a6f-4a72-b20d-c12c0111c0b9",
              "isHook": false,
              "skipped": false
            }
          ],
          "suites": [],
          "passes": [
            "30b632f6-3f9d-4ebf-9d80-1de3e3ef0eb5",
            "52e2bec3-6af9-4eac-b0f4-205045fe5977",
            "06a4a308-f448-40ad-8a91-7eadf9fe68d6",
            "ecd6f6b5-23a8-4469-a232-a58f26049539"
          ],
          "failures": [],
          "pending": [],
          "skipped": [],
          "duration": 44696,
          "root": false,
          "rootEmpty": false,
          "_timeout": 2000
        }
      ],
      "passes": [],
      "failures": [],
      "pending": [],
      "skipped": [],
      "duration": 0,
      "root": true,
      "rootEmpty": true,
      "_timeout": 2000
    }
  ],
  "meta": {
    "mocha": {
      "version": "7.0.1"
    },
    "mochawesome": {
      "options": {
        "quiet": true,
        "reportFilename": "mochawesome",
        "saveHtml": false,
        "saveJson": true,
        "consoleReporter": "spec",
        "useInlineDiffs": false
      },
      "version": "4.1.0"
    },
    "marge": {
      "options": {
        "reportDir": "integration-reports/integration/reports/mocha",
        "quiet": true,
        "html": false,
        "overwrite": false,
        "json": true
      },
      "version": "4.1.0"
    }
  }
}