{
  "stats": {
    "suites": 1,
    "tests": 2,
    "passes": 2,
    "pending": 0,
    "failures": 0,
    "start": "2021-04-14T00:58:33.157Z",
    "end": "2021-04-14T00:59:24.897Z",
    "duration": 51740,
    "testsRegistered": 2,
    "passPercent": 100,
    "pendingPercent": 0,
    "other": 0,
    "hasOther": false,
    "skipped": 0,
    "hasSkipped": false
  },
  "results": [
    {
      "uuid": "eb8c50ee-bda4-4133-929c-c62ce3dd3749",
      "title": "",
      "fullFile": "cypress/integration/Tests/Corporate/c02_CreateCorporate.spec.js",
      "file": "cypress/integration/Tests/Corporate/c02_CreateCorporate.spec.js",
      "beforeHooks": [],
      "afterHooks": [],
      "tests": [],
      "suites": [
        {
          "uuid": "af467a61-a1f3-4883-a243-8abe5af25243",
          "title": "Tests to verify the Corporate creation, edition and Deletion",
          "fullFile": "",
          "file": "",
          "beforeHooks": [],
          "afterHooks": [],
          "tests": [
            {
              "title": "The Corp user creates his Corporation from the Front end",
              "fullTitle": "Tests to verify the Corporate creation, edition and Deletion The Corp user creates his Corporation from the Front end",
              "timedOut": null,
              "duration": 30923,
              "state": "passed",
              "speed": "slow",
              "pass": true,
              "fail": false,
              "pending": false,
              "context": null,
              "code": "commons.open_Web_Site();\ncorporate.select_Corporate_As_Loggedout();\ncorporate.type_Corporate_Email('manu@automation.com');\ncorporate.select_register_Now();\ncy.wait(2000);\ncorporate.type_First_Name('manu');\ncorporate.type_Last_Name('automation');\ncorporate.type_Company_Name('Automation corp');\ncorporate.continue_From_Step1();\ncy.wait(2000);\ncy.get('#calendly-schedule > iframe').should('be.visible');",
              "err": {},
              "uuid": "1de53864-4efc-4e36-adfb-e1cfd805f5cb",
              "parentUUID": "af467a61-a1f3-4883-a243-8abe5af25243",
              "isHook": false,
              "skipped": false
            },
            {
              "title": "Verify that the Corporate is created from the Frontend, after that edited and deleted by the Admin",
              "fullTitle": "Tests to verify the Corporate creation, edition and Deletion Verify that the Corporate is created from the Frontend, after that edited and deleted by the Admin",
              "timedOut": null,
              "duration": 16833,
              "state": "passed",
              "speed": "slow",
              "pass": true,
              "fail": false,
              "pending": false,
              "context": null,
              "code": "commons.open_Admin_Site();\ncommons.set_Admin_Credentials();\nadmin_corporate.select_Corporate_Option();\nadmin_corporate.select_Corporate_List(); //edit the corporate Info and Update\ncy.wait(3000);\ncy.get('.table').find('.glyphicon-pencil').last().click();\nadmin_corporate.type_Corporate_Address('address automation');\nadmin_corporate.type_Corporate_PhoneNumber('73575915');\nadmin_corporate.update_Corporate_From_Form();\ncy.wait(2000);\ncy.get('.table').find('.glyphicon-trash').last().click();",
              "err": {},
              "uuid": "359fb32e-3715-4ac0-9f5c-0bc17e1a6876",
              "parentUUID": "af467a61-a1f3-4883-a243-8abe5af25243",
              "isHook": false,
              "skipped": false
            }
          ],
          "suites": [],
          "passes": [
            "1de53864-4efc-4e36-adfb-e1cfd805f5cb",
            "359fb32e-3715-4ac0-9f5c-0bc17e1a6876"
          ],
          "failures": [],
          "pending": [],
          "skipped": [],
          "duration": 47756,
          "root": false,
          "rootEmpty": false,
          "_timeout": 2000
        }
      ],
      "passes": [],
      "failures": [],
      "pending": [],
      "skipped": [],
      "duration": 0,
      "root": true,
      "rootEmpty": true,
      "_timeout": 2000
    }
  ],
  "meta": {
    "mocha": {
      "version": "7.0.1"
    },
    "mochawesome": {
      "options": {
        "quiet": true,
        "reportFilename": "mochawesome",
        "saveHtml": false,
        "saveJson": true,
        "consoleReporter": "spec",
        "useInlineDiffs": false
      },
      "version": "4.1.0"
    },
    "marge": {
      "options": {
        "reportDir": "integration-reports/integration/reports/mocha",
        "quiet": true,
        "html": false,
        "overwrite": false,
        "json": true
      },
      "version": "4.1.0"
    }
  }
}