{
  "stats": {
    "suites": 1,
    "tests": 4,
    "passes": 4,
    "pending": 0,
    "failures": 0,
    "start": "2021-04-14T00:53:00.288Z",
    "end": "2021-04-14T00:53:40.407Z",
    "duration": 40119,
    "testsRegistered": 4,
    "passPercent": 100,
    "pendingPercent": 0,
    "other": 0,
    "hasOther": false,
    "skipped": 0,
    "hasSkipped": false
  },
  "results": [
    {
      "uuid": "1f4a1ea5-3ef3-43af-b6a6-8afbfa92accf",
      "title": "",
      "fullFile": "cypress/integration/Tests/Basic Tests/a06_VerifyBottomBar.spec.js",
      "file": "cypress/integration/Tests/Basic Tests/a06_VerifyBottomBar.spec.js",
      "beforeHooks": [],
      "afterHooks": [],
      "tests": [],
      "suites": [
        {
          "uuid": "38a05a76-0a85-4120-805c-9ca1f6183e0b",
          "title": "Tests to confirm the correct rediection to Schedule and elements",
          "fullFile": "",
          "file": "",
          "beforeHooks": [],
          "afterHooks": [],
          "tests": [
            {
              "title": "Verify About Page",
              "fullTitle": "Tests to confirm the correct rediection to Schedule and elements Verify About Page",
              "timedOut": null,
              "duration": 16553,
              "state": "passed",
              "speed": "slow",
              "pass": true,
              "fail": false,
              "pending": false,
              "context": null,
              "code": "cy.scrollTo('bottom');\nbottomBar.select_About_Link();\ncy.url().should('eq', 'https://stage.vivayalive.com/about');\ncy.get('#banner').should('be.visible');\ncy.get('.orange-text-color').should('contain', 'VIVAYA is the first interactive live-streaming Yoga and Wellness Center to share a vast array of holistic practices like yoga, meditation, nutrition, healing arts and coaching.');\ncy.get('.about-page-jumbotron > picture > .lazy').should('be.visible');\ncy.get(':nth-child(2) > .col-md-offset-2 > picture > .lazy').should('be.visible');\ncy.get(':nth-child(2) > :nth-child(2) > picture > .lazy').should('be.visible');\ncy.get(':nth-child(5) > .col-md-offset-2 > picture > .lazy').should('be.visible');\ncy.get(':nth-child(5) > :nth-child(2) > picture > .lazy').should('be.visible');",
              "err": {},
              "uuid": "44440f95-d014-444a-bfd2-504caa300262",
              "parentUUID": "38a05a76-0a85-4120-805c-9ca1f6183e0b",
              "isHook": false,
              "skipped": false
            },
            {
              "title": "Verify the Become a Guide Link",
              "fullTitle": "Tests to confirm the correct rediection to Schedule and elements Verify the Become a Guide Link",
              "timedOut": null,
              "duration": 6181,
              "state": "passed",
              "speed": "slow",
              "pass": true,
              "fail": false,
              "pending": false,
              "context": null,
              "code": "cy.scrollTo('bottom');\nbottomBar.select_BecomeAGuide_Link();\ncy.url().should('eq', 'https://stage.vivayalive.com/become-a-guide');\ncy.get('.col-md-9 > .text-blue').should('contain', 'YOUR NEW HOME FOR LIVE-STREAMING YOGA AND WELLNESS CLASSES, WORKSHOPS AND 1-1 SESSIONS');\ncy.get('.bag-button > .btn').should('be.visible');\ncy.get('.become-list > h2.text-center').should('contain', 'We created VIVAYA for exceptional yogis, teachers and healers like you and we would be honored to have you on board!');\ncy.get('.container > h2.text-center').should('contain', 'FAQs');",
              "err": {},
              "uuid": "15b08121-0719-4543-87f9-3c4a7a6c23ec",
              "parentUUID": "38a05a76-0a85-4120-805c-9ca1f6183e0b",
              "isHook": false,
              "skipped": false
            },
            {
              "title": "Verify the Workshops link",
              "fullTitle": "Tests to confirm the correct rediection to Schedule and elements Verify the Workshops link",
              "timedOut": null,
              "duration": 6750,
              "state": "passed",
              "speed": "slow",
              "pass": true,
              "fail": false,
              "pending": false,
              "context": null,
              "code": "cy.scrollTo('bottom');\nbottomBar.select_Worshops_Link();\ncy.url().should('eq', 'https://stage.vivayalive.com/workshops');\ncy.get('#banner').should('contain', 'Find your next VIVAYA Workshop');",
              "err": {},
              "uuid": "e0c34aae-0905-4826-ac58-3e74a3f28c4b",
              "parentUUID": "38a05a76-0a85-4120-805c-9ca1f6183e0b",
              "isHook": false,
              "skipped": false
            },
            {
              "title": "Verify the Seminars link",
              "fullTitle": "Tests to confirm the correct rediection to Schedule and elements Verify the Seminars link",
              "timedOut": null,
              "duration": 7296,
              "state": "passed",
              "speed": "slow",
              "pass": true,
              "fail": false,
              "pending": false,
              "context": null,
              "code": "cy.scrollTo('bottom');\nbottomBar.select_Seminars_Link();\ncy.url().should('eq', 'https://stage.vivayalive.com/seminars');\ncy.get('#banner').should('contain', 'Seminars');",
              "err": {},
              "uuid": "4dcbd368-1373-4494-9298-e6bc8e01255f",
              "parentUUID": "38a05a76-0a85-4120-805c-9ca1f6183e0b",
              "isHook": false,
              "skipped": false
            }
          ],
          "suites": [],
          "passes": [
            "44440f95-d014-444a-bfd2-504caa300262",
            "15b08121-0719-4543-87f9-3c4a7a6c23ec",
            "e0c34aae-0905-4826-ac58-3e74a3f28c4b",
            "4dcbd368-1373-4494-9298-e6bc8e01255f"
          ],
          "failures": [],
          "pending": [],
          "skipped": [],
          "duration": 36780,
          "root": false,
          "rootEmpty": false,
          "_timeout": 2000
        }
      ],
      "passes": [],
      "failures": [],
      "pending": [],
      "skipped": [],
      "duration": 0,
      "root": true,
      "rootEmpty": true,
      "_timeout": 2000
    }
  ],
  "meta": {
    "mocha": {
      "version": "7.0.1"
    },
    "mochawesome": {
      "options": {
        "quiet": true,
        "reportFilename": "mochawesome",
        "saveHtml": false,
        "saveJson": true,
        "consoleReporter": "spec",
        "useInlineDiffs": false
      },
      "version": "4.1.0"
    },
    "marge": {
      "options": {
        "reportDir": "integration-reports/integration/reports/mocha",
        "quiet": true,
        "html": false,
        "overwrite": false,
        "json": true
      },
      "version": "4.1.0"
    }
  }
}