{
  "stats": {
    "suites": 1,
    "tests": 2,
    "passes": 2,
    "pending": 0,
    "failures": 0,
    "start": "2021-03-30T16:46:21.590Z",
    "end": "2021-03-30T16:46:53.237Z",
    "duration": 31647,
    "testsRegistered": 2,
    "passPercent": 100,
    "pendingPercent": 0,
    "other": 0,
    "hasOther": false,
    "skipped": 0,
    "hasSkipped": false
  },
  "results": [
    {
      "uuid": "119e565d-cc88-4b8e-adb4-98399ebc8d56",
      "title": "",
      "fullFile": "cypress/integration/Tests/Basic Tests/a02_VerifySchedulePage.spec.js",
      "file": "cypress/integration/Tests/Basic Tests/a02_VerifySchedulePage.spec.js",
      "beforeHooks": [],
      "afterHooks": [],
      "tests": [],
      "suites": [
        {
          "uuid": "8928d276-5e0e-4a86-8b26-85b1bd5c2f30",
          "title": "Tests to confirm the correct rediection to Schedule and elements",
          "fullFile": "",
          "file": "",
          "beforeHooks": [],
          "afterHooks": [],
          "tests": [
            {
              "title": "Verify the Schedule page as Logged out",
              "fullTitle": "Tests to confirm the correct rediection to Schedule and elements Verify the Schedule page as Logged out",
              "timedOut": null,
              "duration": 11113,
              "state": "passed",
              "speed": "slow",
              "pass": true,
              "fail": false,
              "pending": false,
              "context": null,
              "code": "schedulePage.select_Schedule_Tab_When_Logout();\ncy.url().should('eq', 'https://stage.vivayalive.com/schedule');",
              "err": {},
              "uuid": "ea5c6058-caba-49d9-b2c7-fd496e380ca5",
              "parentUUID": "8928d276-5e0e-4a86-8b26-85b1bd5c2f30",
              "isHook": false,
              "skipped": false
            },
            {
              "title": "Verify the Schedule Page as Logged in user",
              "fullTitle": "Tests to confirm the correct rediection to Schedule and elements Verify the Schedule Page as Logged in user",
              "timedOut": null,
              "duration": 14081,
              "state": "passed",
              "speed": "slow",
              "pass": true,
              "fail": false,
              "pending": false,
              "context": null,
              "code": "homePage.select_Login();\ncommons.set_Seeker_Credentials_One();\nhomePage.submit_Credentials();\ncy.wait(2000);\nschedulePage.select_Schedule_Tab_When_Login();\ncy.url().should('eq', 'https://stage.vivayalive.com/schedule');",
              "err": {},
              "uuid": "af9233dd-afc3-419b-a766-515aab070c90",
              "parentUUID": "8928d276-5e0e-4a86-8b26-85b1bd5c2f30",
              "isHook": false,
              "skipped": false
            }
          ],
          "suites": [],
          "passes": [
            "ea5c6058-caba-49d9-b2c7-fd496e380ca5",
            "af9233dd-afc3-419b-a766-515aab070c90"
          ],
          "failures": [],
          "pending": [],
          "skipped": [],
          "duration": 25194,
          "root": false,
          "rootEmpty": false,
          "_timeout": 2000
        }
      ],
      "passes": [],
      "failures": [],
      "pending": [],
      "skipped": [],
      "duration": 0,
      "root": true,
      "rootEmpty": true,
      "_timeout": 2000
    }
  ],
  "meta": {
    "mocha": {
      "version": "7.0.1"
    },
    "mochawesome": {
      "options": {
        "quiet": true,
        "reportFilename": "mochawesome",
        "saveHtml": false,
        "saveJson": true,
        "consoleReporter": "spec",
        "useInlineDiffs": false
      },
      "version": "4.1.0"
    },
    "marge": {
      "options": {
        "reportDir": "integration-reports/integration/reports/mocha",
        "quiet": true,
        "html": false,
        "overwrite": false,
        "json": true
      },
      "version": "4.1.0"
    }
  }
}