{
  "stats": {
    "suites": 1,
    "tests": 2,
    "passes": 1,
    "pending": 1,
    "failures": 0,
    "start": "2021-04-08T22:12:41.696Z",
    "end": "2021-04-08T22:13:28.398Z",
    "duration": 46702,
    "testsRegistered": 2,
    "passPercent": 100,
    "pendingPercent": 50,
    "other": 0,
    "hasOther": false,
    "skipped": 0,
    "hasSkipped": false
  },
  "results": [
    {
      "uuid": "f0c7ece8-66ab-4b7d-af34-e9111c1d94ce",
      "title": "",
      "fullFile": "cypress/integration/Tests/Seminars/a22_CreateRepeatedEvent.spec.js",
      "file": "cypress/integration/Tests/Seminars/a22_CreateRepeatedEvent.spec.js",
      "beforeHooks": [],
      "afterHooks": [],
      "tests": [],
      "suites": [
        {
          "uuid": "ada3af5a-5895-4710-acd7-ac9a1ad6a131",
          "title": "Events Creation",
          "fullFile": "",
          "file": "",
          "beforeHooks": [],
          "afterHooks": [],
          "tests": [
            {
              "title": "Create a recurrent Daily Class",
              "fullTitle": "Events Creation Create a recurrent Daily Class",
              "timedOut": null,
              "duration": 43355,
              "state": "passed",
              "speed": "slow",
              "pass": true,
              "fail": false,
              "pending": false,
              "context": null,
              "code": "cy.wait(3000);\ndashboard.add_NewEvent();\ndashboard.add_Class();\neventCreationPage.add_EventName('Class1');\ncy.wait(2000);\neventCreationPage.add_Description('This is a Test Class');\neventCreationPage.select_Repeater_Checkbox();\neventCreationPage.add_Custom_Start_Date(3);\neventCreationPage.add_Custom_End_Date(10);\neventCreationPage.select_Repeater_Daily();\neventCreationPage.press_Add();\ncy.wait(5000); //dashboard.cancel_Several_Events_AtOnce()",
              "err": {},
              "uuid": "0ed368bc-6d4b-4a7e-a537-20fa038ac156",
              "parentUUID": "ada3af5a-5895-4710-acd7-ac9a1ad6a131",
              "isHook": false,
              "skipped": false
            },
            {
              "title": "Create a recurrent Weekly Class",
              "fullTitle": "Events Creation Create a recurrent Weekly Class",
              "timedOut": null,
              "duration": 0,
              "state": "pending",
              "speed": null,
              "pass": false,
              "fail": false,
              "pending": true,
              "context": null,
              "code": "",
              "err": {},
              "uuid": "dd8cedf4-21ca-4a70-9587-8cf9d1ae68d6",
              "parentUUID": "ada3af5a-5895-4710-acd7-ac9a1ad6a131",
              "isHook": false,
              "skipped": false
            }
          ],
          "suites": [],
          "passes": [
            "0ed368bc-6d4b-4a7e-a537-20fa038ac156"
          ],
          "failures": [],
          "pending": [
            "dd8cedf4-21ca-4a70-9587-8cf9d1ae68d6"
          ],
          "skipped": [],
          "duration": 43355,
          "root": false,
          "rootEmpty": false,
          "_timeout": 2000
        }
      ],
      "passes": [],
      "failures": [],
      "pending": [],
      "skipped": [],
      "duration": 0,
      "root": true,
      "rootEmpty": true,
      "_timeout": 2000
    }
  ],
  "meta": {
    "mocha": {
      "version": "7.0.1"
    },
    "mochawesome": {
      "options": {
        "quiet": true,
        "reportFilename": "mochawesome",
        "saveHtml": false,
        "saveJson": true,
        "consoleReporter": "spec",
        "useInlineDiffs": false
      },
      "version": "4.1.0"
    },
    "marge": {
      "options": {
        "reportDir": "integration-reports/integration/reports/mocha",
        "quiet": true,
        "html": false,
        "overwrite": false,
        "json": true
      },
      "version": "4.1.0"
    }
  }
}