{
  "stats": {
    "suites": 1,
    "tests": 1,
    "passes": 1,
    "pending": 0,
    "failures": 0,
    "start": "2021-04-07T16:40:50.309Z",
    "end": "2021-04-07T16:41:04.321Z",
    "duration": 14012,
    "testsRegistered": 1,
    "passPercent": 100,
    "pendingPercent": 0,
    "other": 0,
    "hasOther": false,
    "skipped": 0,
    "hasSkipped": false
  },
  "results": [
    {
      "uuid": "e96ba2d6-fec0-4e10-9989-d19bce322b1a",
      "title": "",
      "fullFile": "cypress/integration/Tests/API/list.spec.js",
      "file": "cypress/integration/Tests/API/list.spec.js",
      "beforeHooks": [],
      "afterHooks": [],
      "tests": [],
      "suites": [
        {
          "uuid": "cd139b03-3617-4c1b-a6e1-60bb9332f484",
          "title": "get a list",
          "fullFile": "",
          "file": "",
          "beforeHooks": [],
          "afterHooks": [],
          "tests": [
            {
              "title": "print a list",
              "fullTitle": "get a list print a list",
              "timedOut": null,
              "duration": 10969,
              "state": "passed",
              "speed": "slow",
              "pass": true,
              "fail": false,
              "pending": false,
              "context": null,
              "code": "cy.visit('https://ultimateqa.com/complicated-page');\ncy.wait(3000);\ncy.scrollTo(0, 1000);\nvar val1 = cy.get('.et_pb_column_10 > .et_pb_module > #lpwtoc_widget-2 > .lwptoc > .lwptoc_i > .lwptoc_items > :nth-child(1) > :nth-child(1) > a > .lwptoc_item_label');\nconsole.log(val1);",
              "err": {},
              "uuid": "218ab529-f3bc-46ba-9b73-cd62b2678374",
              "parentUUID": "cd139b03-3617-4c1b-a6e1-60bb9332f484",
              "isHook": false,
              "skipped": false
            }
          ],
          "suites": [],
          "passes": [
            "218ab529-f3bc-46ba-9b73-cd62b2678374"
          ],
          "failures": [],
          "pending": [],
          "skipped": [],
          "duration": 10969,
          "root": false,
          "rootEmpty": false,
          "_timeout": 2000
        }
      ],
      "passes": [],
      "failures": [],
      "pending": [],
      "skipped": [],
      "duration": 0,
      "root": true,
      "rootEmpty": true,
      "_timeout": 2000
    }
  ],
  "meta": {
    "mocha": {
      "version": "7.0.1"
    },
    "mochawesome": {
      "options": {
        "quiet": true,
        "reportFilename": "mochawesome",
        "saveHtml": false,
        "saveJson": true,
        "consoleReporter": "spec",
        "useInlineDiffs": false
      },
      "version": "4.1.0"
    },
    "marge": {
      "options": {
        "reportDir": "integration-reports/integration/reports/mocha",
        "quiet": true,
        "html": false,
        "overwrite": false,
        "json": true
      },
      "version": "4.1.0"
    }
  }
}