{
  "stats": {
    "suites": 1,
    "tests": 2,
    "passes": 2,
    "pending": 0,
    "failures": 0,
    "start": "2021-03-30T00:24:10.243Z",
    "end": "2021-03-30T00:24:39.893Z",
    "duration": 29650,
    "testsRegistered": 2,
    "passPercent": 100,
    "pendingPercent": 0,
    "other": 0,
    "hasOther": false,
    "skipped": 0,
    "hasSkipped": false
  },
  "results": [
    {
      "uuid": "8a9af075-a41d-4329-b292-181b025f8945",
      "title": "",
      "fullFile": "cypress/integration/Tests/Basic Tests/a02_VerifySchedulePage.spec.js",
      "file": "cypress/integration/Tests/Basic Tests/a02_VerifySchedulePage.spec.js",
      "beforeHooks": [],
      "afterHooks": [],
      "tests": [],
      "suites": [
        {
          "uuid": "66dd2795-0c33-43be-88b2-0f6e422f71dc",
          "title": "Tests to confirm the correct rediection to Schedule and elements",
          "fullFile": "",
          "file": "",
          "beforeHooks": [],
          "afterHooks": [],
          "tests": [
            {
              "title": "Verify the Schedule page as Logged out",
              "fullTitle": "Tests to confirm the correct rediection to Schedule and elements Verify the Schedule page as Logged out",
              "timedOut": null,
              "duration": 9105,
              "state": "passed",
              "speed": "slow",
              "pass": true,
              "fail": false,
              "pending": false,
              "context": null,
              "code": "schedulePage.select_Schedule_Tab_When_Logout();\ncy.url().should('eq', 'https://stage.vivayalive.com/schedule');",
              "err": {},
              "uuid": "d03ef0aa-9c59-4a24-939f-4db5967647f8",
              "parentUUID": "66dd2795-0c33-43be-88b2-0f6e422f71dc",
              "isHook": false,
              "skipped": false
            },
            {
              "title": "Verify the Schedule Page as Logged in user",
              "fullTitle": "Tests to confirm the correct rediection to Schedule and elements Verify the Schedule Page as Logged in user",
              "timedOut": null,
              "duration": 13095,
              "state": "passed",
              "speed": "slow",
              "pass": true,
              "fail": false,
              "pending": false,
              "context": null,
              "code": "homePage.select_Login();\ncommons.set_Seeker_Credentials_One();\nhomePage.submit_Credentials();\ncy.wait(2000);\nschedulePage.select_Schedule_Tab_When_Login();\ncy.url().should('eq', 'https://stage.vivayalive.com/schedule');",
              "err": {},
              "uuid": "2cf61305-12aa-45dd-a1e2-edde57ee92e4",
              "parentUUID": "66dd2795-0c33-43be-88b2-0f6e422f71dc",
              "isHook": false,
              "skipped": false
            }
          ],
          "suites": [],
          "passes": [
            "d03ef0aa-9c59-4a24-939f-4db5967647f8",
            "2cf61305-12aa-45dd-a1e2-edde57ee92e4"
          ],
          "failures": [],
          "pending": [],
          "skipped": [],
          "duration": 22200,
          "root": false,
          "rootEmpty": false,
          "_timeout": 2000
        }
      ],
      "passes": [],
      "failures": [],
      "pending": [],
      "skipped": [],
      "duration": 0,
      "root": true,
      "rootEmpty": true,
      "_timeout": 2000
    }
  ],
  "meta": {
    "mocha": {
      "version": "7.0.1"
    },
    "mochawesome": {
      "options": {
        "quiet": true,
        "reportFilename": "mochawesome",
        "saveHtml": false,
        "saveJson": true,
        "consoleReporter": "spec",
        "useInlineDiffs": false
      },
      "version": "4.1.0"
    },
    "marge": {
      "options": {
        "reportDir": "integration-reports/integration/reports/mocha",
        "quiet": true,
        "html": false,
        "overwrite": false,
        "json": true
      },
      "version": "4.1.0"
    }
  }
}