{
  "stats": {
    "suites": 1,
    "tests": 2,
    "passes": 2,
    "pending": 0,
    "failures": 0,
    "start": "2021-03-31T00:39:43.387Z",
    "end": "2021-03-31T00:41:32.052Z",
    "duration": 108665,
    "testsRegistered": 2,
    "passPercent": 100,
    "pendingPercent": 0,
    "other": 0,
    "hasOther": false,
    "skipped": 0,
    "hasSkipped": false
  },
  "results": [
    {
      "uuid": "17ca83fd-5e4a-4537-8bd6-2b6f24a718a2",
      "title": "",
      "fullFile": "cypress/integration/Tests/Basic Tests/a02_VerifySchedulePage.spec.js",
      "file": "cypress/integration/Tests/Basic Tests/a02_VerifySchedulePage.spec.js",
      "beforeHooks": [],
      "afterHooks": [],
      "tests": [],
      "suites": [
        {
          "uuid": "7f0b73fb-767b-4066-a458-7b98bbcb3a23",
          "title": "Tests to confirm the correct rediection to Schedule and elements",
          "fullFile": "",
          "file": "",
          "beforeHooks": [],
          "afterHooks": [],
          "tests": [
            {
              "title": "Verify the Schedule page as Logged out",
              "fullTitle": "Tests to confirm the correct rediection to Schedule and elements Verify the Schedule page as Logged out",
              "timedOut": null,
              "duration": 25500,
              "state": "passed",
              "speed": "slow",
              "pass": true,
              "fail": false,
              "pending": false,
              "context": null,
              "code": "schedulePage.select_Schedule_Tab_When_Logout();\ncy.url().should('eq', 'https://stage.vivayalive.com/schedule');",
              "err": {},
              "uuid": "a12092bc-20fc-4cb1-a667-58bc5d49f35e",
              "parentUUID": "7f0b73fb-767b-4066-a458-7b98bbcb3a23",
              "isHook": false,
              "skipped": false
            },
            {
              "title": "Verify the Schedule Page as Logged in user",
              "fullTitle": "Tests to confirm the correct rediection to Schedule and elements Verify the Schedule Page as Logged in user",
              "timedOut": null,
              "duration": 28838,
              "state": "passed",
              "speed": "slow",
              "pass": true,
              "fail": false,
              "pending": false,
              "context": null,
              "code": "homePage.select_Login();\ncommons.set_Seeker_Credentials_One();\nhomePage.submit_Credentials();\ncy.wait(2000);\nschedulePage.select_Schedule_Tab_When_Login();\ncy.url().should('eq', 'https://stage.vivayalive.com/schedule');",
              "err": {},
              "uuid": "20ce88a4-ec34-4152-9107-62209818d666",
              "parentUUID": "7f0b73fb-767b-4066-a458-7b98bbcb3a23",
              "isHook": false,
              "skipped": false
            }
          ],
          "suites": [],
          "passes": [
            "a12092bc-20fc-4cb1-a667-58bc5d49f35e",
            "20ce88a4-ec34-4152-9107-62209818d666"
          ],
          "failures": [],
          "pending": [],
          "skipped": [],
          "duration": 54338,
          "root": false,
          "rootEmpty": false,
          "_timeout": 2000
        }
      ],
      "passes": [],
      "failures": [],
      "pending": [],
      "skipped": [],
      "duration": 0,
      "root": true,
      "rootEmpty": true,
      "_timeout": 2000
    }
  ],
  "meta": {
    "mocha": {
      "version": "7.0.1"
    },
    "mochawesome": {
      "options": {
        "quiet": true,
        "reportFilename": "mochawesome",
        "saveHtml": false,
        "saveJson": true,
        "consoleReporter": "spec",
        "useInlineDiffs": false
      },
      "version": "4.1.0"
    },
    "marge": {
      "options": {
        "reportDir": "integration-reports/integration/reports/mocha",
        "quiet": true,
        "html": false,
        "overwrite": false,
        "json": true
      },
      "version": "4.1.0"
    }
  }
}