{
  "stats": {
    "suites": 1,
    "tests": 3,
    "passes": 3,
    "pending": 0,
    "failures": 0,
    "start": "2021-04-07T16:47:29.025Z",
    "end": "2021-04-07T16:48:14.923Z",
    "duration": 45898,
    "testsRegistered": 3,
    "passPercent": 100,
    "pendingPercent": 0,
    "other": 0,
    "hasOther": false,
    "skipped": 0,
    "hasSkipped": false
  },
  "results": [
    {
      "uuid": "8959f8c1-c5d4-4e1c-991e-0ffef960be44",
      "title": "",
      "fullFile": "cypress/integration/Tests/Basic Tests/a09_VerifyFirstResponder.spec.js",
      "file": "cypress/integration/Tests/Basic Tests/a09_VerifyFirstResponder.spec.js",
      "beforeHooks": [],
      "afterHooks": [],
      "tests": [],
      "suites": [
        {
          "uuid": "399406c8-bfcc-46a9-99d9-7129801a4a66",
          "title": "Tests to confirm the correct rediection to Schedule and elements",
          "fullFile": "",
          "file": "",
          "beforeHooks": [],
          "afterHooks": [],
          "tests": [
            {
              "title": "Verify the First Responder page as Logged out",
              "fullTitle": "Tests to confirm the correct rediection to Schedule and elements Verify the First Responder page as Logged out",
              "timedOut": null,
              "duration": 13097,
              "state": "passed",
              "speed": "slow",
              "pass": true,
              "fail": false,
              "pending": false,
              "context": null,
              "code": "firstResponderPage.select_FirstResponders_When_LoggedOut();\ncy.url().should('eq', 'https://stage.vivayalive.com/first-responders');\ncy.get('.free-months > h2').should('contain', 'Our Gift of Gratitude to First Responders, Healthcare and Emergency Workers');\ncy.get('.free-months > :nth-child(3)').should('contain', 'VIVAYA is offering 2 FREE months of Unlimited Access to all VIVAYA Classes for First Responders, Healthcare and Emergency Workers.');\nfirstResponderPage.select_Register_Button();\ncy.url().should('eq', 'https://stage.vivayalive.com/signup/number?isFirstResponder=1');",
              "err": {},
              "uuid": "e84aa4b8-6787-404f-95b2-0fc07ab59a17",
              "parentUUID": "399406c8-bfcc-46a9-99d9-7129801a4a66",
              "isHook": false,
              "skipped": false
            },
            {
              "title": "Verify the First Responder Page as Logged in Guide",
              "fullTitle": "Tests to confirm the correct rediection to Schedule and elements Verify the First Responder Page as Logged in Guide",
              "timedOut": null,
              "duration": 14766,
              "state": "passed",
              "speed": "slow",
              "pass": true,
              "fail": false,
              "pending": false,
              "context": null,
              "code": "homePage.select_Login();\ncommons.set_Guide_Credentials_One();\nhomePage.submit_Credentials();\ncy.wait(2000);\nfirstResponderPage.select_FirstResponders_When_LogIn();\ncy.url().should('eq', 'https://stage.vivayalive.com/first-responders');\ncy.get('.free-months > h2').should('contain', 'Our Gift of Gratitude to First Responders, Healthcare and Emergency Workers');\ncy.get('.free-months > :nth-child(3)').should('contain', 'VIVAYA is offering 2 FREE months of Unlimited Access to all VIVAYA Classes for First Responders, Healthcare and Emergency Workers.');\nfirstResponderPage.select_Register_Button();\ncy.get('#appModal > div > div').should('be.visible');",
              "err": {},
              "uuid": "82a0c0fa-9db4-4008-ba5a-ff3c2a038773",
              "parentUUID": "399406c8-bfcc-46a9-99d9-7129801a4a66",
              "isHook": false,
              "skipped": false
            },
            {
              "title": "Verify the First Responder Page as Logged in Guide",
              "fullTitle": "Tests to confirm the correct rediection to Schedule and elements Verify the First Responder Page as Logged in Guide",
              "timedOut": null,
              "duration": 15217,
              "state": "passed",
              "speed": "slow",
              "pass": true,
              "fail": false,
              "pending": false,
              "context": null,
              "code": "homePage.select_Login();\ncommons.set_Seeker_Credentials_One();\nhomePage.submit_Credentials();\ncy.wait(2000);\nfirstResponderPage.select_FirstResponders_When_LogIn();\ncy.url().should('eq', 'https://stage.vivayalive.com/first-responders');\ncy.get('.free-months > h2').should('contain', 'Our Gift of Gratitude to First Responders, Healthcare and Emergency Workers');\ncy.get('.free-months > :nth-child(3)').should('contain', 'VIVAYA is offering 2 FREE months of Unlimited Access to all VIVAYA Classes for First Responders, Healthcare and Emergency Workers.');\nfirstResponderPage.select_Register_Button();\ncy.get('#appModal > div > div').should('be.visible');",
              "err": {},
              "uuid": "ace0ed89-611d-4fb7-bef6-bc63fc020503",
              "parentUUID": "399406c8-bfcc-46a9-99d9-7129801a4a66",
              "isHook": false,
              "skipped": false
            }
          ],
          "suites": [],
          "passes": [
            "e84aa4b8-6787-404f-95b2-0fc07ab59a17",
            "82a0c0fa-9db4-4008-ba5a-ff3c2a038773",
            "ace0ed89-611d-4fb7-bef6-bc63fc020503"
          ],
          "failures": [],
          "pending": [],
          "skipped": [],
          "duration": 43080,
          "root": false,
          "rootEmpty": false,
          "_timeout": 2000
        }
      ],
      "passes": [],
      "failures": [],
      "pending": [],
      "skipped": [],
      "duration": 0,
      "root": true,
      "rootEmpty": true,
      "_timeout": 2000
    }
  ],
  "meta": {
    "mocha": {
      "version": "7.0.1"
    },
    "mochawesome": {
      "options": {
        "quiet": true,
        "reportFilename": "mochawesome",
        "saveHtml": false,
        "saveJson": true,
        "consoleReporter": "spec",
        "useInlineDiffs": false
      },
      "version": "4.1.0"
    },
    "marge": {
      "options": {
        "reportDir": "integration-reports/integration/reports/mocha",
        "quiet": true,
        "html": false,
        "overwrite": false,
        "json": true
      },
      "version": "4.1.0"
    }
  }
}