{
  "stats": {
    "suites": 1,
    "tests": 2,
    "passes": 2,
    "pending": 0,
    "failures": 0,
    "start": "2021-03-30T16:10:59.196Z",
    "end": "2021-03-30T16:12:10.047Z",
    "duration": 70851,
    "testsRegistered": 2,
    "passPercent": 100,
    "pendingPercent": 0,
    "other": 0,
    "hasOther": false,
    "skipped": 0,
    "hasSkipped": false
  },
  "results": [
    {
      "uuid": "b6af07bd-6f3b-4488-aa3a-046c54e7df56",
      "title": "",
      "fullFile": "cypress/integration/Tests/Guide and Seeker Actions/a15_SearchGuide.spec.js",
      "file": "cypress/integration/Tests/Guide and Seeker Actions/a15_SearchGuide.spec.js",
      "beforeHooks": [],
      "afterHooks": [],
      "tests": [],
      "suites": [
        {
          "uuid": "32edbbc5-13c2-45ff-bcf7-0bda16052434",
          "title": "Search a Guide",
          "fullFile": "",
          "file": "",
          "beforeHooks": [],
          "afterHooks": [],
          "tests": [
            {
              "title": "Search a Guide Logged out",
              "fullTitle": "Search a Guide Search a Guide Logged out",
              "timedOut": null,
              "duration": 32319,
              "state": "passed",
              "speed": "slow",
              "pass": true,
              "fail": false,
              "pending": false,
              "context": null,
              "code": "guidesPage.select_Guide_Tab();\nguidesPage.perform_a_Search('manu rex');\ncy.wait(3000);\ncy.get('#w0 > div.row > div > a.img > img').click();\ncy.get('h1').contains('manu rex');",
              "err": {},
              "uuid": "b410f04e-29db-45c8-84d1-392951207cad",
              "parentUUID": "32edbbc5-13c2-45ff-bcf7-0bda16052434",
              "isHook": false,
              "skipped": false
            },
            {
              "title": "Search a guide with Loged in  User",
              "fullTitle": "Search a Guide Search a guide with Loged in  User",
              "timedOut": null,
              "duration": 34842,
              "state": "passed",
              "speed": "slow",
              "pass": true,
              "fail": false,
              "pending": false,
              "context": null,
              "code": "homePage.select_Login();\ncommons.set_Seeker_Credentials_One();\nhomePage.submit_Credentials();\ncy.wait(2000);\nguidesPage.select_Guide_Tab_when_Login();\nguidesPage.perform_a_Search('manu rex');\ncy.wait(3000);\ncy.get('#w0 > div.row > div > a.img > img').click();\ncy.get('h1').contains('manu rex');",
              "err": {},
              "uuid": "ab7406a5-95d2-4459-bc09-199d90d7e281",
              "parentUUID": "32edbbc5-13c2-45ff-bcf7-0bda16052434",
              "isHook": false,
              "skipped": false
            }
          ],
          "suites": [],
          "passes": [
            "b410f04e-29db-45c8-84d1-392951207cad",
            "ab7406a5-95d2-4459-bc09-199d90d7e281"
          ],
          "failures": [],
          "pending": [],
          "skipped": [],
          "duration": 67161,
          "root": false,
          "rootEmpty": false,
          "_timeout": 2000
        }
      ],
      "passes": [],
      "failures": [],
      "pending": [],
      "skipped": [],
      "duration": 0,
      "root": true,
      "rootEmpty": true,
      "_timeout": 2000
    }
  ],
  "meta": {
    "mocha": {
      "version": "7.0.1"
    },
    "mochawesome": {
      "options": {
        "quiet": true,
        "reportFilename": "mochawesome",
        "saveHtml": false,
        "saveJson": true,
        "consoleReporter": "spec",
        "useInlineDiffs": false
      },
      "version": "4.1.0"
    },
    "marge": {
      "options": {
        "reportDir": "integration-reports/integration/reports/mocha",
        "quiet": true,
        "html": false,
        "overwrite": false,
        "json": true
      },
      "version": "4.1.0"
    }
  }
}