{
  "stats": {
    "suites": 1,
    "tests": 2,
    "passes": 2,
    "pending": 0,
    "failures": 0,
    "start": "2021-03-30T20:00:45.019Z",
    "end": "2021-03-30T20:01:21.159Z",
    "duration": 36140,
    "testsRegistered": 2,
    "passPercent": 100,
    "pendingPercent": 0,
    "other": 0,
    "hasOther": false,
    "skipped": 0,
    "hasSkipped": false
  },
  "results": [
    {
      "uuid": "c0753f21-dbf0-4666-977f-a89a3144a4aa",
      "title": "",
      "fullFile": "cypress/integration/Tests/Basic Tests/a01_VerifyGuidesPage.spec.js",
      "file": "cypress/integration/Tests/Basic Tests/a01_VerifyGuidesPage.spec.js",
      "beforeHooks": [],
      "afterHooks": [],
      "tests": [],
      "suites": [
        {
          "uuid": "2c309751-d754-4c9a-a366-f66174fb24e8",
          "title": "Tests to confirm the correct rediection to Schedule and elements",
          "fullFile": "",
          "file": "",
          "beforeHooks": [],
          "afterHooks": [],
          "tests": [
            {
              "title": "Verify the Schedule page as Logged out",
              "fullTitle": "Tests to confirm the correct rediection to Schedule and elements Verify the Schedule page as Logged out",
              "timedOut": null,
              "duration": 11749,
              "state": "passed",
              "speed": "slow",
              "pass": true,
              "fail": false,
              "pending": false,
              "context": null,
              "code": "guidesPage.select_Guide_Tab_when_Logout();\ncy.url().should('eq', 'https://stage.vivayalive.com/guides');",
              "err": {},
              "uuid": "8045b076-901e-48c8-97bb-4eace57127a5",
              "parentUUID": "2c309751-d754-4c9a-a366-f66174fb24e8",
              "isHook": false,
              "skipped": false
            },
            {
              "title": "Verify the Schedule Page as Logged in user",
              "fullTitle": "Tests to confirm the correct rediection to Schedule and elements Verify the Schedule Page as Logged in user",
              "timedOut": null,
              "duration": 18055,
              "state": "passed",
              "speed": "slow",
              "pass": true,
              "fail": false,
              "pending": false,
              "context": null,
              "code": "homePage.select_Login(); //homePage.fill_Email('manu@guidetester.com')\n//homePage.fill_Password('perrodelmal')\ncommons.set_Guide_Credentials_One();\nhomePage.submit_Credentials();\ncy.wait(2000);\nguidesPage.select_Guide_Tab_when_Login();\ncy.url().should('eq', 'https://stage.vivayalive.com/guides');",
              "err": {},
              "uuid": "11b46e91-c711-4a79-9669-10ab7121c3a3",
              "parentUUID": "2c309751-d754-4c9a-a366-f66174fb24e8",
              "isHook": false,
              "skipped": false
            }
          ],
          "suites": [],
          "passes": [
            "8045b076-901e-48c8-97bb-4eace57127a5",
            "11b46e91-c711-4a79-9669-10ab7121c3a3"
          ],
          "failures": [],
          "pending": [],
          "skipped": [],
          "duration": 29804,
          "root": false,
          "rootEmpty": false,
          "_timeout": 2000
        }
      ],
      "passes": [],
      "failures": [],
      "pending": [],
      "skipped": [],
      "duration": 0,
      "root": true,
      "rootEmpty": true,
      "_timeout": 2000
    }
  ],
  "meta": {
    "mocha": {
      "version": "7.0.1"
    },
    "mochawesome": {
      "options": {
        "quiet": true,
        "reportFilename": "mochawesome",
        "saveHtml": false,
        "saveJson": true,
        "consoleReporter": "spec",
        "useInlineDiffs": false
      },
      "version": "4.1.0"
    },
    "marge": {
      "options": {
        "reportDir": "integration-reports/integration/reports/mocha",
        "quiet": true,
        "html": false,
        "overwrite": false,
        "json": true
      },
      "version": "4.1.0"
    }
  }
}