{
  "stats": {
    "suites": 1,
    "tests": 7,
    "passes": 7,
    "pending": 0,
    "failures": 0,
    "start": "2021-04-07T16:56:46.985Z",
    "end": "2021-04-07T17:00:07.576Z",
    "duration": 200591,
    "testsRegistered": 7,
    "passPercent": 100,
    "pendingPercent": 0,
    "other": 0,
    "hasOther": false,
    "skipped": 0,
    "hasSkipped": false
  },
  "results": [
    {
      "uuid": "48811a4d-d6d9-4d67-85ae-63ce6fe51b16",
      "title": "",
      "fullFile": "cypress/integration/Tests/Guide and Seeker Actions/a14_BuyPackage.spec.js",
      "file": "cypress/integration/Tests/Guide and Seeker Actions/a14_BuyPackage.spec.js",
      "beforeHooks": [],
      "afterHooks": [],
      "tests": [],
      "suites": [
        {
          "uuid": "dc8376fb-3789-4cac-ab80-d082d1d8c5d6",
          "title": "Buy Plans from membership",
          "fullFile": "",
          "file": "",
          "beforeHooks": [],
          "afterHooks": [],
          "tests": [
            {
              "title": "Buy Monthly 3 Pack Membership",
              "fullTitle": "Buy Plans from membership Buy Monthly 3 Pack Membership",
              "timedOut": null,
              "duration": 30105,
              "state": "passed",
              "speed": "slow",
              "pass": true,
              "fail": false,
              "pending": false,
              "context": null,
              "code": "cy.wait(3000);\nmembershipPage.select_MShip_Tab();\nmembershipPage.select_Subscribe_3Pack();\ncy.wait(3000);\ncy.get('#checkout-form > div:nth-child(2) > div:nth-child(2) > h4').contains('Monthly 3 Pack Membership').should('be.visible');\ncy.get('.remove-button').click();\ncartPage.confirm_Remove_From_Cart();\ncy.get('#w0-success-0').contains('Item has been removed from cart.');",
              "err": {},
              "uuid": "bc097bce-2fba-47e2-9bc7-ec4840408835",
              "parentUUID": "dc8376fb-3789-4cac-ab80-d082d1d8c5d6",
              "isHook": false,
              "skipped": false
            },
            {
              "title": "Buy Monthly 5 Pack Membership",
              "fullTitle": "Buy Plans from membership Buy Monthly 5 Pack Membership",
              "timedOut": null,
              "duration": 28354,
              "state": "passed",
              "speed": "slow",
              "pass": true,
              "fail": false,
              "pending": false,
              "context": null,
              "code": "cy.wait(3000);\nmembershipPage.select_MShip_Tab();\nmembershipPage.select_Subscribe_5Pack();\ncy.wait(3000);\ncy.get('#checkout-form > div:nth-child(2) > div:nth-child(2) > h4').contains('Monthly 5 Pack Membership').should('be.visible');\ncy.get('.remove-button').click();\ncartPage.confirm_Remove_From_Cart();\ncy.get('#w0-success-0').contains('Item has been removed from cart.');",
              "err": {},
              "uuid": "fb4d43ea-11f8-443a-b5a6-9f226767e01c",
              "parentUUID": "dc8376fb-3789-4cac-ab80-d082d1d8c5d6",
              "isHook": false,
              "skipped": false
            },
            {
              "title": "Buy Monthly Unlimited Membership",
              "fullTitle": "Buy Plans from membership Buy Monthly Unlimited Membership",
              "timedOut": null,
              "duration": 27107,
              "state": "passed",
              "speed": "slow",
              "pass": true,
              "fail": false,
              "pending": false,
              "context": null,
              "code": "cy.wait(3000);\nmembershipPage.select_MShip_Tab();\nmembershipPage.select_Monthly_Unlimited();\ncy.wait(3000);\ncy.get('.product > :nth-child(2) > h4').contains('MONTHLY UNLIMITED MEMBERSHIP').should('be.visible');\ncy.get('.remove-button').click();\ncartPage.confirm_Remove_From_Cart();\ncy.get('#w0-success-0').contains('Item has been removed from cart.');",
              "err": {},
              "uuid": "087ca995-5b80-444a-ab08-ab72b27725a1",
              "parentUUID": "dc8376fb-3789-4cac-ab80-d082d1d8c5d6",
              "isHook": false,
              "skipped": false
            },
            {
              "title": "Buy Annual Unlimited Membership",
              "fullTitle": "Buy Plans from membership Buy Annual Unlimited Membership",
              "timedOut": null,
              "duration": 28289,
              "state": "passed",
              "speed": "slow",
              "pass": true,
              "fail": false,
              "pending": false,
              "context": null,
              "code": "cy.wait(3000);\nmembershipPage.select_MShip_Tab();\nmembershipPage.select_Annual_Unlimited();\ncy.wait(3000);\ncy.get('.product > :nth-child(2) > h4').contains('ANNUAL UNLIMITED MEMBERSHIP').should('be.visible');\ncy.get('.remove-button').click();\ncartPage.confirm_Remove_From_Cart();\ncy.get('#w0-success-0').contains('Item has been removed from cart.');",
              "err": {},
              "uuid": "373bc3d8-de90-453c-b69e-e10c1dee7412",
              "parentUUID": "dc8376fb-3789-4cac-ab80-d082d1d8c5d6",
              "isHook": false,
              "skipped": false
            },
            {
              "title": "Buy 1 class",
              "fullTitle": "Buy Plans from membership Buy 1 class",
              "timedOut": null,
              "duration": 29164,
              "state": "passed",
              "speed": "slow",
              "pass": true,
              "fail": false,
              "pending": false,
              "context": null,
              "code": "cy.wait(3000);\nmembershipPage.select_MShip_Tab();\ncy.scrollTo(0, 300);\nmembershipPage.select_Buy_1Class();\ncy.wait(3000);\ncy.get('.product > :nth-child(2) > h4').contains('1 CLASS').should('be.visible');\ncy.get('.remove-button').click();\ncartPage.confirm_Remove_From_Cart();\ncy.get('#w0-success-0').contains('Item has been removed from cart.');",
              "err": {},
              "uuid": "b104ccd0-32b6-4538-8e75-1eb874cb6def",
              "parentUUID": "dc8376fb-3789-4cac-ab80-d082d1d8c5d6",
              "isHook": false,
              "skipped": false
            },
            {
              "title": "Buy 5 Package",
              "fullTitle": "Buy Plans from membership Buy 5 Package",
              "timedOut": null,
              "duration": 26141,
              "state": "passed",
              "speed": "slow",
              "pass": true,
              "fail": false,
              "pending": false,
              "context": null,
              "code": "cy.wait(3000);\nmembershipPage.select_MShip_Tab();\ncy.scrollTo(0, 300);\nmembershipPage.select_Buy_5Pack();\ncy.wait(3000);\ncy.get('.product > :nth-child(2) > h4').contains('5 PACK').should('be.visible');\ncy.get('.remove-button').click();\ncartPage.confirm_Remove_From_Cart();\ncy.get('#w0-success-0').contains('Item has been removed from cart.');",
              "err": {},
              "uuid": "69a31dde-0fec-46be-8f02-f4fff292e638",
              "parentUUID": "dc8376fb-3789-4cac-ab80-d082d1d8c5d6",
              "isHook": false,
              "skipped": false
            },
            {
              "title": "Buy 10 Package",
              "fullTitle": "Buy Plans from membership Buy 10 Package",
              "timedOut": null,
              "duration": 26152,
              "state": "passed",
              "speed": "slow",
              "pass": true,
              "fail": false,
              "pending": false,
              "context": null,
              "code": "cy.wait(3000);\nmembershipPage.select_MShip_Tab();\ncy.scrollTo(0, 300);\nmembershipPage.select_Buy_10Pack();\ncy.wait(3000);\ncy.get('.product > :nth-child(2) > h4').contains('10 PACK').should('be.visible');\ncy.get('.remove-button').click();\ncartPage.confirm_Remove_From_Cart();\ncy.get('#w0-success-0').contains('Item has been removed from cart.');",
              "err": {},
              "uuid": "61f45ebe-16d0-4efc-a3fd-63a3f9692187",
              "parentUUID": "dc8376fb-3789-4cac-ab80-d082d1d8c5d6",
              "isHook": false,
              "skipped": false
            }
          ],
          "suites": [],
          "passes": [
            "bc097bce-2fba-47e2-9bc7-ec4840408835",
            "fb4d43ea-11f8-443a-b5a6-9f226767e01c",
            "087ca995-5b80-444a-ab08-ab72b27725a1",
            "373bc3d8-de90-453c-b69e-e10c1dee7412",
            "b104ccd0-32b6-4538-8e75-1eb874cb6def",
            "69a31dde-0fec-46be-8f02-f4fff292e638",
            "61f45ebe-16d0-4efc-a3fd-63a3f9692187"
          ],
          "failures": [],
          "pending": [],
          "skipped": [],
          "duration": 195312,
          "root": false,
          "rootEmpty": false,
          "_timeout": 2000
        }
      ],
      "passes": [],
      "failures": [],
      "pending": [],
      "skipped": [],
      "duration": 0,
      "root": true,
      "rootEmpty": true,
      "_timeout": 2000
    }
  ],
  "meta": {
    "mocha": {
      "version": "7.0.1"
    },
    "mochawesome": {
      "options": {
        "quiet": true,
        "reportFilename": "mochawesome",
        "saveHtml": false,
        "saveJson": true,
        "consoleReporter": "spec",
        "useInlineDiffs": false
      },
      "version": "4.1.0"
    },
    "marge": {
      "options": {
        "reportDir": "integration-reports/integration/reports/mocha",
        "quiet": true,
        "html": false,
        "overwrite": false,
        "json": true
      },
      "version": "4.1.0"
    }
  }
}