{
  "stats": {
    "suites": 1,
    "tests": 3,
    "passes": 3,
    "pending": 0,
    "failures": 0,
    "start": "2021-04-09T22:26:36.748Z",
    "end": "2021-04-09T22:28:52.321Z",
    "duration": 135573,
    "testsRegistered": 3,
    "passPercent": 100,
    "pendingPercent": 0,
    "other": 0,
    "hasOther": false,
    "skipped": 0,
    "hasSkipped": false
  },
  "results": [
    {
      "uuid": "d26364cb-7401-4f05-962d-7e96d7d2b731",
      "title": "",
      "fullFile": "cypress/integration/Tests/Basic Tests/a04_VerifyPricingPage.spec.js",
      "file": "cypress/integration/Tests/Basic Tests/a04_VerifyPricingPage.spec.js",
      "beforeHooks": [],
      "afterHooks": [],
      "tests": [],
      "suites": [
        {
          "uuid": "7d72d079-1696-473d-8e6e-8ea5fa165c51",
          "title": "Tests to confirm the correct rediection to Schedule and elements",
          "fullFile": "",
          "file": "",
          "beforeHooks": [],
          "afterHooks": [],
          "tests": [
            {
              "title": "Verify the Pricing page as Logged out",
              "fullTitle": "Tests to confirm the correct rediection to Schedule and elements Verify the Pricing page as Logged out",
              "timedOut": null,
              "duration": 9768,
              "state": "passed",
              "speed": "slow",
              "pass": true,
              "fail": false,
              "pending": false,
              "context": null,
              "code": "pricingPage.select_Pricing_When_Logout();\ncy.url().should('eq', 'https://stage.vivayalive.com/membership');\ncy.get('.membership-timebased > .container > :nth-child(1) > strong').should('contain', 'Memberships');\ncy.get('.membership-normal-type > .container > :nth-child(1) > strong').should('contain', 'Packages');\ncy.get('.content-other-offerings > .container > h2 > strong').should('contain', 'All Other Offerings');",
              "err": {},
              "uuid": "3e9b543e-2c05-4590-b078-e53c7d4ef3a8",
              "parentUUID": "7d72d079-1696-473d-8e6e-8ea5fa165c51",
              "isHook": false,
              "skipped": false
            },
            {
              "title": "Verify the Pricing Page as Logged in Guide",
              "fullTitle": "Tests to confirm the correct rediection to Schedule and elements Verify the Pricing Page as Logged in Guide",
              "timedOut": null,
              "duration": 15443,
              "state": "passed",
              "speed": "slow",
              "pass": true,
              "fail": false,
              "pending": false,
              "context": null,
              "code": "homePage.select_Login();\ncommons.set_Guide_Credentials_One();\nhomePage.submit_Credentials();\ncy.wait(2000);\npricingPage.select_Pricing_When_Login();\ncy.get('.membership-timebased > .container > :nth-child(1) > strong').should('contain', 'Memberships');\ncy.get('.membership-normal-type > .container > :nth-child(1) > strong').should('contain', 'Packages');\ncy.get('.content-other-offerings > .container > h2 > strong').should('contain', 'All Other Offerings');",
              "err": {},
              "uuid": "c96cf49e-6180-4123-991b-59678050b1b6",
              "parentUUID": "7d72d079-1696-473d-8e6e-8ea5fa165c51",
              "isHook": false,
              "skipped": false
            },
            {
              "title": "Verify the Pricing page as Loggedin Seeker, Free trial plan is expired",
              "fullTitle": "Tests to confirm the correct rediection to Schedule and elements Verify the Pricing page as Loggedin Seeker, Free trial plan is expired",
              "timedOut": null,
              "duration": 107460,
              "state": "passed",
              "speed": "slow",
              "pass": true,
              "fail": false,
              "pending": false,
              "context": null,
              "code": "homePage.select_Login();\ncommons.set_Seeker_Credentials_Two();\nhomePage.submit_Credentials();\ncy.wait(2000);\npricingPage.select_Pricing_When_Login();\npricingPage.select_Suscribe_Monthly_5Pack();\ncy.wait(2000);\ncy.get('.remove-button').click();\ncartPage.confirm_Remove_From_Cart();\npricingPage.select_Pricing_When_Login();\ncy.scrollTo(0, 800);\npricingPage.buy_5Pack_Package();\ncy.wait(2000);\ncy.get('.remove-button').click();\ncartPage.confirm_Remove_From_Cart();",
              "err": {},
              "uuid": "cf158b14-1383-4426-9180-447fe5d1c1d8",
              "parentUUID": "7d72d079-1696-473d-8e6e-8ea5fa165c51",
              "isHook": false,
              "skipped": false
            }
          ],
          "suites": [],
          "passes": [
            "3e9b543e-2c05-4590-b078-e53c7d4ef3a8",
            "c96cf49e-6180-4123-991b-59678050b1b6",
            "cf158b14-1383-4426-9180-447fe5d1c1d8"
          ],
          "failures": [],
          "pending": [],
          "skipped": [],
          "duration": 132671,
          "root": false,
          "rootEmpty": false,
          "_timeout": 2000
        }
      ],
      "passes": [],
      "failures": [],
      "pending": [],
      "skipped": [],
      "duration": 0,
      "root": true,
      "rootEmpty": true,
      "_timeout": 2000
    }
  ],
  "meta": {
    "mocha": {
      "version": "7.0.1"
    },
    "mochawesome": {
      "options": {
        "quiet": true,
        "reportFilename": "mochawesome",
        "saveHtml": false,
        "saveJson": true,
        "consoleReporter": "spec",
        "useInlineDiffs": false
      },
      "version": "4.1.0"
    },
    "marge": {
      "options": {
        "reportDir": "integration-reports/integration/reports/mocha",
        "quiet": true,
        "html": false,
        "overwrite": false,
        "json": true
      },
      "version": "4.1.0"
    }
  }
}