{
  "stats": {
    "suites": 1,
    "tests": 2,
    "passes": 2,
    "pending": 0,
    "failures": 0,
    "start": "2021-03-30T20:23:17.480Z",
    "end": "2021-03-30T20:24:20.565Z",
    "duration": 63085,
    "testsRegistered": 2,
    "passPercent": 100,
    "pendingPercent": 0,
    "other": 0,
    "hasOther": false,
    "skipped": 0,
    "hasSkipped": false
  },
  "results": [
    {
      "uuid": "1a323b21-529f-4829-8a05-8bf728052411",
      "title": "",
      "fullFile": "cypress/integration/Tests/Guide and Seeker Actions/a15_SearchGuide.spec.js",
      "file": "cypress/integration/Tests/Guide and Seeker Actions/a15_SearchGuide.spec.js",
      "beforeHooks": [],
      "afterHooks": [],
      "tests": [],
      "suites": [
        {
          "uuid": "d39e6f51-1bdc-4a1b-83b6-eb2ca7c3068b",
          "title": "Search a Guide",
          "fullFile": "",
          "file": "",
          "beforeHooks": [],
          "afterHooks": [],
          "tests": [
            {
              "title": "Search a Guide Logged out",
              "fullTitle": "Search a Guide Search a Guide Logged out",
              "timedOut": null,
              "duration": 25572,
              "state": "passed",
              "speed": "slow",
              "pass": true,
              "fail": false,
              "pending": false,
              "context": null,
              "code": "guidesPage.select_Guide_Tab();\nguidesPage.perform_a_Search('manu rex');\ncy.wait(3000);\ncy.get('#w0 > div.row > div > a.img > img').click();\ncy.get('h1').contains('manu rex');",
              "err": {},
              "uuid": "9ffbb6e1-4e48-4b16-aef2-1a8956fc3367",
              "parentUUID": "d39e6f51-1bdc-4a1b-83b6-eb2ca7c3068b",
              "isHook": false,
              "skipped": false
            },
            {
              "title": "Search a guide with Loged in  User",
              "fullTitle": "Search a Guide Search a guide with Loged in  User",
              "timedOut": null,
              "duration": 34328,
              "state": "passed",
              "speed": "slow",
              "pass": true,
              "fail": false,
              "pending": false,
              "context": null,
              "code": "homePage.select_Login();\ncommons.set_Seeker_Credentials_One();\nhomePage.submit_Credentials();\ncy.wait(2000);\nguidesPage.select_Guide_Tab_when_Login();\nguidesPage.perform_a_Search('manu rex');\ncy.wait(3000);\ncy.get('#w0 > div.row > div > a.img > img').click();\ncy.get('h1').contains('manu rex');",
              "err": {},
              "uuid": "c5db12ad-79c4-443e-94a2-538763d67f93",
              "parentUUID": "d39e6f51-1bdc-4a1b-83b6-eb2ca7c3068b",
              "isHook": false,
              "skipped": false
            }
          ],
          "suites": [],
          "passes": [
            "9ffbb6e1-4e48-4b16-aef2-1a8956fc3367",
            "c5db12ad-79c4-443e-94a2-538763d67f93"
          ],
          "failures": [],
          "pending": [],
          "skipped": [],
          "duration": 59900,
          "root": false,
          "rootEmpty": false,
          "_timeout": 2000
        }
      ],
      "passes": [],
      "failures": [],
      "pending": [],
      "skipped": [],
      "duration": 0,
      "root": true,
      "rootEmpty": true,
      "_timeout": 2000
    }
  ],
  "meta": {
    "mocha": {
      "version": "7.0.1"
    },
    "mochawesome": {
      "options": {
        "quiet": true,
        "reportFilename": "mochawesome",
        "saveHtml": false,
        "saveJson": true,
        "consoleReporter": "spec",
        "useInlineDiffs": false
      },
      "version": "4.1.0"
    },
    "marge": {
      "options": {
        "reportDir": "integration-reports/integration/reports/mocha",
        "quiet": true,
        "html": false,
        "overwrite": false,
        "json": true
      },
      "version": "4.1.0"
    }
  }
}