{
  "stats": {
    "suites": 1,
    "tests": 3,
    "passes": 3,
    "pending": 0,
    "failures": 0,
    "start": "2021-04-14T00:56:50.624Z",
    "end": "2021-04-14T00:57:38.815Z",
    "duration": 48191,
    "testsRegistered": 3,
    "passPercent": 100,
    "pendingPercent": 0,
    "other": 0,
    "hasOther": false,
    "skipped": 0,
    "hasSkipped": false
  },
  "results": [
    {
      "uuid": "fbf9dcef-06e7-494d-b844-b0495c94aeef",
      "title": "",
      "fullFile": "cypress/integration/Tests/Basic Tests/a09_VerifyFirstResponder.spec.js",
      "file": "cypress/integration/Tests/Basic Tests/a09_VerifyFirstResponder.spec.js",
      "beforeHooks": [],
      "afterHooks": [],
      "tests": [],
      "suites": [
        {
          "uuid": "3d258f51-540f-4055-adf7-ea5f951c0a9e",
          "title": "Tests to confirm the correct rediection to Schedule and elements",
          "fullFile": "",
          "file": "",
          "beforeHooks": [],
          "afterHooks": [],
          "tests": [
            {
              "title": "Verify the First Responder page as Logged out",
              "fullTitle": "Tests to confirm the correct rediection to Schedule and elements Verify the First Responder page as Logged out",
              "timedOut": null,
              "duration": 14227,
              "state": "passed",
              "speed": "slow",
              "pass": true,
              "fail": false,
              "pending": false,
              "context": null,
              "code": "firstResponderPage.select_FirstResponders_When_LoggedOut();\ncy.url().should('eq', 'https://stage.vivayalive.com/first-responders');\ncy.get('.free-months > h2').should('contain', 'Our Gift of Gratitude to First Responders, Healthcare and Emergency Workers');\ncy.get('.free-months > :nth-child(3)').should('contain', 'VIVAYA is offering 2 FREE months of Unlimited Access to all VIVAYA Classes for First Responders, Healthcare and Emergency Workers.');\nfirstResponderPage.select_Register_Button(); //cy.url().should('eq','https://stage.vivayalive.com/signup/number?isFirstResponder=1')\n//cy.get('#banner > div > h1').should('contain', 'Welcome to VIVAYA')",
              "err": {},
              "uuid": "6ec10541-8303-4738-b25e-f1adf57b3c0e",
              "parentUUID": "3d258f51-540f-4055-adf7-ea5f951c0a9e",
              "isHook": false,
              "skipped": false
            },
            {
              "title": "Verify the First Responder Page as Logged in Guide",
              "fullTitle": "Tests to confirm the correct rediection to Schedule and elements Verify the First Responder Page as Logged in Guide",
              "timedOut": null,
              "duration": 14193,
              "state": "passed",
              "speed": "slow",
              "pass": true,
              "fail": false,
              "pending": false,
              "context": null,
              "code": "homePage.select_Login();\ncommons.set_Guide_Credentials_One();\nhomePage.submit_Credentials();\ncy.wait(2000);\nfirstResponderPage.select_FirstResponders_When_LogIn();\ncy.url().should('eq', 'https://stage.vivayalive.com/first-responders');\ncy.get('.free-months > h2').should('contain', 'Our Gift of Gratitude to First Responders, Healthcare and Emergency Workers');\ncy.get('.free-months > :nth-child(3)').should('contain', 'VIVAYA is offering 2 FREE months of Unlimited Access to all VIVAYA Classes for First Responders, Healthcare and Emergency Workers.');\nfirstResponderPage.select_Register_Button(); //cy.get('#appModal > div > div').should('be.visible')",
              "err": {},
              "uuid": "09a83470-c23e-46ff-9fee-a2dba22acb4b",
              "parentUUID": "3d258f51-540f-4055-adf7-ea5f951c0a9e",
              "isHook": false,
              "skipped": false
            },
            {
              "title": "Verify the First Responder Page as Logged in Seeker",
              "fullTitle": "Tests to confirm the correct rediection to Schedule and elements Verify the First Responder Page as Logged in Seeker",
              "timedOut": null,
              "duration": 16399,
              "state": "passed",
              "speed": "slow",
              "pass": true,
              "fail": false,
              "pending": false,
              "context": null,
              "code": "homePage.select_Login();\ncommons.set_Seeker_Credentials_One();\nhomePage.submit_Credentials();\ncy.wait(2000);\nfirstResponderPage.select_FirstResponders_When_LogIn();\ncy.url().should('eq', 'https://stage.vivayalive.com/first-responders');\ncy.get('.free-months > h2').should('contain', 'Our Gift of Gratitude to First Responders, Healthcare and Emergency Workers');\ncy.get('.free-months > :nth-child(3)').should('contain', 'VIVAYA is offering 2 FREE months of Unlimited Access to all VIVAYA Classes for First Responders, Healthcare and Emergency Workers.');\nfirstResponderPage.select_Register_Button(); //cy.get('#appModal > div > div').should('be.visible')",
              "err": {},
              "uuid": "109f64b7-144a-43bd-a6b5-38bf9119379e",
              "parentUUID": "3d258f51-540f-4055-adf7-ea5f951c0a9e",
              "isHook": false,
              "skipped": false
            }
          ],
          "suites": [],
          "passes": [
            "6ec10541-8303-4738-b25e-f1adf57b3c0e",
            "09a83470-c23e-46ff-9fee-a2dba22acb4b",
            "109f64b7-144a-43bd-a6b5-38bf9119379e"
          ],
          "failures": [],
          "pending": [],
          "skipped": [],
          "duration": 44819,
          "root": false,
          "rootEmpty": false,
          "_timeout": 2000
        }
      ],
      "passes": [],
      "failures": [],
      "pending": [],
      "skipped": [],
      "duration": 0,
      "root": true,
      "rootEmpty": true,
      "_timeout": 2000
    }
  ],
  "meta": {
    "mocha": {
      "version": "7.0.1"
    },
    "mochawesome": {
      "options": {
        "quiet": true,
        "reportFilename": "mochawesome",
        "saveHtml": false,
        "saveJson": true,
        "consoleReporter": "spec",
        "useInlineDiffs": false
      },
      "version": "4.1.0"
    },
    "marge": {
      "options": {
        "reportDir": "integration-reports/integration/reports/mocha",
        "quiet": true,
        "html": false,
        "overwrite": false,
        "json": true
      },
      "version": "4.1.0"
    }
  }
}