{
  "stats": {
    "suites": 1,
    "tests": 1,
    "passes": 0,
    "pending": 0,
    "failures": 1,
    "start": "2021-03-30T20:09:43.239Z",
    "end": "2021-03-30T20:10:51.126Z",
    "duration": 67887,
    "testsRegistered": 3,
    "passPercent": 0,
    "pendingPercent": 0,
    "other": 0,
    "hasOther": false,
    "skipped": 2,
    "hasSkipped": true
  },
  "results": [
    {
      "uuid": "c1d915cd-f874-4674-984d-80286ae84d2a",
      "title": "",
      "fullFile": "cypress/integration/Tests/Guide and Seeker Actions/a08_CreateEvent.spec.js",
      "file": "cypress/integration/Tests/Guide and Seeker Actions/a08_CreateEvent.spec.js",
      "beforeHooks": [],
      "afterHooks": [],
      "tests": [],
      "suites": [
        {
          "uuid": "5ae003a0-8dfc-43e0-ad33-d0f5eba6d746",
          "title": "Events Creation",
          "fullFile": "",
          "file": "",
          "beforeHooks": [],
          "afterHooks": [],
          "tests": [
            {
              "title": "Create and Cancel Workshop Event",
              "fullTitle": "Events Creation Create and Cancel Workshop Event",
              "timedOut": null,
              "duration": 43750,
              "state": "failed",
              "speed": null,
              "pass": false,
              "fail": true,
              "pending": false,
              "context": null,
              "code": "dashboard.add_NewEvent();\ndashboard.add_Workshop();\neventCreationPage.add_EventName('Workshop1');\ncy.wait(2000);\neventCreationPage.add_Description('This is a Test Workshop');\neventCreationPage.add_Custom_Number_Of_Days(2);\neventCreationPage.add_Price('40');\neventCreationPage.press_Add();\ncy.get('#w0-success-0').should('contain', 'Events have been created.');\ncy.wait(3000);\ndashboard.cancel_Created_Event();\ncy.get('#w0-success-0').should('contain', 'Event has been canceled.');",
              "err": {
                "message": "CypressError: Timed out retrying after 4050ms: `cy.click()` failed because this element is detached from the DOM.\n\n`<a class=\" cancel-event\" href=\"/events/#\" data-href=\"/events/7682/cancel\">Cancel ...</a>`\n\nCypress requires elements be attached in the DOM to interact with them.\n\nThe previous command that ran was:\n\n  > `cy.get()`\n\nThis DOM element likely became detached somewhere between the previous and current command.\n\nCommon situations why this happens:\n  - Your JS framework re-rendered asynchronously\n  - Your app code reacted to an event firing and removed the element\n\nYou typically need to re-query for the element or add 'guards' which delay Cypress from running new commands.\n\nhttps://on.cypress.io/element-has-detached-from-dom",
                "estack": "CypressError: Timed out retrying after 4050ms: `cy.click()` failed because this element is detached from the DOM.\n\n`<a class=\" cancel-event\" href=\"/events/#\" data-href=\"/events/7682/cancel\">Cancel ...</a>`\n\nCypress requires elements be attached in the DOM to interact with them.\n\nThe previous command that ran was:\n\n  > `cy.get()`\n\nThis DOM element likely became detached somewhere between the previous and current command.\n\nCommon situations why this happens:\n  - Your JS framework re-rendered asynchronously\n  - Your app code reacted to an event firing and removed the element\n\nYou typically need to re-query for the element or add 'guards' which delay Cypress from running new commands.\n\nhttps://on.cypress.io/element-has-detached-from-dom\n    at $Cy.ensureAttached (https://stage.vivayalive.com/__cypress/runner/cypress_runner.js:162581:24)\n    at runAllChecks (https://stage.vivayalive.com/__cypress/runner/cypress_runner.js:151376:12)\n    at retryActionability (https://stage.vivayalive.com/__cypress/runner/cypress_runner.js:151453:16)\n    at tryCatcher (https://stage.vivayalive.com/__cypress/runner/cypress_runner.js:10765:23)\n    at Function.Promise.attempt.Promise.try (https://stage.vivayalive.com/__cypress/runner/cypress_runner.js:8039:29)\n    at tryFn (https://stage.vivayalive.com/__cypress/runner/cypress_runner.js:167065:21)\n    at whenStable (https://stage.vivayalive.com/__cypress/runner/cypress_runner.js:167103:12)\n    at https://stage.vivayalive.com/__cypress/runner/cypress_runner.js:166598:16\n    at tryCatcher (https://stage.vivayalive.com/__cypress/runner/cypress_runner.js:10765:23)\n    at Promise._settlePromiseFromHandler (https://stage.vivayalive.com/__cypress/runner/cypress_runner.js:8700:31)\n    at Promise._settlePromise (https://stage.vivayalive.com/__cypress/runner/cypress_runner.js:8757:18)\n    at Promise._settlePromise0 (https://stage.vivayalive.com/__cypress/runner/cypress_runner.js:8802:10)\n    at Promise._settlePromises (https://stage.vivayalive.com/__cypress/runner/cypress_runner.js:8882:18)\n    at Promise._fulfill (https://stage.vivayalive.com/__cypress/runner/cypress_runner.js:8826:18)\n    at https://stage.vivayalive.com/__cypress/runner/cypress_runner.js:10440:46\nFrom Your Spec Code:\n    at Dashboard.cancel_Created_Event (https://stage.vivayalive.com/__cypress/tests?p=cypress/integration/Tests/Guide%20and%20Seeker%20Actions/a08_CreateEvent.spec.js:388:31)\n    at Context.eval (https://stage.vivayalive.com/__cypress/tests?p=cypress/integration/Tests/Guide%20and%20Seeker%20Actions/a08_CreateEvent.spec.js:265:15)",
                "diff": null
              },
              "uuid": "9e92341a-cb03-42a7-9edc-0a73b9c1e7f1",
              "parentUUID": "5ae003a0-8dfc-43e0-ad33-d0f5eba6d746",
              "isHook": false,
              "skipped": false
            },
            {
              "title": "Create and Cancel Class Event",
              "fullTitle": "Events Creation Create and Cancel Class Event",
              "timedOut": null,
              "duration": 0,
              "state": "skipped",
              "speed": null,
              "pass": false,
              "fail": false,
              "pending": false,
              "context": null,
              "code": "dashboard.add_NewEvent();\ndashboard.add_Class();\neventCreationPage.add_EventName('Class1');\ncy.wait(2000);\neventCreationPage.add_Description('This is a Test Class');\neventCreationPage.add_Custom_Number_Of_Days(2);\neventCreationPage.custom_Start_Time(5);\neventCreationPage.press_Add();\ncy.get('#w0-success-0').should('contain', 'Events have been created.');\ncy.wait(5000);\ndashboard.cancel_Created_Event();\ncy.get('#w0-success-0').should('contain', 'Event has been canceled.');",
              "err": {},
              "uuid": "4ee776e2-50f1-4ab4-abd0-216f34902eb7",
              "parentUUID": "5ae003a0-8dfc-43e0-ad33-d0f5eba6d746",
              "isHook": false,
              "skipped": true
            },
            {
              "title": "Create and Cancel One on One",
              "fullTitle": "Events Creation Create and Cancel One on One",
              "timedOut": null,
              "duration": 0,
              "state": "skipped",
              "speed": null,
              "pass": false,
              "fail": false,
              "pending": false,
              "context": null,
              "code": "dashboard.add_NewEvent();\ndashboard.add_One_One();\neventCreationPage.add_EventName('One-One');\ncy.wait(2000);\neventCreationPage.add_Description('This is a Test for One on One');\neventCreationPage.add_Custom_Number_Of_Days(3);\neventCreationPage.custom_Start_Time(5);\ncy.get('#eventform-session_offering_id > :nth-child(1) > label > input').click();\ncy.get('#eventform-session_offering_id > :nth-child(2) > label > input').click();\ncy.get('#eventform-session_offering_id > :nth-child(3) > label > input').click();\neventCreationPage.press_Add();\ncy.get('#w0-success-0').should('contain', 'Events have been created.');\ncy.wait(5000);\ndashboard.cancel_Created_Event();\ncy.get('#w0-success-0').should('contain', 'Event has been canceled.');",
              "err": {},
              "uuid": "4d6116c5-e59e-475a-94f5-29155f38fb6e",
              "parentUUID": "5ae003a0-8dfc-43e0-ad33-d0f5eba6d746",
              "isHook": false,
              "skipped": true
            }
          ],
          "suites": [],
          "passes": [],
          "failures": [
            "9e92341a-cb03-42a7-9edc-0a73b9c1e7f1"
          ],
          "pending": [],
          "skipped": [
            "4ee776e2-50f1-4ab4-abd0-216f34902eb7",
            "4d6116c5-e59e-475a-94f5-29155f38fb6e"
          ],
          "duration": 43750,
          "root": false,
          "rootEmpty": false,
          "_timeout": 2000
        }
      ],
      "passes": [],
      "failures": [],
      "pending": [],
      "skipped": [],
      "duration": 0,
      "root": true,
      "rootEmpty": true,
      "_timeout": 2000
    }
  ],
  "meta": {
    "mocha": {
      "version": "7.0.1"
    },
    "mochawesome": {
      "options": {
        "quiet": true,
        "reportFilename": "mochawesome",
        "saveHtml": false,
        "saveJson": true,
        "consoleReporter": "spec",
        "useInlineDiffs": false
      },
      "version": "4.1.0"
    },
    "marge": {
      "options": {
        "reportDir": "integration-reports/integration/reports/mocha",
        "quiet": true,
        "html": false,
        "overwrite": false,
        "json": true
      },
      "version": "4.1.0"
    }
  }
}