{
  "stats": {
    "suites": 1,
    "tests": 3,
    "passes": 2,
    "pending": 0,
    "failures": 1,
    "start": "2021-03-31T00:52:27.864Z",
    "end": "2021-03-31T00:55:10.259Z",
    "duration": 162395,
    "testsRegistered": 3,
    "passPercent": 66.66666666666666,
    "pendingPercent": 0,
    "other": 0,
    "hasOther": false,
    "skipped": 0,
    "hasSkipped": false
  },
  "results": [
    {
      "uuid": "34020eac-f038-4a0c-8f82-85d3e5f6a4ee",
      "title": "",
      "fullFile": "cypress/integration/Tests/Guide and Seeker Actions/a08_CreateEvent.spec.js",
      "file": "cypress/integration/Tests/Guide and Seeker Actions/a08_CreateEvent.spec.js",
      "beforeHooks": [],
      "afterHooks": [],
      "tests": [],
      "suites": [
        {
          "uuid": "1b029d27-d01b-4ea7-83ea-948ef8b35430",
          "title": "Events Creation",
          "fullFile": "",
          "file": "",
          "beforeHooks": [],
          "afterHooks": [],
          "tests": [
            {
              "title": "Create and Cancel Workshop Event",
              "fullTitle": "Events Creation Create and Cancel Workshop Event",
              "timedOut": null,
              "duration": 45323,
              "state": "passed",
              "speed": "slow",
              "pass": true,
              "fail": false,
              "pending": false,
              "context": null,
              "code": "dashboard.add_NewEvent();\ndashboard.add_Workshop();\neventCreationPage.add_EventName('Workshop1');\ncy.wait(2000);\neventCreationPage.add_Description('This is a Test Workshop');\neventCreationPage.add_Custom_Number_Of_Days(2);\neventCreationPage.add_Price('40');\neventCreationPage.press_Add();\ncy.get('#w0-success-0').should('contain', 'Events have been created.');\ncy.wait(3000);\ndashboard.cancel_Created_Event();\ncy.get('#w0-success-0').should('contain', 'Event has been canceled.');",
              "err": {},
              "uuid": "9089a8b5-b2cb-483a-99f4-977b797df80b",
              "parentUUID": "1b029d27-d01b-4ea7-83ea-948ef8b35430",
              "isHook": false,
              "skipped": false
            },
            {
              "title": "Create and Cancel Class Event",
              "fullTitle": "Events Creation Create and Cancel Class Event",
              "timedOut": null,
              "duration": 52754,
              "state": "passed",
              "speed": "slow",
              "pass": true,
              "fail": false,
              "pending": false,
              "context": null,
              "code": "dashboard.add_NewEvent();\ndashboard.add_Class();\neventCreationPage.add_EventName('Class1');\ncy.wait(2000);\neventCreationPage.add_Description('This is a Test Class');\neventCreationPage.add_Custom_Number_Of_Days(2);\neventCreationPage.custom_Start_Time(5);\neventCreationPage.press_Add();\ncy.get('#w0-success-0').should('contain', 'Events have been created.');\ncy.wait(5000);\ndashboard.cancel_Created_Event();\ncy.get('#w0-success-0').should('contain', 'Event has been canceled.');",
              "err": {},
              "uuid": "7d142045-c5b7-428e-87e6-3d6b00421353",
              "parentUUID": "1b029d27-d01b-4ea7-83ea-948ef8b35430",
              "isHook": false,
              "skipped": false
            },
            {
              "title": "Create and Cancel One on One",
              "fullTitle": "Events Creation Create and Cancel One on One",
              "timedOut": null,
              "duration": 60422,
              "state": "failed",
              "speed": null,
              "pass": false,
              "fail": true,
              "pending": false,
              "context": null,
              "code": "dashboard.add_NewEvent();\ndashboard.add_One_One();\neventCreationPage.add_EventName('One-One');\ncy.wait(2000);\neventCreationPage.add_Description('This is a Test for One on One');\neventCreationPage.add_Custom_Number_Of_Days(3);\neventCreationPage.custom_Start_Time(5);\ncy.get('#eventform-session_offering_id > :nth-child(1) > label > input').click();\ncy.get('#eventform-session_offering_id > :nth-child(2) > label > input').click();\ncy.get('#eventform-session_offering_id > :nth-child(3) > label > input').click();\neventCreationPage.press_Add();\ncy.get('#w0-success-0').should('contain', 'Events have been created.');\ncy.wait(5000);\ndashboard.cancel_Created_Event();\ncy.get('#w0-success-0').should('contain', 'Event has been canceled.');",
              "err": {
                "message": "CypressError: Timed out after waiting `60000ms` for your remote page to load.\n\nYour page did not fire its `load` event within `60000ms`.\n\nYou can try increasing the `pageLoadTimeout` value in `cypress.json` to wait longer.\n\nBrowsers will not fire the `load` event until all stylesheets and scripts are done downloading.\n\nWhen this `load` event occurs, Cypress will continue running commands.\n\nBecause this error occurred during a `before each` hook we are skipping the remaining tests in the current suite: `Events Creation`",
                "estack": "CypressError: Timed out after waiting `60000ms` for your remote page to load.\n\nYour page did not fire its `load` event within `60000ms`.\n\nYou can try increasing the `pageLoadTimeout` value in `cypress.json` to wait longer.\n\nBrowsers will not fire the `load` event until all stylesheets and scripts are done downloading.\n\nWhen this `load` event occurs, Cypress will continue running commands.\n\nBecause this error occurred during a `before each` hook we are skipping the remaining tests in the current suite: `Events Creation`\n    at timedOutWaitingForPageLoad (https://stage.vivayalive.com/__cypress/runner/cypress_runner.js:158187:13)\n    at https://stage.vivayalive.com/__cypress/runner/cypress_runner.js:159171:16\n    at tryCatcher (https://stage.vivayalive.com/__cypress/runner/cypress_runner.js:10765:23)\n    at https://stage.vivayalive.com/__cypress/runner/cypress_runner.js:5887:41\n    at tryCatcher (https://stage.vivayalive.com/__cypress/runner/cypress_runner.js:10765:23)\n    at Promise._settlePromiseFromHandler (https://stage.vivayalive.com/__cypress/runner/cypress_runner.js:8700:31)\n    at Promise._settlePromise (https://stage.vivayalive.com/__cypress/runner/cypress_runner.js:8757:18)\n    at Promise._settlePromise0 (https://stage.vivayalive.com/__cypress/runner/cypress_runner.js:8802:10)\n    at Promise._settlePromises (https://stage.vivayalive.com/__cypress/runner/cypress_runner.js:8878:18)\n    at _drainQueueStep (https://stage.vivayalive.com/__cypress/runner/cypress_runner.js:5472:12)\n    at _drainQueue (https://stage.vivayalive.com/__cypress/runner/cypress_runner.js:5465:9)\n    at Async.../../node_modules/bluebird/js/release/async.js.Async._drainQueues (https://stage.vivayalive.com/__cypress/runner/cypress_runner.js:5481:5)\n    at Async.drainQueues (https://stage.vivayalive.com/__cypress/runner/cypress_runner.js:5351:14)\nFrom Your Spec Code:\n    at Commons.open_Web_Site (https://stage.vivayalive.com/__cypress/tests?p=cypress/integration/Tests/Guide%20and%20Seeker%20Actions/a08_CreateEvent.spec.js:183:10)\n    at Context.eval (https://stage.vivayalive.com/__cypress/tests?p=cypress/integration/Tests/Guide%20and%20Seeker%20Actions/a08_CreateEvent.spec.js:243:13)",
                "diff": null
              },
              "uuid": "0160fa64-a230-4fe6-b8fe-cf4f45ce1562",
              "parentUUID": "1b029d27-d01b-4ea7-83ea-948ef8b35430",
              "isHook": false,
              "skipped": false
            }
          ],
          "suites": [],
          "passes": [
            "9089a8b5-b2cb-483a-99f4-977b797df80b",
            "7d142045-c5b7-428e-87e6-3d6b00421353"
          ],
          "failures": [
            "0160fa64-a230-4fe6-b8fe-cf4f45ce1562"
          ],
          "pending": [],
          "skipped": [],
          "duration": 158499,
          "root": false,
          "rootEmpty": false,
          "_timeout": 2000
        }
      ],
      "passes": [],
      "failures": [],
      "pending": [],
      "skipped": [],
      "duration": 0,
      "root": true,
      "rootEmpty": true,
      "_timeout": 2000
    }
  ],
  "meta": {
    "mocha": {
      "version": "7.0.1"
    },
    "mochawesome": {
      "options": {
        "quiet": true,
        "reportFilename": "mochawesome",
        "saveHtml": false,
        "saveJson": true,
        "consoleReporter": "spec",
        "useInlineDiffs": false
      },
      "version": "4.1.0"
    },
    "marge": {
      "options": {
        "reportDir": "integration-reports/integration/reports/mocha",
        "quiet": true,
        "html": false,
        "overwrite": false,
        "json": true
      },
      "version": "4.1.0"
    }
  }
}