{
  "stats": {
    "suites": 1,
    "tests": 2,
    "passes": 1,
    "pending": 0,
    "failures": 1,
    "start": "2021-03-27T01:38:55.216Z",
    "end": "2021-03-27T01:39:09.934Z",
    "duration": 14718,
    "testsRegistered": 2,
    "passPercent": 50,
    "pendingPercent": 0,
    "other": 1,
    "hasOther": true,
    "skipped": 0,
    "hasSkipped": false
  },
  "results": [
    {
      "uuid": "5e4dbfda-58aa-4fa0-a045-5a69e5242697",
      "title": "",
      "fullFile": "cypress/integration/Tests/Basic Tests/a02_VerifySchedulePage.spec.js",
      "file": "cypress/integration/Tests/Basic Tests/a02_VerifySchedulePage.spec.js",
      "beforeHooks": [],
      "afterHooks": [],
      "tests": [],
      "suites": [
        {
          "uuid": "17215756-577e-41c3-b243-5f12a19208fe",
          "title": "Tests to confirm the correct rediection to Schedule and elements",
          "fullFile": "",
          "file": "",
          "beforeHooks": [],
          "afterHooks": [],
          "tests": [
            {
              "title": "Verify the Schedule page as Logged out",
              "fullTitle": "Tests to confirm the correct rediection to Schedule and elements Verify the Schedule page as Logged out",
              "timedOut": null,
              "duration": 7860,
              "state": "passed",
              "speed": "slow",
              "pass": true,
              "fail": false,
              "pending": false,
              "context": null,
              "code": "schedulePage.select_Schedule_Tab_When_Logout();\ncy.url().should('eq', 'https://stage.vivayalive.com/schedule');",
              "err": {},
              "uuid": "ea25d48a-21f9-4eac-ad41-ebcfa891be6c",
              "parentUUID": "17215756-577e-41c3-b243-5f12a19208fe",
              "isHook": false,
              "skipped": false
            },
            {
              "title": "Verify the Schedule Page as Logged in user",
              "fullTitle": "Tests to confirm the correct rediection to Schedule and elements Verify the Schedule Page as Logged in user",
              "timedOut": null,
              "duration": 488,
              "state": "failed",
              "speed": null,
              "pass": false,
              "fail": true,
              "pending": false,
              "context": null,
              "code": "homePage.select_Login();\ncommons.set_Guide_Credentials();\nhomePage.submit_Credentials();\ncy.wait(2000);\nschedulePage.select_Schedule_Tab_When_Login();\ncy.url().should('eq', 'https://stage.vivayalive.com/schedule');",
              "err": {
                "message": "CypressError: `cy.click()` failed because it requires a DOM element.\n\nThe subject received was:\n\n  > `undefined`\n\nThe previous command that ran was:\n\n  > `cy.get()`\n\nBecause this error occurred during a `after all` hook we are skipping the remaining tests in the current suite: `Tests to confirm the correc...`",
                "estack": "CypressError: `cy.click()` failed because it requires a DOM element.\n\nThe subject received was:\n\n  > `undefined`\n\nThe previous command that ran was:\n\n  > `cy.get()`\n\nBecause this error occurred during a `after all` hook we are skipping the remaining tests in the current suite: `Tests to confirm the correc...`\n    at ensureElement (https://stage.vivayalive.com/__cypress/runner/cypress_runner.js:162595:24)\n    at validateType (https://stage.vivayalive.com/__cypress/runner/cypress_runner.js:162432:16)\n    at Object.ensureSubjectByType (https://stage.vivayalive.com/__cypress/runner/cypress_runner.js:162468:9)\n    at pushSubjectAndValidate (https://stage.vivayalive.com/__cypress/runner/cypress_runner.js:171208:15)\n    at Context.<anonymous> (https://stage.vivayalive.com/__cypress/runner/cypress_runner.js:171545:18)\nFrom Your Spec Code:\n    at HomePage.logout_Account (https://stage.vivayalive.com/__cypress/tests?p=cypress/integration/Tests/Basic%20Tests/a02_VerifySchedulePage.spec.js:320:24)\n    at Context.eval (https://stage.vivayalive.com/__cypress/tests?p=cypress/integration/Tests/Basic%20Tests/a02_VerifySchedulePage.spec.js:243:14)",
                "diff": null
              },
              "uuid": "a2bba5b5-9d0a-4381-a527-2ce2356b58c1",
              "parentUUID": "17215756-577e-41c3-b243-5f12a19208fe",
              "isHook": false,
              "skipped": false
            }
          ],
          "suites": [],
          "passes": [
            "ea25d48a-21f9-4eac-ad41-ebcfa891be6c"
          ],
          "failures": [
            "a2bba5b5-9d0a-4381-a527-2ce2356b58c1"
          ],
          "pending": [],
          "skipped": [],
          "duration": 8348,
          "root": false,
          "rootEmpty": false,
          "_timeout": 2000
        }
      ],
      "passes": [],
      "failures": [],
      "pending": [],
      "skipped": [],
      "duration": 0,
      "root": true,
      "rootEmpty": true,
      "_timeout": 2000
    }
  ],
  "meta": {
    "mocha": {
      "version": "7.0.1"
    },
    "mochawesome": {
      "options": {
        "quiet": true,
        "reportFilename": "mochawesome",
        "saveHtml": false,
        "saveJson": true,
        "consoleReporter": "spec",
        "useInlineDiffs": false
      },
      "version": "4.1.0"
    },
    "marge": {
      "options": {
        "reportDir": "integration-reports/integration/reports/mocha",
        "quiet": true,
        "html": false,
        "overwrite": false,
        "json": true
      },
      "version": "4.1.0"
    }
  }
}