{
  "stats": {
    "suites": 1,
    "tests": 3,
    "passes": 3,
    "pending": 0,
    "failures": 0,
    "start": "2021-03-27T01:39:40.805Z",
    "end": "2021-03-27T01:40:35.682Z",
    "duration": 54877,
    "testsRegistered": 3,
    "passPercent": 100,
    "pendingPercent": 0,
    "other": 0,
    "hasOther": false,
    "skipped": 0,
    "hasSkipped": false
  },
  "results": [
    {
      "uuid": "551a4916-1d90-4a90-8fca-3fcc5cacdbbc",
      "title": "",
      "fullFile": "cypress/integration/Tests/Basic Tests/a04_VerifyPricingPage.spec.js",
      "file": "cypress/integration/Tests/Basic Tests/a04_VerifyPricingPage.spec.js",
      "beforeHooks": [],
      "afterHooks": [],
      "tests": [],
      "suites": [
        {
          "uuid": "0d8f3325-bb00-44ba-bcaf-92a1d54bd440",
          "title": "Tests to confirm the correct rediection to Schedule and elements",
          "fullFile": "",
          "file": "",
          "beforeHooks": [],
          "afterHooks": [],
          "tests": [
            {
              "title": "Verify the Pricing page as Logged out",
              "fullTitle": "Tests to confirm the correct rediection to Schedule and elements Verify the Pricing page as Logged out",
              "timedOut": null,
              "duration": 10849,
              "state": "passed",
              "speed": "slow",
              "pass": true,
              "fail": false,
              "pending": false,
              "context": null,
              "code": "pricingPage.select_Pricing_When_Logout();\ncy.url().should('eq', 'https://stage.vivayalive.com/membership');\ncy.get('.membership-timebased > .container > :nth-child(1) > strong').should('contain', 'Memberships');\ncy.get('.membership-normal-type > .container > :nth-child(1) > strong').should('contain', 'Packages');\ncy.get('.content-other-offerings > .container > h2 > strong').should('contain', 'All Other Offerings');",
              "err": {},
              "uuid": "2c109373-bdea-49b6-a2c2-f42c956fc90a",
              "parentUUID": "0d8f3325-bb00-44ba-bcaf-92a1d54bd440",
              "isHook": false,
              "skipped": false
            },
            {
              "title": "Verify the Pricing Page as Logged in Guide",
              "fullTitle": "Tests to confirm the correct rediection to Schedule and elements Verify the Pricing Page as Logged in Guide",
              "timedOut": null,
              "duration": 13439,
              "state": "passed",
              "speed": "slow",
              "pass": true,
              "fail": false,
              "pending": false,
              "context": null,
              "code": "homePage.select_Login();\ncommons.set_Guide_Credentials_One();\nhomePage.submit_Credentials();\ncy.wait(2000);\npricingPage.select_Pricing_When_Login();\ncy.get('.membership-timebased > .container > :nth-child(1) > strong').should('contain', 'Memberships');\ncy.get('.membership-normal-type > .container > :nth-child(1) > strong').should('contain', 'Packages');\ncy.get('.content-other-offerings > .container > h2 > strong').should('contain', 'All Other Offerings');",
              "err": {},
              "uuid": "1366cb4d-b50a-45c5-a3de-0264fed47f87",
              "parentUUID": "0d8f3325-bb00-44ba-bcaf-92a1d54bd440",
              "isHook": false,
              "skipped": false
            },
            {
              "title": "Verify the Pricing page as Loggedin Seeker, Free trial plan is expired",
              "fullTitle": "Tests to confirm the correct rediection to Schedule and elements Verify the Pricing page as Loggedin Seeker, Free trial plan is expired",
              "timedOut": null,
              "duration": 27780,
              "state": "passed",
              "speed": "slow",
              "pass": true,
              "fail": false,
              "pending": false,
              "context": null,
              "code": "homePage.select_Login();\ncommons.set_Seeker_Credentials_Two();\nhomePage.submit_Credentials();\ncy.wait(2000);\npricingPage.select_Pricing_When_Login();\npricingPage.select_Suscribe_Monthly_5Pack();\ncy.wait(2000);\ncy.get('.remove-button').click();\ncartPage.confirm_Remove_From_Cart();\npricingPage.select_Pricing_When_Login();\ncy.scrollTo(0, 800);\npricingPage.buy_5Pack_Package();\ncy.wait(2000);\ncy.get('.remove-button').click();\ncartPage.confirm_Remove_From_Cart();",
              "err": {},
              "uuid": "ccd3ea33-081e-4e54-a182-baf6829b7037",
              "parentUUID": "0d8f3325-bb00-44ba-bcaf-92a1d54bd440",
              "isHook": false,
              "skipped": false
            }
          ],
          "suites": [],
          "passes": [
            "2c109373-bdea-49b6-a2c2-f42c956fc90a",
            "1366cb4d-b50a-45c5-a3de-0264fed47f87",
            "ccd3ea33-081e-4e54-a182-baf6829b7037"
          ],
          "failures": [],
          "pending": [],
          "skipped": [],
          "duration": 52068,
          "root": false,
          "rootEmpty": false,
          "_timeout": 2000
        }
      ],
      "passes": [],
      "failures": [],
      "pending": [],
      "skipped": [],
      "duration": 0,
      "root": true,
      "rootEmpty": true,
      "_timeout": 2000
    }
  ],
  "meta": {
    "mocha": {
      "version": "7.0.1"
    },
    "mochawesome": {
      "options": {
        "quiet": true,
        "reportFilename": "mochawesome",
        "saveHtml": false,
        "saveJson": true,
        "consoleReporter": "spec",
        "useInlineDiffs": false
      },
      "version": "4.1.0"
    },
    "marge": {
      "options": {
        "reportDir": "integration-reports/integration/reports/mocha",
        "quiet": true,
        "html": false,
        "overwrite": false,
        "json": true
      },
      "version": "4.1.0"
    }
  }
}