{
  "stats": {
    "suites": 1,
    "tests": 2,
    "passes": 2,
    "pending": 0,
    "failures": 0,
    "start": "2021-03-30T20:17:47.440Z",
    "end": "2021-03-30T20:18:55.960Z",
    "duration": 68520,
    "testsRegistered": 2,
    "passPercent": 100,
    "pendingPercent": 0,
    "other": 0,
    "hasOther": false,
    "skipped": 0,
    "hasSkipped": false
  },
  "results": [
    {
      "uuid": "45ce34f4-39ae-493a-8c5a-e6992c3d87be",
      "title": "",
      "fullFile": "cypress/integration/Tests/Guide and Seeker Actions/a13_EventisStarted.spec.js",
      "file": "cypress/integration/Tests/Guide and Seeker Actions/a13_EventisStarted.spec.js",
      "beforeHooks": [],
      "afterHooks": [],
      "tests": [],
      "suites": [
        {
          "uuid": "87bec95d-81dd-4f20-a7cd-6e32635ac596",
          "title": "Start event from Guide side and Join from Seeker side",
          "fullFile": "",
          "file": "",
          "beforeHooks": [],
          "afterHooks": [],
          "tests": [
            {
              "title": "Start Event as Guide",
              "fullTitle": "Start event from Guide side and Join from Seeker side Start Event as Guide",
              "timedOut": null,
              "duration": 29076,
              "state": "passed",
              "speed": "slow",
              "pass": true,
              "fail": false,
              "pending": false,
              "context": null,
              "code": "homePage.select_Login();\ncommons.set_Guide_Credentials_One();\nhomePage.submit_Credentials();\ncy.wait(8000);\ndashboard.press_Start_Event_Button();\ncy.xpath('//*[@id=\"fbStart\"]').should('contain', 'Rejoin Event');\nhomePage.logout_Account();",
              "err": {},
              "uuid": "992b31fc-36d2-4587-bd26-0fac7a4de8e7",
              "parentUUID": "87bec95d-81dd-4f20-a7cd-6e32635ac596",
              "isHook": false,
              "skipped": false
            },
            {
              "title": "Seeker Book and Join Event",
              "fullTitle": "Start event from Guide side and Join from Seeker side Seeker Book and Join Event",
              "timedOut": null,
              "duration": 36839,
              "state": "passed",
              "speed": "slow",
              "pass": true,
              "fail": false,
              "pending": false,
              "context": null,
              "code": "homePage.select_Login();\ncommons.set_Seeker_Credentials_One();\nhomePage.submit_Credentials();\ncy.wait(3000);\nhomePage.go_Home();\ncy.scrollTo(0, 1300);\nhomePage.select_First_Event_Upcoming_Section();\nhomePage.go_Home();\ncy.scrollTo(0, 1300);\ncy.wait(6000);\nhomePage.join_Event_From_Home();\ncy.get('.join-event').should('contain', 'Join Event');",
              "err": {},
              "uuid": "92ced0a2-6f53-4262-aac7-c11a8f6ccaa7",
              "parentUUID": "87bec95d-81dd-4f20-a7cd-6e32635ac596",
              "isHook": false,
              "skipped": false
            }
          ],
          "suites": [],
          "passes": [
            "992b31fc-36d2-4587-bd26-0fac7a4de8e7",
            "92ced0a2-6f53-4262-aac7-c11a8f6ccaa7"
          ],
          "failures": [],
          "pending": [],
          "skipped": [],
          "duration": 65915,
          "root": false,
          "rootEmpty": false,
          "_timeout": 2000
        }
      ],
      "passes": [],
      "failures": [],
      "pending": [],
      "skipped": [],
      "duration": 0,
      "root": true,
      "rootEmpty": true,
      "_timeout": 2000
    }
  ],
  "meta": {
    "mocha": {
      "version": "7.0.1"
    },
    "mochawesome": {
      "options": {
        "quiet": true,
        "reportFilename": "mochawesome",
        "saveHtml": false,
        "saveJson": true,
        "consoleReporter": "spec",
        "useInlineDiffs": false
      },
      "version": "4.1.0"
    },
    "marge": {
      "options": {
        "reportDir": "integration-reports/integration/reports/mocha",
        "quiet": true,
        "html": false,
        "overwrite": false,
        "json": true
      },
      "version": "4.1.0"
    }
  }
}