{
  "stats": {
    "suites": 1,
    "tests": 1,
    "passes": 0,
    "pending": 0,
    "failures": 1,
    "start": "2021-04-07T14:59:59.516Z",
    "end": "2021-04-07T15:00:14.403Z",
    "duration": 14887,
    "testsRegistered": 1,
    "passPercent": 0,
    "pendingPercent": 0,
    "other": 0,
    "hasOther": false,
    "skipped": 0,
    "hasSkipped": false
  },
  "results": [
    {
      "uuid": "930e1efc-9732-4fc3-84dd-b1f9d9b53df3",
      "title": "",
      "fullFile": "cypress/integration/Tests/Seminars/a16_CreateDeleteSeminar.spec.js",
      "file": "cypress/integration/Tests/Seminars/a16_CreateDeleteSeminar.spec.js",
      "beforeHooks": [],
      "afterHooks": [],
      "tests": [],
      "suites": [
        {
          "uuid": "ace108f8-9648-4ca3-adf2-3cc2e596dfb4",
          "title": "Seminar Creation, Cancelation and Seminar Eevnt creation",
          "fullFile": "",
          "file": "",
          "beforeHooks": [],
          "afterHooks": [],
          "tests": [
            {
              "title": "Create Edit and Delete a Seminar",
              "fullTitle": "Seminar Creation, Cancelation and Seminar Eevnt creation Create Edit and Delete a Seminar",
              "timedOut": null,
              "duration": 11603,
              "state": "failed",
              "speed": null,
              "pass": false,
              "fail": true,
              "pending": false,
              "context": null,
              "code": "homePage.select_Login();\ncommons.set_Guide_Credentials_One();\nhomePage.submit_Credentials();\ndashboard.go_to_Dashboard_From_Menu();\ndashboard.select_Add_Seminar();\nseminars.type_Seminar_Name(\"Seminar Automation\");\nseminars.add_Description(\"This is a Seminar for Automation Proj\");\nseminars.add_Custom_Start_Date(8);\nseminars.add_Custom_End_Date(15);\nseminars.select_Main_Offering('Yoga');\nseminars.add_Seminar_Price(150);\nseminars.select_Allow_Independent_Events();\nseminars.select_Publish_Button();\ncy.get('#w0-success-0').should('contain', 'Seminar has been created.');\ncy.get('h4 > a').should('contain', 'Seminar Automation'); //Edit Seminar\nseminars.select_Edit_Seminar();\ncy.get('#seminar-name').clear();\nseminars.type_Seminar_Name(\"Seminar Automation Edited\");\nseminars.select_Publish_Button();\ncy.get('#w0-success-0').should('contain', 'Seminar has been updated.');\ncy.get('h4 > a').should('contain', 'Seminar Automation Edited'); //Cancel the Seminar\ncy.wait(3000);\nseminars.select_Cancel_Seminar();\ncy.get('#w0-success-0').should('contain', 'Seminar has been cancelled.');",
              "err": {
                "message": "TypeError: Cypress.moment is not a function",
                "estack": "TypeError: Cypress.moment is not a function\n    at SeminarCreationPage.add_Custom_Start_Date (https://stage.vivayalive.com/__cypress/tests?p=cypress/integration/Tests/Seminars/a16_CreateDeleteSeminar.spec.js:487:31)\n    at Context.eval (https://stage.vivayalive.com/__cypress/tests?p=cypress/integration/Tests/Seminars/a16_CreateDeleteSeminar.spec.js:178:14)",
                "diff": null
              },
              "uuid": "1f51b7cc-0b23-47d3-bd2f-02f5ce8e9010",
              "parentUUID": "ace108f8-9648-4ca3-adf2-3cc2e596dfb4",
              "isHook": false,
              "skipped": false
            }
          ],
          "suites": [],
          "passes": [],
          "failures": [
            "1f51b7cc-0b23-47d3-bd2f-02f5ce8e9010"
          ],
          "pending": [],
          "skipped": [],
          "duration": 11603,
          "root": false,
          "rootEmpty": false,
          "_timeout": 2000
        }
      ],
      "passes": [],
      "failures": [],
      "pending": [],
      "skipped": [],
      "duration": 0,
      "root": true,
      "rootEmpty": true,
      "_timeout": 2000
    }
  ],
  "meta": {
    "mocha": {
      "version": "7.0.1"
    },
    "mochawesome": {
      "options": {
        "quiet": true,
        "reportFilename": "mochawesome",
        "saveHtml": false,
        "saveJson": true,
        "consoleReporter": "spec",
        "useInlineDiffs": false
      },
      "version": "4.1.0"
    },
    "marge": {
      "options": {
        "reportDir": "integration-reports/integration/reports/mocha",
        "quiet": true,
        "html": false,
        "overwrite": false,
        "json": true
      },
      "version": "4.1.0"
    }
  }
}