{
  "stats": {
    "suites": 1,
    "tests": 3,
    "passes": 1,
    "pending": 1,
    "failures": 1,
    "start": "2021-03-31T01:04:33.185Z",
    "end": "2021-03-31T01:07:14.815Z",
    "duration": 161630,
    "testsRegistered": 3,
    "passPercent": 50,
    "pendingPercent": 33.33333333333333,
    "other": 0,
    "hasOther": false,
    "skipped": 0,
    "hasSkipped": false
  },
  "results": [
    {
      "uuid": "7a28f2f0-f0ed-40d2-9148-f48d96386719",
      "title": "",
      "fullFile": "cypress/integration/Tests/Guide and Seeker Actions/a12_BookEventfromHome.spec.js",
      "file": "cypress/integration/Tests/Guide and Seeker Actions/a12_BookEventfromHome.spec.js",
      "beforeHooks": [],
      "afterHooks": [],
      "tests": [],
      "suites": [
        {
          "uuid": "c3ceafd2-7b8e-4390-b1cb-a7a82a66bdb3",
          "title": "Booking Events",
          "fullFile": "",
          "file": "",
          "beforeHooks": [],
          "afterHooks": [],
          "tests": [
            {
              "title": "Create an Event as a Guide",
              "fullTitle": "Booking Events Create an Event as a Guide",
              "timedOut": null,
              "duration": 68610,
              "state": "passed",
              "speed": "slow",
              "pass": true,
              "fail": false,
              "pending": false,
              "context": null,
              "code": "homePage.select_Login();\ncommons.set_Guide_Credentials_One();\nhomePage.submit_Credentials();\ndashboard.add_NewEvent();\ndashboard.add_Class();\neventCreationPage.add_EventName('class test');\ncy.wait(2000);\neventCreationPage.add_Description('This is a class test');\neventCreationPage.add_Current_Date();\neventCreationPage.custom_Start_Time(5);\neventCreationPage.press_Add();",
              "err": {},
              "uuid": "2c0336c3-1ce5-47ac-a0e1-2e9c9976e8d1",
              "parentUUID": "c3ceafd2-7b8e-4390-b1cb-a7a82a66bdb3",
              "isHook": false,
              "skipped": false
            },
            {
              "title": "Book the Last Event from Home page",
              "fullTitle": "Booking Events Book the Last Event from Home page",
              "timedOut": null,
              "duration": 88560,
              "state": "failed",
              "speed": null,
              "pass": false,
              "fail": true,
              "pending": false,
              "context": null,
              "code": "homePage.select_Login();\ncommons.set_Seeker_Credentials_One();\nhomePage.submit_Credentials();\ncy.wait(3000);\nhomePage.go_Home();\ncy.scrollTo(0, 1300);\nhomePage.select_First_Event_Upcoming_Section(); //eventDetailPage.book_Event_from_EventDetail()\ncy.wait(2000);\neventDetailPage.cancel_Event_from_EventDetail();\neventDetailPage.confirm_Cancelation_from_EventDetail();",
              "err": {
                "message": "CypressError: Timed out after waiting `60000ms` for your remote page to load.\n\nYour page did not fire its `load` event within `60000ms`.\n\nYou can try increasing the `pageLoadTimeout` value in `cypress.json` to wait longer.\n\nBrowsers will not fire the `load` event until all stylesheets and scripts are done downloading.\n\nWhen this `load` event occurs, Cypress will continue running commands.",
                "estack": "CypressError: Timed out after waiting `60000ms` for your remote page to load.\n\nYour page did not fire its `load` event within `60000ms`.\n\nYou can try increasing the `pageLoadTimeout` value in `cypress.json` to wait longer.\n\nBrowsers will not fire the `load` event until all stylesheets and scripts are done downloading.\n\nWhen this `load` event occurs, Cypress will continue running commands.\n    at timedOutWaitingForPageLoad (https://stage.vivayalive.com/__cypress/runner/cypress_runner.js:158187:13)\n    at https://stage.vivayalive.com/__cypress/runner/cypress_runner.js:158452:14\n    at tryCatcher (https://stage.vivayalive.com/__cypress/runner/cypress_runner.js:10765:23)\n    at https://stage.vivayalive.com/__cypress/runner/cypress_runner.js:5887:41\n    at tryCatcher (https://stage.vivayalive.com/__cypress/runner/cypress_runner.js:10765:23)\n    at Promise._settlePromiseFromHandler (https://stage.vivayalive.com/__cypress/runner/cypress_runner.js:8700:31)\n    at Promise._settlePromise (https://stage.vivayalive.com/__cypress/runner/cypress_runner.js:8757:18)\n    at Promise._settlePromise0 (https://stage.vivayalive.com/__cypress/runner/cypress_runner.js:8802:10)\n    at Promise._settlePromises (https://stage.vivayalive.com/__cypress/runner/cypress_runner.js:8878:18)\n    at _drainQueueStep (https://stage.vivayalive.com/__cypress/runner/cypress_runner.js:5472:12)\n    at _drainQueue (https://stage.vivayalive.com/__cypress/runner/cypress_runner.js:5465:9)\n    at Async.../../node_modules/bluebird/js/release/async.js.Async._drainQueues (https://stage.vivayalive.com/__cypress/runner/cypress_runner.js:5481:5)\n    at Async.drainQueues (https://stage.vivayalive.com/__cypress/runner/cypress_runner.js:5351:14)\nFrom Your Spec Code:\n    at Context.eval (https://stage.vivayalive.com/__cypress/tests?p=cypress/integration/Tests/Guide%20and%20Seeker%20Actions/a12_BookEventfromHome.spec.js:276:8)",
                "diff": null
              },
              "uuid": "be9ddea1-adbc-472e-bd5a-075205664990",
              "parentUUID": "c3ceafd2-7b8e-4390-b1cb-a7a82a66bdb3",
              "isHook": false,
              "skipped": false
            },
            {
              "title": "Guide delete the Event from his Dashboard",
              "fullTitle": "Booking Events Guide delete the Event from his Dashboard",
              "timedOut": null,
              "duration": 0,
              "state": "pending",
              "speed": null,
              "pass": false,
              "fail": false,
              "pending": true,
              "context": null,
              "code": "",
              "err": {},
              "uuid": "59a801a7-387e-4e66-9a1f-76b14f49ce79",
              "parentUUID": "c3ceafd2-7b8e-4390-b1cb-a7a82a66bdb3",
              "isHook": false,
              "skipped": false
            }
          ],
          "suites": [],
          "passes": [
            "2c0336c3-1ce5-47ac-a0e1-2e9c9976e8d1"
          ],
          "failures": [
            "be9ddea1-adbc-472e-bd5a-075205664990"
          ],
          "pending": [
            "59a801a7-387e-4e66-9a1f-76b14f49ce79"
          ],
          "skipped": [],
          "duration": 157170,
          "root": false,
          "rootEmpty": false,
          "_timeout": 2000
        }
      ],
      "passes": [],
      "failures": [],
      "pending": [],
      "skipped": [],
      "duration": 0,
      "root": true,
      "rootEmpty": true,
      "_timeout": 2000
    }
  ],
  "meta": {
    "mocha": {
      "version": "7.0.1"
    },
    "mochawesome": {
      "options": {
        "quiet": true,
        "reportFilename": "mochawesome",
        "saveHtml": false,
        "saveJson": true,
        "consoleReporter": "spec",
        "useInlineDiffs": false
      },
      "version": "4.1.0"
    },
    "marge": {
      "options": {
        "reportDir": "integration-reports/integration/reports/mocha",
        "quiet": true,
        "html": false,
        "overwrite": false,
        "json": true
      },
      "version": "4.1.0"
    }
  }
}