{
  "stats": {
    "suites": 1,
    "tests": 1,
    "passes": 1,
    "pending": 0,
    "failures": 0,
    "start": "2021-03-30T20:24:35.001Z",
    "end": "2021-03-30T20:25:43.867Z",
    "duration": 68866,
    "testsRegistered": 1,
    "passPercent": 100,
    "pendingPercent": 0,
    "other": 0,
    "hasOther": false,
    "skipped": 0,
    "hasSkipped": false
  },
  "results": [
    {
      "uuid": "15bf20a3-38ed-48fd-b94e-66c312de73ae",
      "title": "",
      "fullFile": "cypress/integration/Tests/Seminars/a16_CreateDeleteSeminar.spec.js",
      "file": "cypress/integration/Tests/Seminars/a16_CreateDeleteSeminar.spec.js",
      "beforeHooks": [],
      "afterHooks": [],
      "tests": [],
      "suites": [
        {
          "uuid": "9ce9f36d-722d-4a58-b11d-f7380afe8244",
          "title": "Seminar Creation, Cancelation and Seminar Eevnt creation",
          "fullFile": "",
          "file": "",
          "beforeHooks": [],
          "afterHooks": [],
          "tests": [
            {
              "title": "Create Edit and Delete a Seminar",
              "fullTitle": "Seminar Creation, Cancelation and Seminar Eevnt creation Create Edit and Delete a Seminar",
              "timedOut": null,
              "duration": 65342,
              "state": "passed",
              "speed": "slow",
              "pass": true,
              "fail": false,
              "pending": false,
              "context": null,
              "code": "homePage.select_Login();\ncommons.set_Guide_Credentials_One();\nhomePage.submit_Credentials();\ndashboard.go_to_Dashboard_From_Menu();\ndashboard.select_Add_Seminar();\nseminars.type_Seminar_Name(\"Seminar Automation\");\nseminars.add_Description(\"This is a Seminar for Automation Proj\");\nseminars.add_Custom_Start_Date(8);\nseminars.add_Custom_End_Date(15);\nseminars.select_Main_Offering('Yoga');\nseminars.add_Seminar_Price(150);\nseminars.select_Allow_Independent_Events();\nseminars.select_Publish_Button();\ncy.get('#w0-success-0').should('contain', 'Seminar has been created.');\ncy.get('h4 > a').should('contain', 'Seminar Automation'); //Edit Seminar\nseminars.select_Edit_Seminar();\ncy.get('#seminar-name').clear();\nseminars.type_Seminar_Name(\"Seminar Automation Edited\");\nseminars.select_Publish_Button();\ncy.get('#w0-success-0').should('contain', 'Seminar has been updated.');\ncy.get('h4 > a').should('contain', 'Seminar Automation Edited'); //Cancel the Seminar\ncy.wait(3000);\nseminars.select_Cancel_Seminar();\ncy.get('#w0-success-0').should('contain', 'Seminar has been cancelled.');",
              "err": {},
              "uuid": "082979a2-4d5f-4334-8c44-d592c36820de",
              "parentUUID": "9ce9f36d-722d-4a58-b11d-f7380afe8244",
              "isHook": false,
              "skipped": false
            }
          ],
          "suites": [],
          "passes": [
            "082979a2-4d5f-4334-8c44-d592c36820de"
          ],
          "failures": [],
          "pending": [],
          "skipped": [],
          "duration": 65342,
          "root": false,
          "rootEmpty": false,
          "_timeout": 2000
        }
      ],
      "passes": [],
      "failures": [],
      "pending": [],
      "skipped": [],
      "duration": 0,
      "root": true,
      "rootEmpty": true,
      "_timeout": 2000
    }
  ],
  "meta": {
    "mocha": {
      "version": "7.0.1"
    },
    "mochawesome": {
      "options": {
        "quiet": true,
        "reportFilename": "mochawesome",
        "saveHtml": false,
        "saveJson": true,
        "consoleReporter": "spec",
        "useInlineDiffs": false
      },
      "version": "4.1.0"
    },
    "marge": {
      "options": {
        "reportDir": "integration-reports/integration/reports/mocha",
        "quiet": true,
        "html": false,
        "overwrite": false,
        "json": true
      },
      "version": "4.1.0"
    }
  }
}