{
  "stats": {
    "suites": 1,
    "tests": 2,
    "passes": 2,
    "pending": 0,
    "failures": 0,
    "start": "2021-04-09T22:59:58.048Z",
    "end": "2021-04-09T23:01:34.265Z",
    "duration": 96217,
    "testsRegistered": 2,
    "passPercent": 100,
    "pendingPercent": 0,
    "other": 0,
    "hasOther": false,
    "skipped": 0,
    "hasSkipped": false
  },
  "results": [
    {
      "uuid": "46096ea1-71f1-4b72-8b79-a464e293929d",
      "title": "",
      "fullFile": "cypress/integration/Tests/Guide and Seeker Actions/a15_SearchGuide.spec.js",
      "file": "cypress/integration/Tests/Guide and Seeker Actions/a15_SearchGuide.spec.js",
      "beforeHooks": [],
      "afterHooks": [],
      "tests": [],
      "suites": [
        {
          "uuid": "4ea6bfc0-e8df-452b-b78d-7d7c660b996b",
          "title": "Search a Guide",
          "fullFile": "",
          "file": "",
          "beforeHooks": [],
          "afterHooks": [],
          "tests": [
            {
              "title": "Search a Guide Logged out",
              "fullTitle": "Search a Guide Search a Guide Logged out",
              "timedOut": null,
              "duration": 40287,
              "state": "passed",
              "speed": "slow",
              "pass": true,
              "fail": false,
              "pending": false,
              "context": null,
              "code": "guidesPage.select_Guide_Tab();\nguidesPage.perform_a_Search('manu rex');\ncy.wait(3000);\ncy.get('#w0 > div.row > div > a.img > img').click();\ncy.get('h1').contains('manu rex');",
              "err": {},
              "uuid": "015a8746-e479-42f0-b6ba-6d8b4a75094d",
              "parentUUID": "4ea6bfc0-e8df-452b-b78d-7d7c660b996b",
              "isHook": false,
              "skipped": false
            },
            {
              "title": "Search a guide with Loged in  User",
              "fullTitle": "Search a Guide Search a guide with Loged in  User",
              "timedOut": null,
              "duration": 52023,
              "state": "passed",
              "speed": "slow",
              "pass": true,
              "fail": false,
              "pending": false,
              "context": null,
              "code": "homePage.select_Login();\ncommons.set_Seeker_Credentials_One();\nhomePage.submit_Credentials();\ncy.wait(2000);\nguidesPage.select_Guide_Tab_when_Login();\nguidesPage.perform_a_Search('manu rex');\ncy.wait(3000);\ncy.get('#w0 > div.row > div > a.img > img').click();\ncy.get('h1').contains('manu rex');",
              "err": {},
              "uuid": "67e34f21-3c63-4fc6-b416-9fce50fd56a8",
              "parentUUID": "4ea6bfc0-e8df-452b-b78d-7d7c660b996b",
              "isHook": false,
              "skipped": false
            }
          ],
          "suites": [],
          "passes": [
            "015a8746-e479-42f0-b6ba-6d8b4a75094d",
            "67e34f21-3c63-4fc6-b416-9fce50fd56a8"
          ],
          "failures": [],
          "pending": [],
          "skipped": [],
          "duration": 92310,
          "root": false,
          "rootEmpty": false,
          "_timeout": 2000
        }
      ],
      "passes": [],
      "failures": [],
      "pending": [],
      "skipped": [],
      "duration": 0,
      "root": true,
      "rootEmpty": true,
      "_timeout": 2000
    }
  ],
  "meta": {
    "mocha": {
      "version": "7.0.1"
    },
    "mochawesome": {
      "options": {
        "quiet": true,
        "reportFilename": "mochawesome",
        "saveHtml": false,
        "saveJson": true,
        "consoleReporter": "spec",
        "useInlineDiffs": false
      },
      "version": "4.1.0"
    },
    "marge": {
      "options": {
        "reportDir": "integration-reports/integration/reports/mocha",
        "quiet": true,
        "html": false,
        "overwrite": false,
        "json": true
      },
      "version": "4.1.0"
    }
  }
}