{
  "stats": {
    "suites": 1,
    "tests": 1,
    "passes": 0,
    "pending": 0,
    "failures": 1,
    "start": "2021-03-30T16:55:24.041Z",
    "end": "2021-03-30T16:56:12.475Z",
    "duration": 48434,
    "testsRegistered": 1,
    "passPercent": 0,
    "pendingPercent": 0,
    "other": 0,
    "hasOther": false,
    "skipped": 0,
    "hasSkipped": false
  },
  "results": [
    {
      "uuid": "4ca0a176-f5b3-4c53-a0c3-61db6698136e",
      "title": "",
      "fullFile": "cypress/integration/Tests/Guide and Seeker Actions/a09_EditEvent.spec.js",
      "file": "cypress/integration/Tests/Guide and Seeker Actions/a09_EditEvent.spec.js",
      "beforeHooks": [],
      "afterHooks": [],
      "tests": [],
      "suites": [
        {
          "uuid": "b421c214-7813-4029-b72e-c000329a9bda",
          "title": "Events Creation",
          "fullFile": "",
          "file": "",
          "beforeHooks": [],
          "afterHooks": [],
          "tests": [
            {
              "title": "Create an Event and Edit",
              "fullTitle": "Events Creation Create an Event and Edit",
              "timedOut": null,
              "duration": 46070,
              "state": "failed",
              "speed": null,
              "pass": false,
              "fail": true,
              "pending": false,
              "context": null,
              "code": "homePage.select_Login();\ncommons.set_Guide_Credentials_One();\nhomePage.submit_Credentials();\ndashboard.add_NewEvent();\ndashboard.add_Class();\neventCreationPage.add_EventName('class test');\ncy.wait(2000);\neventCreationPage.add_Description('This is a class test');\neventCreationPage.add_Custom_Number_Of_Days(2);\neventCreationPage.custom_Start_Time(10);\neventCreationPage.press_Add();\ncy.wait(3000);\ncy.scrollTo(0, 70);\ndashboard.select_Edit_Event();\ncy.get('#eventform-startdate').clear();\neventCreationPage.add_Custom_Number_Of_Days(4);\neventCreationPage.press_Update_After_Edit();\ncy.wait(3000);\ncy.get('#w0-success-0').should('contain', 'Event has been updated.');\ndashboard.cancel_Created_Event();\ncy.wait(2000);",
              "err": {
                "message": "AssertionError: Timed out retrying after 4000ms: Expected to find element: `undefined`, but never found it.",
                "estack": "AssertionError: Timed out retrying after 4000ms: Expected to find element: `undefined`, but never found it.\n    at Dashboard.select_Edit_Event (https://stage.vivayalive.com/__cypress/tests?p=cypress/integration/Tests/Guide%20and%20Seeker%20Actions/a09_EditEvent.spec.js:307:10)\n    at Context.eval (https://stage.vivayalive.com/__cypress/tests?p=cypress/integration/Tests/Guide%20and%20Seeker%20Actions/a09_EditEvent.spec.js:264:15)",
                "diff": null
              },
              "uuid": "355bbeb5-b19b-4981-afeb-fee53f87f140",
              "parentUUID": "b421c214-7813-4029-b72e-c000329a9bda",
              "isHook": false,
              "skipped": false
            }
          ],
          "suites": [],
          "passes": [],
          "failures": [
            "355bbeb5-b19b-4981-afeb-fee53f87f140"
          ],
          "pending": [],
          "skipped": [],
          "duration": 46070,
          "root": false,
          "rootEmpty": false,
          "_timeout": 2000
        }
      ],
      "passes": [],
      "failures": [],
      "pending": [],
      "skipped": [],
      "duration": 0,
      "root": true,
      "rootEmpty": true,
      "_timeout": 2000
    }
  ],
  "meta": {
    "mocha": {
      "version": "7.0.1"
    },
    "mochawesome": {
      "options": {
        "quiet": true,
        "reportFilename": "mochawesome",
        "saveHtml": false,
        "saveJson": true,
        "consoleReporter": "spec",
        "useInlineDiffs": false
      },
      "version": "4.1.0"
    },
    "marge": {
      "options": {
        "reportDir": "integration-reports/integration/reports/mocha",
        "quiet": true,
        "html": false,
        "overwrite": false,
        "json": true
      },
      "version": "4.1.0"
    }
  }
}