{
  "stats": {
    "suites": 1,
    "tests": 7,
    "passes": 7,
    "pending": 0,
    "failures": 0,
    "start": "2021-04-14T16:09:30.948Z",
    "end": "2021-04-14T16:14:47.696Z",
    "duration": 316748,
    "testsRegistered": 7,
    "passPercent": 100,
    "pendingPercent": 0,
    "other": 0,
    "hasOther": false,
    "skipped": 0,
    "hasSkipped": false
  },
  "results": [
    {
      "uuid": "205a142e-287c-4f0d-9cb9-0eecf111924f",
      "title": "",
      "fullFile": "cypress/integration/Tests/Guide and Seeker Actions/a14_BuyPackage.spec.js",
      "file": "cypress/integration/Tests/Guide and Seeker Actions/a14_BuyPackage.spec.js",
      "beforeHooks": [],
      "afterHooks": [],
      "tests": [],
      "suites": [
        {
          "uuid": "f3519398-9f91-422f-b3f5-5fb7dd05d7f7",
          "title": "Buy Plans from membership",
          "fullFile": "",
          "file": "",
          "beforeHooks": [],
          "afterHooks": [],
          "tests": [
            {
              "title": "Buy Monthly 3 Pack Membership",
              "fullTitle": "Buy Plans from membership Buy Monthly 3 Pack Membership",
              "timedOut": null,
              "duration": 46115,
              "state": "passed",
              "speed": "slow",
              "pass": true,
              "fail": false,
              "pending": false,
              "context": null,
              "code": "cy.wait(3000);\nmembershipPage.select_MShip_Tab();\nmembershipPage.select_Subscribe_3Pack();\ncy.wait(3000);\ncy.get('#checkout-form > div:nth-child(2) > div:nth-child(2) > h4').contains('Monthly 3 Pack Membership').should('be.visible');\ncy.get('.remove-button').click();\ncartPage.confirm_Remove_From_Cart();\ncy.get('#w0-success-0').contains('Item has been removed from cart.');",
              "err": {},
              "uuid": "c449eb75-858e-43a5-8d80-874bbc96447e",
              "parentUUID": "f3519398-9f91-422f-b3f5-5fb7dd05d7f7",
              "isHook": false,
              "skipped": false
            },
            {
              "title": "Buy Monthly 5 Pack Membership",
              "fullTitle": "Buy Plans from membership Buy Monthly 5 Pack Membership",
              "timedOut": null,
              "duration": 37927,
              "state": "passed",
              "speed": "slow",
              "pass": true,
              "fail": false,
              "pending": false,
              "context": null,
              "code": "cy.wait(3000);\nmembershipPage.select_MShip_Tab();\nmembershipPage.select_Subscribe_5Pack();\ncy.wait(3000);\ncy.get('#checkout-form > div:nth-child(2) > div:nth-child(2) > h4').contains('Monthly 5 Pack Membership').should('be.visible');\ncy.get('.remove-button').click();\ncartPage.confirm_Remove_From_Cart();\ncy.get('#w0-success-0').contains('Item has been removed from cart.');",
              "err": {},
              "uuid": "97e874b9-737a-4e6f-adc6-d0d9bcb0272f",
              "parentUUID": "f3519398-9f91-422f-b3f5-5fb7dd05d7f7",
              "isHook": false,
              "skipped": false
            },
            {
              "title": "Buy Monthly Unlimited Membership",
              "fullTitle": "Buy Plans from membership Buy Monthly Unlimited Membership",
              "timedOut": null,
              "duration": 55025,
              "state": "passed",
              "speed": "slow",
              "pass": true,
              "fail": false,
              "pending": false,
              "context": null,
              "code": "cy.wait(3000);\nmembershipPage.select_MShip_Tab();\nmembershipPage.select_Monthly_Unlimited();\ncy.wait(3000);\ncy.get('.product > :nth-child(2) > h4').contains('MONTHLY UNLIMITED MEMBERSHIP').should('be.visible');\ncy.get('.remove-button').click();\ncartPage.confirm_Remove_From_Cart();\ncy.get('#w0-success-0').contains('Item has been removed from cart.');",
              "err": {},
              "uuid": "335efb78-cbc8-49cd-ad7f-d97ce87982ed",
              "parentUUID": "f3519398-9f91-422f-b3f5-5fb7dd05d7f7",
              "isHook": false,
              "skipped": false
            },
            {
              "title": "Buy Annual Unlimited Membership",
              "fullTitle": "Buy Plans from membership Buy Annual Unlimited Membership",
              "timedOut": null,
              "duration": 54929,
              "state": "passed",
              "speed": "slow",
              "pass": true,
              "fail": false,
              "pending": false,
              "context": null,
              "code": "cy.wait(3000);\nmembershipPage.select_MShip_Tab();\nmembershipPage.select_Annual_Unlimited();\ncy.wait(3000);\ncy.get('.product > :nth-child(2) > h4').contains('ANNUAL UNLIMITED MEMBERSHIP').should('be.visible');\ncy.get('.remove-button').click();\ncartPage.confirm_Remove_From_Cart();\ncy.get('#w0-success-0').contains('Item has been removed from cart.');",
              "err": {},
              "uuid": "745d8a91-1f80-4f31-bfad-5c88969a5e72",
              "parentUUID": "f3519398-9f91-422f-b3f5-5fb7dd05d7f7",
              "isHook": false,
              "skipped": false
            },
            {
              "title": "Buy 1 class",
              "fullTitle": "Buy Plans from membership Buy 1 class",
              "timedOut": null,
              "duration": 38136,
              "state": "passed",
              "speed": "slow",
              "pass": true,
              "fail": false,
              "pending": false,
              "context": null,
              "code": "cy.wait(3000);\nmembershipPage.select_MShip_Tab();\ncy.scrollTo(0, 300);\nmembershipPage.select_Buy_1Class();\ncy.wait(3000);\ncy.get('.product > :nth-child(2) > h4').contains('1 CLASS').should('be.visible');\ncy.get('.remove-button').click();\ncartPage.confirm_Remove_From_Cart();\ncy.get('#w0-success-0').contains('Item has been removed from cart.');",
              "err": {},
              "uuid": "0b5daccd-c7c5-45a5-a78d-40062277cc96",
              "parentUUID": "f3519398-9f91-422f-b3f5-5fb7dd05d7f7",
              "isHook": false,
              "skipped": false
            },
            {
              "title": "Buy 5 Package",
              "fullTitle": "Buy Plans from membership Buy 5 Package",
              "timedOut": null,
              "duration": 36687,
              "state": "passed",
              "speed": "slow",
              "pass": true,
              "fail": false,
              "pending": false,
              "context": null,
              "code": "cy.wait(3000);\nmembershipPage.select_MShip_Tab();\ncy.scrollTo(0, 300);\nmembershipPage.select_Buy_5Pack();\ncy.wait(3000);\ncy.get('.product > :nth-child(2) > h4').contains('5 PACK').should('be.visible');\ncy.get('.remove-button').click();\ncartPage.confirm_Remove_From_Cart();\ncy.get('#w0-success-0').contains('Item has been removed from cart.');",
              "err": {},
              "uuid": "c023a2c2-89ee-4d7f-bda2-f8bdf6c919e7",
              "parentUUID": "f3519398-9f91-422f-b3f5-5fb7dd05d7f7",
              "isHook": false,
              "skipped": false
            },
            {
              "title": "Buy 10 Package",
              "fullTitle": "Buy Plans from membership Buy 10 Package",
              "timedOut": null,
              "duration": 37925,
              "state": "passed",
              "speed": "slow",
              "pass": true,
              "fail": false,
              "pending": false,
              "context": null,
              "code": "cy.wait(3000);\nmembershipPage.select_MShip_Tab();\ncy.scrollTo(0, 300);\nmembershipPage.select_Buy_10Pack();\ncy.wait(3000);\ncy.get('.product > :nth-child(2) > h4').contains('10 PACK').should('be.visible');\ncy.get('.remove-button').click();\ncartPage.confirm_Remove_From_Cart();\ncy.get('#w0-success-0').contains('Item has been removed from cart.');",
              "err": {},
              "uuid": "da8a2088-9c8e-4784-ab42-0d561e9803e9",
              "parentUUID": "f3519398-9f91-422f-b3f5-5fb7dd05d7f7",
              "isHook": false,
              "skipped": false
            }
          ],
          "suites": [],
          "passes": [
            "c449eb75-858e-43a5-8d80-874bbc96447e",
            "97e874b9-737a-4e6f-adc6-d0d9bcb0272f",
            "335efb78-cbc8-49cd-ad7f-d97ce87982ed",
            "745d8a91-1f80-4f31-bfad-5c88969a5e72",
            "0b5daccd-c7c5-45a5-a78d-40062277cc96",
            "c023a2c2-89ee-4d7f-bda2-f8bdf6c919e7",
            "da8a2088-9c8e-4784-ab42-0d561e9803e9"
          ],
          "failures": [],
          "pending": [],
          "skipped": [],
          "duration": 306744,
          "root": false,
          "rootEmpty": false,
          "_timeout": 2000
        }
      ],
      "passes": [],
      "failures": [],
      "pending": [],
      "skipped": [],
      "duration": 0,
      "root": true,
      "rootEmpty": true,
      "_timeout": 2000
    }
  ],
  "meta": {
    "mocha": {
      "version": "7.0.1"
    },
    "mochawesome": {
      "options": {
        "quiet": true,
        "reportFilename": "mochawesome",
        "saveHtml": false,
        "saveJson": true,
        "consoleReporter": "spec",
        "useInlineDiffs": false
      },
      "version": "4.1.0"
    },
    "marge": {
      "options": {
        "reportDir": "integration-reports/integration/reports/mocha",
        "quiet": true,
        "html": false,
        "overwrite": false,
        "json": true
      },
      "version": "4.1.0"
    }
  }
}