{
  "stats": {
    "suites": 1,
    "tests": 3,
    "passes": 0,
    "pending": 0,
    "failures": 3,
    "start": "2021-04-07T15:03:13.652Z",
    "end": "2021-04-07T15:04:09.913Z",
    "duration": 56261,
    "testsRegistered": 3,
    "passPercent": 0,
    "pendingPercent": 0,
    "other": 0,
    "hasOther": false,
    "skipped": 0,
    "hasSkipped": false
  },
  "results": [
    {
      "uuid": "23b20d29-1c11-475b-a192-781fb65b20e5",
      "title": "",
      "fullFile": "cypress/integration/Tests/Seminars/a21_BuySeminar.spec.js",
      "file": "cypress/integration/Tests/Seminars/a21_BuySeminar.spec.js",
      "beforeHooks": [],
      "afterHooks": [],
      "tests": [],
      "suites": [
        {
          "uuid": "7497fa39-d77c-40cb-9f6e-438118cb32ef",
          "title": "Add seminar to cart and remove from cart",
          "fullFile": "",
          "file": "",
          "beforeHooks": [],
          "afterHooks": [],
          "tests": [
            {
              "title": "Create a Seminar with one event",
              "fullTitle": "Add seminar to cart and remove from cart Create a Seminar with one event",
              "timedOut": null,
              "duration": 9658,
              "state": "failed",
              "speed": null,
              "pass": false,
              "fail": true,
              "pending": false,
              "context": null,
              "code": "homePage.select_Login();\ncommons.set_Guide_Credentials_One();\nhomePage.submit_Credentials();\ncy.wait(3000);\ndashboard.select_Add_Seminar();\nseminars.type_Seminar_Name(\"Seminar Automation\");\nseminars.add_Description(\"This is a Seminar for Automation Proj\");\nseminars.add_Custom_Start_Date(8);\nseminars.add_Custom_End_Date(15);\nseminars.select_Main_Offering('Yoga');\nseminars.add_Seminar_Price(150);\nseminars.select_Allow_Independent_Events();\nseminars.select_Publish_Button();\ncy.get('#w0-success-0').should('contain', 'Seminar has been created.');\ncy.get('h4 > a').should('contain', 'Seminar Automation'); //add seminar event\ndashboard.add_NewEvent();\ndashboard.add_Seminar_Event();\nseminarEvent.add_Seminar_Event_Name('Seminar Event test one');\nseminarEvent.add_Description('This is a seminar Event for testing');\nseminarEvent.add_Custom_Number_Of_Days(10);\nseminarEvent.custom_End_Time(2);\nseminarEvent.select_Existing_Seminar('Seminar Automation');\nseminarEvent.select_Assign_Guide('manu rex');\ncy.get('.tt-suggestion').click();\nseminarEvent.add_EventSeminar_Price(50);\nseminarEvent.select_Add_Button();\ncy.get('#w0-success-0').should('contain', 'Events have been created.');\nhomePage.logout_Account();",
              "err": {
                "message": "TypeError: Cypress.moment is not a function",
                "estack": "TypeError: Cypress.moment is not a function\n    at SeminarCreationPage.add_Custom_Start_Date (https://stage.vivayalive.com/__cypress/tests?p=cypress/integration/Tests/Seminars/a21_BuySeminar.spec.js:569:31)\n    at Context.eval (https://stage.vivayalive.com/__cypress/tests?p=cypress/integration/Tests/Seminars/a21_BuySeminar.spec.js:179:14)",
                "diff": null
              },
              "uuid": "a1f19451-cb78-45c6-a3f0-b1b6018f2994",
              "parentUUID": "7497fa39-d77c-40cb-9f6e-438118cb32ef",
              "isHook": false,
              "skipped": false
            },
            {
              "title": "Buy Seminar",
              "fullTitle": "Add seminar to cart and remove from cart Buy Seminar",
              "timedOut": null,
              "duration": 22446,
              "state": "failed",
              "speed": null,
              "pass": false,
              "fail": true,
              "pending": false,
              "context": null,
              "code": "homePage.select_Login();\ncommons.set_Seeker_Credentials_One();\nhomePage.submit_Credentials();\ncy.wait(3000);\ncy.get('.col-lg-8 > #footernav > :nth-child(3) > a').click();\ncy.get(':nth-child(1) > .n').click();\ncy.get(':nth-child(1) > .text-center > .btn').click();\ncy.get('.product > :nth-child(2) > h4').should('contain.text', 'Seminar: Seminar Automation');\ncartPage.select_Checkout();\ncartPage.select_Confirm_Purchase();\ncy.get('.order-summary').should('contain.text', 'Purchase Confirmation');\ncy.get(':nth-child(2) > .col-md-8').should('contain.text', 'SEMINAR: Seminar Automation');\ncartPage.select_Go_ToDashboard_AfterPurchase();\ncy.scrollTo(0, 300);\ncy.get('.cancel-seminar').click();\ndashboard.confirm_Cancelation_From_Dashboard();\ncy.wait(3000);",
              "err": {
                "message": "AssertionError: Timed out retrying after 4000ms: Expected to find element: `:nth-child(1) > .n`, but never found it.",
                "estack": "AssertionError: Timed out retrying after 4000ms: Expected to find element: `:nth-child(1) > .n`, but never found it.\n    at Context.eval (https://stage.vivayalive.com/__cypress/tests?p=cypress/integration/Tests/Seminars/a21_BuySeminar.spec.js:208:8)",
                "diff": null
              },
              "uuid": "184a3698-6379-492b-aec3-530d65720e41",
              "parentUUID": "7497fa39-d77c-40cb-9f6e-438118cb32ef",
              "isHook": false,
              "skipped": false
            },
            {
              "title": "Delete Seminar from Guide Dashboard",
              "fullTitle": "Add seminar to cart and remove from cart Delete Seminar from Guide Dashboard",
              "timedOut": null,
              "duration": 20979,
              "state": "failed",
              "speed": null,
              "pass": false,
              "fail": true,
              "pending": false,
              "context": null,
              "code": "homePage.select_Login();\ncommons.set_Guide_Credentials_One();\nhomePage.submit_Credentials();\ncy.wait(3000);\nseminars.select_Cancel_Seminar();\ncy.get('#w0-success-0').should('contain', 'Seminar has been cancelled.');",
              "err": {
                "message": "AssertionError: Timed out retrying after 4000ms: Expected to find element: `.cancel-seminar`, but never found it.",
                "estack": "AssertionError: Timed out retrying after 4000ms: Expected to find element: `.cancel-seminar`, but never found it.\n    at SeminarCreationPage.select_Cancel_Seminar (https://stage.vivayalive.com/__cypress/tests?p=cypress/integration/Tests/Seminars/a21_BuySeminar.spec.js:595:8)\n    at Context.eval (https://stage.vivayalive.com/__cypress/tests?p=cypress/integration/Tests/Seminars/a21_BuySeminar.spec.js:226:14)",
                "diff": null
              },
              "uuid": "0b106404-8dfd-487c-86d7-ebf35808ca87",
              "parentUUID": "7497fa39-d77c-40cb-9f6e-438118cb32ef",
              "isHook": false,
              "skipped": false
            }
          ],
          "suites": [],
          "passes": [],
          "failures": [
            "a1f19451-cb78-45c6-a3f0-b1b6018f2994",
            "184a3698-6379-492b-aec3-530d65720e41",
            "0b106404-8dfd-487c-86d7-ebf35808ca87"
          ],
          "pending": [],
          "skipped": [],
          "duration": 53083,
          "root": false,
          "rootEmpty": false,
          "_timeout": 2000
        }
      ],
      "passes": [],
      "failures": [],
      "pending": [],
      "skipped": [],
      "duration": 0,
      "root": true,
      "rootEmpty": true,
      "_timeout": 2000
    }
  ],
  "meta": {
    "mocha": {
      "version": "7.0.1"
    },
    "mochawesome": {
      "options": {
        "quiet": true,
        "reportFilename": "mochawesome",
        "saveHtml": false,
        "saveJson": true,
        "consoleReporter": "spec",
        "useInlineDiffs": false
      },
      "version": "4.1.0"
    },
    "marge": {
      "options": {
        "reportDir": "integration-reports/integration/reports/mocha",
        "quiet": true,
        "html": false,
        "overwrite": false,
        "json": true
      },
      "version": "4.1.0"
    }
  }
}