{
  "stats": {
    "suites": 1,
    "tests": 3,
    "passes": 3,
    "pending": 0,
    "failures": 0,
    "start": "2021-04-14T15:37:49.930Z",
    "end": "2021-04-14T15:38:34.201Z",
    "duration": 44271,
    "testsRegistered": 3,
    "passPercent": 100,
    "pendingPercent": 0,
    "other": 0,
    "hasOther": false,
    "skipped": 0,
    "hasSkipped": false
  },
  "results": [
    {
      "uuid": "d6331d6a-ff7e-4106-adcd-4281ca9d3e95",
      "title": "",
      "fullFile": "cypress/integration/Tests/Corporate/c01_CreateCorporateFromAdmin.spec.js",
      "file": "cypress/integration/Tests/Corporate/c01_CreateCorporateFromAdmin.spec.js",
      "beforeHooks": [],
      "afterHooks": [],
      "tests": [],
      "suites": [
        {
          "uuid": "a4c28106-e2a8-4aa8-bfbb-ee63efe23548",
          "title": "Tests to create a new corporate as Administrator",
          "fullFile": "",
          "file": "",
          "beforeHooks": [],
          "afterHooks": [],
          "tests": [
            {
              "title": "The Admin is able to create a Corporation from admin",
              "fullTitle": "Tests to create a new corporate as Administrator The Admin is able to create a Corporation from admin",
              "timedOut": null,
              "duration": 19037,
              "state": "passed",
              "speed": "slow",
              "pass": true,
              "fail": false,
              "pending": false,
              "context": null,
              "code": "commons.set_Admin_Credentials();\nadmin_corporate.select_Corporate_Option();\nadmin_corporate.select_Corporate_List();\nadmin_corporate.select_Add_New_Corporate();\nadmin_corporate.type_Corporate_Name('corporate automation uno');\nadmin_corporate.type_Corporate_Domain('automation.com');\nadmin_corporate.type_Corporate_Address('address automation');\nadmin_corporate.type_Corporate_PhoneNumber('73575915');\nadmin_corporate.type_Corporate_ContactName('corporate automation user');\nadmin_corporate.type_Corporate_ContactEmail('manuel.rojas@automation.com');\ncy.wait(2000);\nadmin_corporate.add_Corporate_From_Form();\ncy.wait(5000);",
              "err": {},
              "uuid": "dc678798-419b-47f3-8b6f-f12cd296ba99",
              "parentUUID": "a4c28106-e2a8-4aa8-bfbb-ee63efe23548",
              "isHook": false,
              "skipped": false
            },
            {
              "title": "Create and Delete a Promo Code for last created Corporation",
              "fullTitle": "Tests to create a new corporate as Administrator Create and Delete a Promo Code for last created Corporation",
              "timedOut": null,
              "duration": 17231,
              "state": "passed",
              "speed": "slow",
              "pass": true,
              "fail": false,
              "pending": false,
              "context": null,
              "code": "commons.set_Admin_Credentials();\nadmin_corporate.select_Corporate_Option();\nadmin_promo_code.select_Corporate_Promotions_From_List();\nadmin_promo_code.select_Create_New_Promo();\nadmin_promo_code.type_Promotion_Name('promo automation');\nadmin_promo_code.type_Promotion_Code('pr automation'); //admin_promo_code.type_Promotion_Domain_Name('automation')\ncy.get('#w1').type('automation').wait(2000).type('{downarrow}').type('{enter}');\nadmin_promo_code.type_Promotion_Discount('25');\ncy.wait(3000);\nadmin_promo_code.select_Add_Promtion_Button();\ncy.get('.table').find('.glyphicon-trash').last().click();",
              "err": {},
              "uuid": "2dee6002-9e95-421f-84f4-3b361f3ef15e",
              "parentUUID": "a4c28106-e2a8-4aa8-bfbb-ee63efe23548",
              "isHook": false,
              "skipped": false
            },
            {
              "title": "Delete the las corporated created",
              "fullTitle": "Tests to create a new corporate as Administrator Delete the las corporated created",
              "timedOut": null,
              "duration": 4963,
              "state": "passed",
              "speed": "slow",
              "pass": true,
              "fail": false,
              "pending": false,
              "context": null,
              "code": "commons.set_Admin_Credentials();\nadmin_corporate.select_Corporate_Option();\nadmin_corporate.select_Corporate_List();\ncy.get('.table').find('.glyphicon-trash').last().click();",
              "err": {},
              "uuid": "1312b176-0fcf-4c05-8e15-7108d418b2bf",
              "parentUUID": "a4c28106-e2a8-4aa8-bfbb-ee63efe23548",
              "isHook": false,
              "skipped": false
            }
          ],
          "suites": [],
          "passes": [
            "dc678798-419b-47f3-8b6f-f12cd296ba99",
            "2dee6002-9e95-421f-84f4-3b361f3ef15e",
            "1312b176-0fcf-4c05-8e15-7108d418b2bf"
          ],
          "failures": [],
          "pending": [],
          "skipped": [],
          "duration": 41231,
          "root": false,
          "rootEmpty": false,
          "_timeout": 2000
        }
      ],
      "passes": [],
      "failures": [],
      "pending": [],
      "skipped": [],
      "duration": 0,
      "root": true,
      "rootEmpty": true,
      "_timeout": 2000
    }
  ],
  "meta": {
    "mocha": {
      "version": "7.0.1"
    },
    "mochawesome": {
      "options": {
        "quiet": true,
        "reportFilename": "mochawesome",
        "saveHtml": false,
        "saveJson": true,
        "consoleReporter": "spec",
        "useInlineDiffs": false
      },
      "version": "4.1.0"
    },
    "marge": {
      "options": {
        "reportDir": "integration-reports/integration/reports/mocha",
        "quiet": true,
        "html": false,
        "overwrite": false,
        "json": true
      },
      "version": "4.1.0"
    }
  }
}