{
  "stats": {
    "suites": 1,
    "tests": 3,
    "passes": 2,
    "pending": 1,
    "failures": 0,
    "start": "2021-03-30T16:01:35.747Z",
    "end": "2021-03-30T16:03:24.024Z",
    "duration": 108277,
    "testsRegistered": 4,
    "passPercent": 66.66666666666666,
    "pendingPercent": 25,
    "other": 1,
    "hasOther": true,
    "skipped": 1,
    "hasSkipped": true
  },
  "results": [
    {
      "uuid": "a503f6b7-336e-43e1-a2cf-e52311b708ae",
      "title": "",
      "fullFile": "cypress/integration/Tests/Guide and Seeker Actions/a10_BookCancelEventfromGuidePage.spec.js",
      "file": "cypress/integration/Tests/Guide and Seeker Actions/a10_BookCancelEventfromGuidePage.spec.js",
      "beforeHooks": [],
      "afterHooks": [],
      "tests": [],
      "suites": [
        {
          "uuid": "539909e4-9a10-4881-853d-9238d9fd218a",
          "title": "Booking Event from Guide",
          "fullFile": "",
          "file": "",
          "beforeHooks": [],
          "afterHooks": [],
          "tests": [
            {
              "title": "Create an Event as a Guide",
              "fullTitle": "Booking Event from Guide Create an Event as a Guide",
              "timedOut": null,
              "duration": 51833,
              "state": "passed",
              "speed": "slow",
              "pass": true,
              "fail": false,
              "pending": false,
              "context": null,
              "code": "homePage.select_Login();\ncommons.set_Guide_Credentials_One();\nhomePage.submit_Credentials();\ndashboard.add_NewEvent();\ndashboard.add_Class();\neventCreationPage.add_EventName('class test');\ncy.wait(2000);\neventCreationPage.add_Description('This is a class test');\neventCreationPage.add_Custom_Number_Of_Days(1);\neventCreationPage.custom_Start_Time(10);\neventCreationPage.press_Add();\nhomePage.logout_Account();",
              "err": {},
              "uuid": "86bd3050-52e7-41c9-894a-07343561c81a",
              "parentUUID": "539909e4-9a10-4881-853d-9238d9fd218a",
              "isHook": false,
              "skipped": false
            },
            {
              "title": "Book and cancel an event from Seeker",
              "fullTitle": "Booking Event from Guide Book and cancel an event from Seeker",
              "timedOut": null,
              "duration": 29106,
              "state": "failed",
              "speed": null,
              "pass": false,
              "fail": true,
              "pending": false,
              "context": null,
              "code": "homePage.select_Login();\ncommons.set_Seeker_Credentials_One();\nhomePage.submit_Credentials();\ncy.wait(2000);\nguidesPage.select_Guide_Tab_when_Login();\nguidesPage.perform_a_Search('manu rex');\ncy.wait(3000);\ncy.get('#w0 > div.row > div > a.img > img').click(); //cy.xpath(\"//a[.='guide manu rex']\").click()\ncy.scrollTo(0, 600);\ncy.get('#w0 > div > div.col-md-3.vertical-align.col-xs-6.sm-block').click();\neventDetailPage.book_Event_from_EventDetail();\neventDetailPage.cancel_Event_from_EventDetail();\neventDetailPage.confirm_Cancelation_from_EventDetail();",
              "err": {
                "message": "AssertionError: Timed out retrying after 4000ms: Expected to find element: `undefined`, but never found it.",
                "estack": "AssertionError: Timed out retrying after 4000ms: Expected to find element: `undefined`, but never found it.\n    at EventDetailPage.book_Event_from_EventDetail (https://stage.vivayalive.com/__cypress/tests?p=cypress/integration/Tests/Guide%20and%20Seeker%20Actions/a10_BookCancelEventfromGuidePage.spec.js:749:10)\n    at Context.eval (https://stage.vivayalive.com/__cypress/tests?p=cypress/integration/Tests/Guide%20and%20Seeker%20Actions/a10_BookCancelEventfromGuidePage.spec.js:281:21)",
                "diff": null
              },
              "uuid": "6e3bf24f-e586-4284-87ce-ec693127e085",
              "parentUUID": "539909e4-9a10-4881-853d-9238d9fd218a",
              "isHook": false,
              "skipped": false
            },
            {
              "title": "Book an cancel an event from Schedule page",
              "fullTitle": "Booking Event from Guide Book an cancel an event from Schedule page",
              "timedOut": null,
              "duration": 0,
              "state": "pending",
              "speed": null,
              "pass": false,
              "fail": false,
              "pending": true,
              "context": null,
              "code": "",
              "err": {},
              "uuid": "60b4be78-e215-42d3-9865-64ac849f3151",
              "parentUUID": "539909e4-9a10-4881-853d-9238d9fd218a",
              "isHook": false,
              "skipped": false
            },
            {
              "title": "Guide delete the Event from his Dashboard",
              "fullTitle": "Booking Event from Guide Guide delete the Event from his Dashboard",
              "timedOut": null,
              "duration": 24774,
              "state": "passed",
              "speed": "slow",
              "pass": true,
              "fail": false,
              "pending": false,
              "context": null,
              "code": "homePage.select_Login();\ncommons.set_Guide_Credentials_One();\nhomePage.submit_Credentials();\ndashboard.go_to_Dashboard_From_Menu();\ncy.wait(3000);\ndashboard.cancel_Created_Event();\ncy.get('#w0-success-0').should('contain', 'Event has been canceled.');",
              "err": {},
              "uuid": "6e66b170-5ca3-4144-bcc3-44be10d89066",
              "parentUUID": "539909e4-9a10-4881-853d-9238d9fd218a",
              "isHook": false,
              "skipped": false
            }
          ],
          "suites": [],
          "passes": [
            "86bd3050-52e7-41c9-894a-07343561c81a",
            "6e66b170-5ca3-4144-bcc3-44be10d89066"
          ],
          "failures": [
            "6e3bf24f-e586-4284-87ce-ec693127e085"
          ],
          "pending": [
            "60b4be78-e215-42d3-9865-64ac849f3151"
          ],
          "skipped": [],
          "duration": 105713,
          "root": false,
          "rootEmpty": false,
          "_timeout": 2000
        }
      ],
      "passes": [],
      "failures": [],
      "pending": [],
      "skipped": [],
      "duration": 0,
      "root": true,
      "rootEmpty": true,
      "_timeout": 2000
    }
  ],
  "meta": {
    "mocha": {
      "version": "7.0.1"
    },
    "mochawesome": {
      "options": {
        "quiet": true,
        "reportFilename": "mochawesome",
        "saveHtml": false,
        "saveJson": true,
        "consoleReporter": "spec",
        "useInlineDiffs": false
      },
      "version": "4.1.0"
    },
    "marge": {
      "options": {
        "reportDir": "integration-reports/integration/reports/mocha",
        "quiet": true,
        "html": false,
        "overwrite": false,
        "json": true
      },
      "version": "4.1.0"
    }
  }
}