{
  "stats": {
    "suites": 1,
    "tests": 3,
    "passes": 1,
    "pending": 0,
    "failures": 2,
    "start": "2021-04-14T15:52:32.923Z",
    "end": "2021-04-14T15:58:21.343Z",
    "duration": 348420,
    "testsRegistered": 3,
    "passPercent": 33.33333333333333,
    "pendingPercent": 0,
    "other": 0,
    "hasOther": false,
    "skipped": 0,
    "hasSkipped": false
  },
  "results": [
    {
      "uuid": "a8f9c810-a983-4973-a39b-2ed8da75804e",
      "title": "",
      "fullFile": "cypress/integration/Tests/Guide and Seeker Actions/a11_BookEvent_Cancel_FDashboard.spec.js",
      "file": "cypress/integration/Tests/Guide and Seeker Actions/a11_BookEvent_Cancel_FDashboard.spec.js",
      "beforeHooks": [],
      "afterHooks": [],
      "tests": [],
      "suites": [
        {
          "uuid": "ddb43ea6-3273-4dc6-8e8a-957b6df05d8c",
          "title": "Booking Event and Cancel the Event from Seeker Dashboard",
          "fullFile": "",
          "file": "",
          "beforeHooks": [],
          "afterHooks": [],
          "tests": [
            {
              "title": "Create an Event as a Guide",
              "fullTitle": "Booking Event and Cancel the Event from Seeker Dashboard Create an Event as a Guide",
              "timedOut": null,
              "duration": 65551,
              "state": "passed",
              "speed": "slow",
              "pass": true,
              "fail": false,
              "pending": false,
              "context": null,
              "code": "homePage.select_Login();\ncommons.set_Guide_Credentials_One();\nhomePage.submit_Credentials();\ndashboard.add_NewEvent();\ndashboard.add_Class();\neventCreationPage.add_EventName('class test');\ncy.wait(2000);\neventCreationPage.add_Description('This is a class test');\neventCreationPage.add_Custom_Number_Of_Days(1);\neventCreationPage.custom_Start_Time(10);\neventCreationPage.press_Add();",
              "err": {},
              "uuid": "4d063dcc-43c9-4686-b507-a61d192e6b24",
              "parentUUID": "ddb43ea6-3273-4dc6-8e8a-957b6df05d8c",
              "isHook": false,
              "skipped": false
            },
            {
              "title": "Book and cancel an event from Seeker Dashboard",
              "fullTitle": "Booking Event and Cancel the Event from Seeker Dashboard Book and cancel an event from Seeker Dashboard",
              "timedOut": null,
              "duration": 47595,
              "state": "failed",
              "speed": null,
              "pass": false,
              "fail": true,
              "pending": false,
              "context": null,
              "code": "homePage.select_Login();\ncommons.set_Seeker_Credentials_One();\nhomePage.submit_Credentials();\ncy.wait(2000);\nguidesPage.select_Guide_Tab_when_Login();\nguidesPage.perform_a_Search('manu rex');\ncy.wait(3000);\ncy.get('#w0 > div.row > div > a.img > img').click();\ncy.scrollTo(0, 600);\ncy.get('#w0 > div > div.col-md-3.vertical-align.col-xs-6.sm-block').click();\neventDetailPage.book_Event_from_EventDetail();\ndashboard.go_to_Dashboard_From_Menu();\ncy.wait(3000);\ndashboard.cancel_Event_As_Seeker();\ndashboard.confirm_Cancelation_From_Dashboard();\ncy.get('#w0-success-0').should('contain', 'Event has been canceled.');",
              "err": {
                "message": "CypressError: `cy.click()` can only be called on a single element. Your subject contained 2 elements. Pass `{ multiple: true }` if you want to serially click each element.\n\nhttps://on.cypress.io/click",
                "estack": "CypressError: `cy.click()` can only be called on a single element. Your subject contained 2 elements. Pass `{ multiple: true }` if you want to serially click each element.\n\nhttps://on.cypress.io/click\n    at mouseAction (https://stage.vivayalive.com/__cypress/runner/cypress_runner.js:132348:17)\n    at Context.click (https://stage.vivayalive.com/__cypress/runner/cypress_runner.js:132527:14)\n    at Context.<anonymous> (https://stage.vivayalive.com/__cypress/runner/cypress_runner.js:150696:21)\nFrom Your Spec Code:\n    at Context.eval (https://stage.vivayalive.com/__cypress/tests?p=cypress/integration/Tests/Guide%20and%20Seeker%20Actions/a11_BookEvent_Cancel_FDashboard.spec.js:245:73)",
                "diff": null
              },
              "uuid": "9eea9a6d-a56d-4020-93ad-ee1e86c62a33",
              "parentUUID": "ddb43ea6-3273-4dc6-8e8a-957b6df05d8c",
              "isHook": false,
              "skipped": false
            },
            {
              "title": "Guide delete the Event from his Dashboard",
              "fullTitle": "Booking Event and Cancel the Event from Seeker Dashboard Guide delete the Event from his Dashboard",
              "timedOut": null,
              "duration": 29096,
              "state": "failed",
              "speed": null,
              "pass": false,
              "fail": true,
              "pending": false,
              "context": null,
              "code": "homePage.select_Login();\ncommons.set_Guide_Credentials_One();\nhomePage.submit_Credentials();\ncy.wait(3000);\ndashboard.cancel_Created_Event();\ncy.get('#w0-success-0').should('contain', 'Event has been canceled.');",
              "err": {
                "message": "AssertionError: Timed out retrying after 4000ms: Expected to find element: `.cancel-event`, but never found it.",
                "estack": "AssertionError: Timed out retrying after 4000ms: Expected to find element: `.cancel-event`, but never found it.\n    at Dashboard.cancel_Created_Event (https://stage.vivayalive.com/__cypress/tests?p=cypress/integration/Tests/Guide%20and%20Seeker%20Actions/a11_BookEvent_Cancel_FDashboard.spec.js:329:8)\n    at Context.eval (https://stage.vivayalive.com/__cypress/tests?p=cypress/integration/Tests/Guide%20and%20Seeker%20Actions/a11_BookEvent_Cancel_FDashboard.spec.js:258:15)",
                "diff": null
              },
              "uuid": "dcae16b4-bd9c-4fa5-8227-1f70f5852e71",
              "parentUUID": "ddb43ea6-3273-4dc6-8e8a-957b6df05d8c",
              "isHook": false,
              "skipped": false
            }
          ],
          "suites": [],
          "passes": [
            "4d063dcc-43c9-4686-b507-a61d192e6b24"
          ],
          "failures": [
            "9eea9a6d-a56d-4020-93ad-ee1e86c62a33",
            "dcae16b4-bd9c-4fa5-8227-1f70f5852e71"
          ],
          "pending": [],
          "skipped": [],
          "duration": 142242,
          "root": false,
          "rootEmpty": false,
          "_timeout": 2000
        }
      ],
      "passes": [],
      "failures": [],
      "pending": [],
      "skipped": [],
      "duration": 0,
      "root": true,
      "rootEmpty": true,
      "_timeout": 2000
    }
  ],
  "meta": {
    "mocha": {
      "version": "7.0.1"
    },
    "mochawesome": {
      "options": {
        "quiet": true,
        "reportFilename": "mochawesome",
        "saveHtml": false,
        "saveJson": true,
        "consoleReporter": "spec",
        "useInlineDiffs": false
      },
      "version": "4.1.0"
    },
    "marge": {
      "options": {
        "reportDir": "integration-reports/integration/reports/mocha",
        "quiet": true,
        "html": false,
        "overwrite": false,
        "json": true
      },
      "version": "4.1.0"
    }
  }
}