{
  "stats": {
    "suites": 1,
    "tests": 2,
    "passes": 2,
    "pending": 0,
    "failures": 0,
    "start": "2021-04-07T14:40:38.267Z",
    "end": "2021-04-07T14:41:20.042Z",
    "duration": 41775,
    "testsRegistered": 2,
    "passPercent": 100,
    "pendingPercent": 0,
    "other": 0,
    "hasOther": false,
    "skipped": 0,
    "hasSkipped": false
  },
  "results": [
    {
      "uuid": "84a88ab6-5612-4a9d-9608-c68b09b826a5",
      "title": "",
      "fullFile": "cypress/integration/Tests/Basic Tests/a03_VerifyWhatWeOfferPage.spec.js",
      "file": "cypress/integration/Tests/Basic Tests/a03_VerifyWhatWeOfferPage.spec.js",
      "beforeHooks": [],
      "afterHooks": [],
      "tests": [],
      "suites": [
        {
          "uuid": "3d6215a1-250e-423c-9d19-2fb62083fd70",
          "title": "Tests to confirm the correct rediection to Schedule and elements",
          "fullFile": "",
          "file": "",
          "beforeHooks": [],
          "afterHooks": [],
          "tests": [
            {
              "title": "Verify the Schedule page as Logged out",
              "fullTitle": "Tests to confirm the correct rediection to Schedule and elements Verify the Schedule page as Logged out",
              "timedOut": null,
              "duration": 16805,
              "state": "passed",
              "speed": "slow",
              "pass": true,
              "fail": false,
              "pending": false,
              "context": null,
              "code": "whatWeOffer.select_WhatweOffer_When_Logout();\ncy.url().should('eq', 'https://stage.vivayalive.com/offerings');\ncy.get('.text-center > strong').should('contain', 'VIVAYA Offerings');",
              "err": {},
              "uuid": "a666fc0f-f391-4bfc-a4c9-d2041576ef9f",
              "parentUUID": "3d6215a1-250e-423c-9d19-2fb62083fd70",
              "isHook": false,
              "skipped": false
            },
            {
              "title": "Verify the Schedule Page as Logged in user",
              "fullTitle": "Tests to confirm the correct rediection to Schedule and elements Verify the Schedule Page as Logged in user",
              "timedOut": null,
              "duration": 16822,
              "state": "passed",
              "speed": "slow",
              "pass": true,
              "fail": false,
              "pending": false,
              "context": null,
              "code": "homePage.select_Login();\ncommons.set_Seeker_Credentials_One();\nhomePage.submit_Credentials();\ncy.wait(2000);\nwhatWeOffer.select_WhatweOffer_When_Login();\ncy.url().should('eq', 'https://stage.vivayalive.com/offerings');\ncy.get('.text-center > strong').should('contain', 'VIVAYA Offerings');",
              "err": {},
              "uuid": "52d954cb-32ca-48d0-91bc-dc20c90b947a",
              "parentUUID": "3d6215a1-250e-423c-9d19-2fb62083fd70",
              "isHook": false,
              "skipped": false
            }
          ],
          "suites": [],
          "passes": [
            "a666fc0f-f391-4bfc-a4c9-d2041576ef9f",
            "52d954cb-32ca-48d0-91bc-dc20c90b947a"
          ],
          "failures": [],
          "pending": [],
          "skipped": [],
          "duration": 33627,
          "root": false,
          "rootEmpty": false,
          "_timeout": 2000
        }
      ],
      "passes": [],
      "failures": [],
      "pending": [],
      "skipped": [],
      "duration": 0,
      "root": true,
      "rootEmpty": true,
      "_timeout": 2000
    }
  ],
  "meta": {
    "mocha": {
      "version": "7.0.1"
    },
    "mochawesome": {
      "options": {
        "quiet": true,
        "reportFilename": "mochawesome",
        "saveHtml": false,
        "saveJson": true,
        "consoleReporter": "spec",
        "useInlineDiffs": false
      },
      "version": "4.1.0"
    },
    "marge": {
      "options": {
        "reportDir": "integration-reports/integration/reports/mocha",
        "quiet": true,
        "html": false,
        "overwrite": false,
        "json": true
      },
      "version": "4.1.0"
    }
  }
}