{
  "stats": {
    "suites": 1,
    "tests": 3,
    "passes": 3,
    "pending": 0,
    "failures": 0,
    "start": "2021-04-07T14:41:23.124Z",
    "end": "2021-04-07T14:42:43.686Z",
    "duration": 80562,
    "testsRegistered": 3,
    "passPercent": 100,
    "pendingPercent": 0,
    "other": 0,
    "hasOther": false,
    "skipped": 0,
    "hasSkipped": false
  },
  "results": [
    {
      "uuid": "12a153cc-5f9e-48b8-8042-163608e2096f",
      "title": "",
      "fullFile": "cypress/integration/Tests/Basic Tests/a04_VerifyPricingPage.spec.js",
      "file": "cypress/integration/Tests/Basic Tests/a04_VerifyPricingPage.spec.js",
      "beforeHooks": [],
      "afterHooks": [],
      "tests": [],
      "suites": [
        {
          "uuid": "de0d62ce-0b6b-4fe2-b5e1-6a7aa6743b43",
          "title": "Tests to confirm the correct rediection to Schedule and elements",
          "fullFile": "",
          "file": "",
          "beforeHooks": [],
          "afterHooks": [],
          "tests": [
            {
              "title": "Verify the Pricing page as Logged out",
              "fullTitle": "Tests to confirm the correct rediection to Schedule and elements Verify the Pricing page as Logged out",
              "timedOut": null,
              "duration": 13652,
              "state": "passed",
              "speed": "slow",
              "pass": true,
              "fail": false,
              "pending": false,
              "context": null,
              "code": "pricingPage.select_Pricing_When_Logout();\ncy.url().should('eq', 'https://stage.vivayalive.com/membership');\ncy.get('.membership-timebased > .container > :nth-child(1) > strong').should('contain', 'Memberships');\ncy.get('.membership-normal-type > .container > :nth-child(1) > strong').should('contain', 'Packages');\ncy.get('.content-other-offerings > .container > h2 > strong').should('contain', 'All Other Offerings');",
              "err": {},
              "uuid": "a7bbef14-affa-4d90-90a0-3c070cf98b24",
              "parentUUID": "de0d62ce-0b6b-4fe2-b5e1-6a7aa6743b43",
              "isHook": false,
              "skipped": false
            },
            {
              "title": "Verify the Pricing Page as Logged in Guide",
              "fullTitle": "Tests to confirm the correct rediection to Schedule and elements Verify the Pricing Page as Logged in Guide",
              "timedOut": null,
              "duration": 26938,
              "state": "passed",
              "speed": "slow",
              "pass": true,
              "fail": false,
              "pending": false,
              "context": null,
              "code": "homePage.select_Login();\ncommons.set_Guide_Credentials_One();\nhomePage.submit_Credentials();\ncy.wait(2000);\npricingPage.select_Pricing_When_Login();\ncy.get('.membership-timebased > .container > :nth-child(1) > strong').should('contain', 'Memberships');\ncy.get('.membership-normal-type > .container > :nth-child(1) > strong').should('contain', 'Packages');\ncy.get('.content-other-offerings > .container > h2 > strong').should('contain', 'All Other Offerings');",
              "err": {},
              "uuid": "98c8c74a-0396-422e-a36d-63f3ee3b4a4f",
              "parentUUID": "de0d62ce-0b6b-4fe2-b5e1-6a7aa6743b43",
              "isHook": false,
              "skipped": false
            },
            {
              "title": "Verify the Pricing page as Loggedin Seeker, Free trial plan is expired",
              "fullTitle": "Tests to confirm the correct rediection to Schedule and elements Verify the Pricing page as Loggedin Seeker, Free trial plan is expired",
              "timedOut": null,
              "duration": 35994,
              "state": "passed",
              "speed": "slow",
              "pass": true,
              "fail": false,
              "pending": false,
              "context": null,
              "code": "homePage.select_Login();\ncommons.set_Seeker_Credentials_Two();\nhomePage.submit_Credentials();\ncy.wait(2000);\npricingPage.select_Pricing_When_Login();\npricingPage.select_Suscribe_Monthly_5Pack();\ncy.wait(2000);\ncy.get('.remove-button').click();\ncartPage.confirm_Remove_From_Cart();\npricingPage.select_Pricing_When_Login();\ncy.scrollTo(0, 800);\npricingPage.buy_5Pack_Package();\ncy.wait(2000);\ncy.get('.remove-button').click();\ncartPage.confirm_Remove_From_Cart();",
              "err": {},
              "uuid": "b454340e-8811-4d81-bfcb-98118bb9a68b",
              "parentUUID": "de0d62ce-0b6b-4fe2-b5e1-6a7aa6743b43",
              "isHook": false,
              "skipped": false
            }
          ],
          "suites": [],
          "passes": [
            "a7bbef14-affa-4d90-90a0-3c070cf98b24",
            "98c8c74a-0396-422e-a36d-63f3ee3b4a4f",
            "b454340e-8811-4d81-bfcb-98118bb9a68b"
          ],
          "failures": [],
          "pending": [],
          "skipped": [],
          "duration": 76584,
          "root": false,
          "rootEmpty": false,
          "_timeout": 2000
        }
      ],
      "passes": [],
      "failures": [],
      "pending": [],
      "skipped": [],
      "duration": 0,
      "root": true,
      "rootEmpty": true,
      "_timeout": 2000
    }
  ],
  "meta": {
    "mocha": {
      "version": "7.0.1"
    },
    "mochawesome": {
      "options": {
        "quiet": true,
        "reportFilename": "mochawesome",
        "saveHtml": false,
        "saveJson": true,
        "consoleReporter": "spec",
        "useInlineDiffs": false
      },
      "version": "4.1.0"
    },
    "marge": {
      "options": {
        "reportDir": "integration-reports/integration/reports/mocha",
        "quiet": true,
        "html": false,
        "overwrite": false,
        "json": true
      },
      "version": "4.1.0"
    }
  }
}