{
  "stats": {
    "suites": 1,
    "tests": 2,
    "passes": 1,
    "pending": 1,
    "failures": 0,
    "start": "2021-03-30T20:37:34.940Z",
    "end": "2021-03-30T20:38:26.473Z",
    "duration": 51533,
    "testsRegistered": 2,
    "passPercent": 100,
    "pendingPercent": 50,
    "other": 0,
    "hasOther": false,
    "skipped": 0,
    "hasSkipped": false
  },
  "results": [
    {
      "uuid": "f54a0483-028e-4e96-abf0-c66f20e5db32",
      "title": "",
      "fullFile": "cypress/integration/Tests/Seminars/a22_CreateRepeatedEvent.spec.js",
      "file": "cypress/integration/Tests/Seminars/a22_CreateRepeatedEvent.spec.js",
      "beforeHooks": [],
      "afterHooks": [],
      "tests": [],
      "suites": [
        {
          "uuid": "fae750ff-0ca7-4492-810b-8349d1bacb62",
          "title": "Events Creation",
          "fullFile": "",
          "file": "",
          "beforeHooks": [],
          "afterHooks": [],
          "tests": [
            {
              "title": "Create a recurrent Daily Class",
              "fullTitle": "Events Creation Create a recurrent Daily Class",
              "timedOut": null,
              "duration": 48851,
              "state": "passed",
              "speed": "slow",
              "pass": true,
              "fail": false,
              "pending": false,
              "context": null,
              "code": "cy.wait(3000);\ndashboard.add_NewEvent();\ndashboard.add_Class();\neventCreationPage.add_EventName('Class1');\ncy.wait(2000);\neventCreationPage.add_Description('This is a Test Class');\neventCreationPage.select_Repeater_Checkbox();\neventCreationPage.add_Custom_Start_Date(3);\neventCreationPage.add_Custom_End_Date(10);\neventCreationPage.select_Repeater_Daily();\neventCreationPage.press_Add();\ncy.wait(5000); //dashboard.cancel_Several_Events_AtOnce()",
              "err": {},
              "uuid": "2892d341-ba74-4e60-a38f-86eafaa4d20b",
              "parentUUID": "fae750ff-0ca7-4492-810b-8349d1bacb62",
              "isHook": false,
              "skipped": false
            },
            {
              "title": "Create a recurrent Weekly Class",
              "fullTitle": "Events Creation Create a recurrent Weekly Class",
              "timedOut": null,
              "duration": 0,
              "state": "pending",
              "speed": null,
              "pass": false,
              "fail": false,
              "pending": true,
              "context": null,
              "code": "",
              "err": {},
              "uuid": "6339d03e-283e-48c1-afae-d65cf99c783b",
              "parentUUID": "fae750ff-0ca7-4492-810b-8349d1bacb62",
              "isHook": false,
              "skipped": false
            }
          ],
          "suites": [],
          "passes": [
            "2892d341-ba74-4e60-a38f-86eafaa4d20b"
          ],
          "failures": [],
          "pending": [
            "6339d03e-283e-48c1-afae-d65cf99c783b"
          ],
          "skipped": [],
          "duration": 48851,
          "root": false,
          "rootEmpty": false,
          "_timeout": 2000
        }
      ],
      "passes": [],
      "failures": [],
      "pending": [],
      "skipped": [],
      "duration": 0,
      "root": true,
      "rootEmpty": true,
      "_timeout": 2000
    }
  ],
  "meta": {
    "mocha": {
      "version": "7.0.1"
    },
    "mochawesome": {
      "options": {
        "quiet": true,
        "reportFilename": "mochawesome",
        "saveHtml": false,
        "saveJson": true,
        "consoleReporter": "spec",
        "useInlineDiffs": false
      },
      "version": "4.1.0"
    },
    "marge": {
      "options": {
        "reportDir": "integration-reports/integration/reports/mocha",
        "quiet": true,
        "html": false,
        "overwrite": false,
        "json": true
      },
      "version": "4.1.0"
    }
  }
}