{
  "stats": {
    "suites": 1,
    "tests": 3,
    "passes": 2,
    "pending": 0,
    "failures": 1,
    "start": "2021-03-27T01:54:45.224Z",
    "end": "2021-03-27T01:55:54.414Z",
    "duration": 69190,
    "testsRegistered": 3,
    "passPercent": 66.66666666666666,
    "pendingPercent": 0,
    "other": 0,
    "hasOther": false,
    "skipped": 0,
    "hasSkipped": false
  },
  "results": [
    {
      "uuid": "e8a651db-3833-445d-a458-1ef46d0a3e39",
      "title": "",
      "fullFile": "cypress/integration/Tests/Seminars/a18_AddSeminartoCart.spec.js",
      "file": "cypress/integration/Tests/Seminars/a18_AddSeminartoCart.spec.js",
      "beforeHooks": [],
      "afterHooks": [],
      "tests": [],
      "suites": [
        {
          "uuid": "2d085ce7-adb4-4aaa-a460-670cec252cd7",
          "title": "Add seminar to cart and remove from cart",
          "fullFile": "",
          "file": "",
          "beforeHooks": [],
          "afterHooks": [],
          "tests": [
            {
              "title": "Create a Seminar with one event",
              "fullTitle": "Add seminar to cart and remove from cart Create a Seminar with one event",
              "timedOut": null,
              "duration": 35410,
              "state": "passed",
              "speed": "slow",
              "pass": true,
              "fail": false,
              "pending": false,
              "context": null,
              "code": "homePage.select_Login();\ncommons.set_Guide_Credentials_One();\nhomePage.submit_Credentials();\ncy.wait(3000);\ndashboard.select_Add_Seminar();\nseminars.type_Seminar_Name(\"Seminar Automation\");\nseminars.add_Description(\"This is a Seminar for Automation Proj\");\nseminars.add_Custom_Start_Date(8);\nseminars.add_Custom_End_Date(15);\nseminars.select_Main_Offering('Yoga');\nseminars.add_Seminar_Price(150);\nseminars.select_Allow_Independent_Events();\nseminars.select_Publish_Button();\ncy.get('#w0-success-0').should('contain', 'Seminar has been created.');\ncy.get('h4 > a').should('contain', 'Seminar Automation'); //add seminar event\ndashboard.add_NewEvent();\ndashboard.add_Seminar_Event();\nseminarEvent.add_Seminar_Event_Name('Seminar Event test one');\nseminarEvent.add_Description('This is a seminar Event for testing');\nseminarEvent.add_Custom_Number_Of_Days(10);\nseminarEvent.custom_End_Time(2);\nseminarEvent.select_Existing_Seminar('Seminar Automation');\nseminarEvent.select_Assign_Guide('manu rex');\ncy.get('.tt-suggestion').click();\nseminarEvent.add_EventSeminar_Price(50);\nseminarEvent.select_Add_Button();\ncy.get('#w0-success-0').should('contain', 'Events have been created.');\nhomePage.logout_Account();",
              "err": {},
              "uuid": "714be826-5377-4fd5-b9c4-124b851913b1",
              "parentUUID": "2d085ce7-adb4-4aaa-a460-670cec252cd7",
              "isHook": false,
              "skipped": false
            },
            {
              "title": "Add seminar to cart and remove it",
              "fullTitle": "Add seminar to cart and remove from cart Add seminar to cart and remove it",
              "timedOut": null,
              "duration": 17243,
              "state": "failed",
              "speed": null,
              "pass": false,
              "fail": true,
              "pending": false,
              "context": null,
              "code": "homePage.select_Login();\ncommons.set_Seeker_Credentials_One();\nhomePage.submit_Credentials();\ncy.wait(3000);\ncy.get('.col-lg-8 > #footernav > :nth-child(3) > a').click();\ncy.get(':nth-child(1) > .n').click();\ncy.get(':nth-child(1) > .text-center > .btn').click();\ncy.get('.product > :nth-child(2) > h4').should('contain.text', 'Seminar: Seminar Automation');\ncy.get('.remove-button').click();\ncy.wait(3000);\ncy.get('.btn-success').click();\ncy.get('#w0-success-0').should('contain.text', '\\n×\\n\\nItem has been removed from cart.\\n\\n');\ncy.get('.cart > .text-center').should('contain.text', 'There are no items in your cart.');",
              "err": {
                "message": "CypressError: `cy.click()` can only be called on a single element. Your subject contained 24 elements. Pass `{ multiple: true }` if you want to serially click each element.\n\nhttps://on.cypress.io/click",
                "estack": "CypressError: `cy.click()` can only be called on a single element. Your subject contained 24 elements. Pass `{ multiple: true }` if you want to serially click each element.\n\nhttps://on.cypress.io/click\n    at mouseAction (https://stage.vivayalive.com/__cypress/runner/cypress_runner.js:153308:17)\n    at Context.click (https://stage.vivayalive.com/__cypress/runner/cypress_runner.js:153482:14)\n    at Context.<anonymous> (https://stage.vivayalive.com/__cypress/runner/cypress_runner.js:171546:21)\nFrom Your Spec Code:\n    at Context.eval (https://stage.vivayalive.com/__cypress/tests?p=cypress/integration/Tests/Seminars/a18_AddSeminartoCart.spec.js:288:30)",
                "diff": null
              },
              "uuid": "f3b6a1d9-63b9-4146-888b-879fed5a12ef",
              "parentUUID": "2d085ce7-adb4-4aaa-a460-670cec252cd7",
              "isHook": false,
              "skipped": false
            },
            {
              "title": "Delete Seminar from Guide Dashboard",
              "fullTitle": "Add seminar to cart and remove from cart Delete Seminar from Guide Dashboard",
              "timedOut": null,
              "duration": 14245,
              "state": "passed",
              "speed": "slow",
              "pass": true,
              "fail": false,
              "pending": false,
              "context": null,
              "code": "homePage.select_Login();\ncommons.set_Guide_Credentials_One();\nhomePage.submit_Credentials();\ncy.wait(3000);\nseminars.select_Cancel_Seminar();\ncy.get('#w0-success-0').should('contain', 'Seminar has been cancelled.');",
              "err": {},
              "uuid": "3dc6af75-2b4f-4caa-8705-6750de3f6d87",
              "parentUUID": "2d085ce7-adb4-4aaa-a460-670cec252cd7",
              "isHook": false,
              "skipped": false
            }
          ],
          "suites": [],
          "passes": [
            "714be826-5377-4fd5-b9c4-124b851913b1",
            "3dc6af75-2b4f-4caa-8705-6750de3f6d87"
          ],
          "failures": [
            "f3b6a1d9-63b9-4146-888b-879fed5a12ef"
          ],
          "pending": [],
          "skipped": [],
          "duration": 66898,
          "root": false,
          "rootEmpty": false,
          "_timeout": 2000
        }
      ],
      "passes": [],
      "failures": [],
      "pending": [],
      "skipped": [],
      "duration": 0,
      "root": true,
      "rootEmpty": true,
      "_timeout": 2000
    }
  ],
  "meta": {
    "mocha": {
      "version": "7.0.1"
    },
    "mochawesome": {
      "options": {
        "quiet": true,
        "reportFilename": "mochawesome",
        "saveHtml": false,
        "saveJson": true,
        "consoleReporter": "spec",
        "useInlineDiffs": false
      },
      "version": "4.1.0"
    },
    "marge": {
      "options": {
        "reportDir": "integration-reports/integration/reports/mocha",
        "quiet": true,
        "html": false,
        "overwrite": false,
        "json": true
      },
      "version": "4.1.0"
    }
  }
}