{
  "stats": {
    "suites": 1,
    "tests": 3,
    "passes": 1,
    "pending": 1,
    "failures": 1,
    "start": "2021-03-30T20:16:10.445Z",
    "end": "2021-03-30T20:17:33.395Z",
    "duration": 82950,
    "testsRegistered": 3,
    "passPercent": 50,
    "pendingPercent": 33.33333333333333,
    "other": 0,
    "hasOther": false,
    "skipped": 0,
    "hasSkipped": false
  },
  "results": [
    {
      "uuid": "97efbf54-6650-4284-9db3-9e257ca4f073",
      "title": "",
      "fullFile": "cypress/integration/Tests/Guide and Seeker Actions/a12_BookEventfromHome.spec.js",
      "file": "cypress/integration/Tests/Guide and Seeker Actions/a12_BookEventfromHome.spec.js",
      "beforeHooks": [],
      "afterHooks": [],
      "tests": [],
      "suites": [
        {
          "uuid": "0c083f6a-7b9e-4492-9100-fd42c1af53eb",
          "title": "Booking Events",
          "fullFile": "",
          "file": "",
          "beforeHooks": [],
          "afterHooks": [],
          "tests": [
            {
              "title": "Create an Event as a Guide",
              "fullTitle": "Booking Events Create an Event as a Guide",
              "timedOut": null,
              "duration": 41134,
              "state": "passed",
              "speed": "slow",
              "pass": true,
              "fail": false,
              "pending": false,
              "context": null,
              "code": "homePage.select_Login();\ncommons.set_Guide_Credentials_One();\nhomePage.submit_Credentials();\ndashboard.add_NewEvent();\ndashboard.add_Class();\neventCreationPage.add_EventName('class test');\ncy.wait(2000);\neventCreationPage.add_Description('This is a class test');\neventCreationPage.add_Current_Date();\neventCreationPage.custom_Start_Time(5);\neventCreationPage.press_Add();",
              "err": {},
              "uuid": "cafb5e29-dd51-4ac2-9f79-f4ab55c225be",
              "parentUUID": "0c083f6a-7b9e-4492-9100-fd42c1af53eb",
              "isHook": false,
              "skipped": false
            },
            {
              "title": "Book the Last Event from Home page",
              "fullTitle": "Booking Events Book the Last Event from Home page",
              "timedOut": null,
              "duration": 39175,
              "state": "failed",
              "speed": null,
              "pass": false,
              "fail": true,
              "pending": false,
              "context": null,
              "code": "homePage.select_Login();\ncommons.set_Seeker_Credentials_One();\nhomePage.submit_Credentials();\ncy.wait(3000);\nhomePage.go_Home();\ncy.scrollTo(0, 1300);\nhomePage.select_First_Event_Upcoming_Section(); //eventDetailPage.book_Event_from_EventDetail()\ncy.wait(2000);\neventDetailPage.cancel_Event_from_EventDetail();\neventDetailPage.confirm_Cancelation_from_EventDetail();",
              "err": {
                "message": "AssertionError: Timed out retrying after 4000ms: Expected to find element: `undefined`, but never found it.",
                "estack": "AssertionError: Timed out retrying after 4000ms: Expected to find element: `undefined`, but never found it.\n    at EventDetailPage.cancel_Event_from_EventDetail (https://stage.vivayalive.com/__cypress/tests?p=cypress/integration/Tests/Guide%20and%20Seeker%20Actions/a12_BookEventfromHome.spec.js:735:10)\n    at Context.eval (https://stage.vivayalive.com/__cypress/tests?p=cypress/integration/Tests/Guide%20and%20Seeker%20Actions/a12_BookEventfromHome.spec.js:280:21)",
                "diff": null
              },
              "uuid": "22db24b6-fa5b-4669-a090-33153a4c9cb8",
              "parentUUID": "0c083f6a-7b9e-4492-9100-fd42c1af53eb",
              "isHook": false,
              "skipped": false
            },
            {
              "title": "Guide delete the Event from his Dashboard",
              "fullTitle": "Booking Events Guide delete the Event from his Dashboard",
              "timedOut": null,
              "duration": 0,
              "state": "pending",
              "speed": null,
              "pass": false,
              "fail": false,
              "pending": true,
              "context": null,
              "code": "",
              "err": {},
              "uuid": "e05b3a96-a798-4dda-bee6-00a4839adfa8",
              "parentUUID": "0c083f6a-7b9e-4492-9100-fd42c1af53eb",
              "isHook": false,
              "skipped": false
            }
          ],
          "suites": [],
          "passes": [
            "cafb5e29-dd51-4ac2-9f79-f4ab55c225be"
          ],
          "failures": [
            "22db24b6-fa5b-4669-a090-33153a4c9cb8"
          ],
          "pending": [
            "e05b3a96-a798-4dda-bee6-00a4839adfa8"
          ],
          "skipped": [],
          "duration": 80309,
          "root": false,
          "rootEmpty": false,
          "_timeout": 2000
        }
      ],
      "passes": [],
      "failures": [],
      "pending": [],
      "skipped": [],
      "duration": 0,
      "root": true,
      "rootEmpty": true,
      "_timeout": 2000
    }
  ],
  "meta": {
    "mocha": {
      "version": "7.0.1"
    },
    "mochawesome": {
      "options": {
        "quiet": true,
        "reportFilename": "mochawesome",
        "saveHtml": false,
        "saveJson": true,
        "consoleReporter": "spec",
        "useInlineDiffs": false
      },
      "version": "4.1.0"
    },
    "marge": {
      "options": {
        "reportDir": "integration-reports/integration/reports/mocha",
        "quiet": true,
        "html": false,
        "overwrite": false,
        "json": true
      },
      "version": "4.1.0"
    }
  }
}