{
  "stats": {
    "suites": 1,
    "tests": 3,
    "passes": 0,
    "pending": 0,
    "failures": 3,
    "start": "2021-04-07T15:02:01.579Z",
    "end": "2021-04-07T15:03:10.025Z",
    "duration": 68446,
    "testsRegistered": 3,
    "passPercent": 0,
    "pendingPercent": 0,
    "other": 0,
    "hasOther": false,
    "skipped": 0,
    "hasSkipped": false
  },
  "results": [
    {
      "uuid": "2041f21a-2aed-4756-9633-8b4649b7cf37",
      "title": "",
      "fullFile": "cypress/integration/Tests/Seminars/a20_AddIndividualEventToCart.spec.js",
      "file": "cypress/integration/Tests/Seminars/a20_AddIndividualEventToCart.spec.js",
      "beforeHooks": [],
      "afterHooks": [],
      "tests": [],
      "suites": [
        {
          "uuid": "4ccf90c3-c950-41fe-a635-f6dd0f6fa1d3",
          "title": "Seminar Creation, Cancelation and Seminar Event creation",
          "fullFile": "",
          "file": "",
          "beforeHooks": [],
          "afterHooks": [],
          "tests": [
            {
              "title": "Create Seminar",
              "fullTitle": "Seminar Creation, Cancelation and Seminar Event creation Create Seminar",
              "timedOut": null,
              "duration": 13811,
              "state": "failed",
              "speed": null,
              "pass": false,
              "fail": true,
              "pending": false,
              "context": null,
              "code": "homePage.select_Login();\ncommons.set_Guide_Credentials_One();\nhomePage.submit_Credentials();\ncy.wait(3000);\ndashboard.select_Add_Seminar();\nseminars.type_Seminar_Name(\"Seminar Automation\");\nseminars.add_Description(\"This is a Seminar for Automation Proj\");\nseminars.add_Custom_Start_Date(8);\nseminars.add_Custom_End_Date(15);\nseminars.select_Main_Offering('Yoga');\nseminars.add_Seminar_Price(150);\nseminars.select_Allow_Independent_Events();\nseminars.select_Publish_Button();\ncy.get('#w0-success-0').should('contain', 'Seminar has been created.');\ncy.get('h4 > a').should('contain', 'Seminar Automation');\ndashboard.add_NewEvent();\ndashboard.add_Seminar_Event();\nseminarEvent.add_Seminar_Event_Name('Seminar Event test one');\nseminarEvent.add_Description('This is a seminar Event for testing');\nseminarEvent.add_Custom_Number_Of_Days(10);\nseminarEvent.custom_End_Time(2);\nseminarEvent.select_Existing_Seminar('Seminar Automation');\nseminarEvent.select_Assign_Guide('manu rex');\ncy.get('.tt-suggestion').click();\nseminarEvent.add_EventSeminar_Price(50);\nseminarEvent.select_Add_Button();\ncy.get('#w0-success-0').should('contain', 'Events have been created.');\ndashboard.add_NewEvent();\ndashboard.add_Seminar_Event();\nseminarEvent.add_Seminar_Event_Name('Seminar Event test two');\nseminarEvent.add_Description('This is another seminar Event for testing');\nseminarEvent.add_Custom_Number_Of_Days(11);\nseminarEvent.custom_End_Time(2);\nseminarEvent.select_Existing_Seminar('Seminar Automation');\nseminarEvent.select_Assign_Guide('manu rex');\ncy.get('.tt-suggestion').click();\nseminarEvent.add_EventSeminar_Price(40);\nseminarEvent.select_Add_Button();\ncy.get('#w0-success-0').should('contain', 'Events have been created.');",
              "err": {
                "message": "TypeError: Cypress.moment is not a function",
                "estack": "TypeError: Cypress.moment is not a function\n    at SeminarCreationPage.add_Custom_Start_Date (https://stage.vivayalive.com/__cypress/tests?p=cypress/integration/Tests/Seminars/a20_AddIndividualEventToCart.spec.js:526:31)\n    at Context.eval (https://stage.vivayalive.com/__cypress/tests?p=cypress/integration/Tests/Seminars/a20_AddIndividualEventToCart.spec.js:181:14)",
                "diff": null
              },
              "uuid": "5bb3eb99-f6e9-4a94-b7f8-e88803b21fdf",
              "parentUUID": "4ccf90c3-c950-41fe-a635-f6dd0f6fa1d3",
              "isHook": false,
              "skipped": false
            },
            {
              "title": "Add seminar Event to cart and remove it",
              "fullTitle": "Seminar Creation, Cancelation and Seminar Event creation Add seminar Event to cart and remove it",
              "timedOut": null,
              "duration": 28474,
              "state": "failed",
              "speed": null,
              "pass": false,
              "fail": true,
              "pending": false,
              "context": null,
              "code": "homePage.select_Login();\ncommons.set_Seeker_Credentials_One();\nhomePage.submit_Credentials();\ncy.wait(3000);\ncy.get('.col-lg-8 > #footernav > :nth-child(3) > a').click();\ncy.get(':nth-child(1) > .n').click();\ncy.xpath(\"//div[@class='list-view']/div[1]//a[.='Buy Workshop']\").click();\ncy.get('.product > :nth-child(2) > h4').should('contain.text', 'Workshop: Seminar Event test one');\ncy.get('.remove-button').click();\ncy.wait(3000);\ncy.get('.btn-success').click();\ncy.get('#w0-success-0').should('contain.text', '\\n×\\n\\nItem has been removed from cart.\\n\\n');\ncy.get('.cart > .text-center').should('contain.text', 'There are no items in your cart.');",
              "err": {
                "message": "AssertionError: Timed out retrying after 4000ms: Expected to find element: `:nth-child(1) > .n`, but never found it.",
                "estack": "AssertionError: Timed out retrying after 4000ms: Expected to find element: `:nth-child(1) > .n`, but never found it.\n    at Context.eval (https://stage.vivayalive.com/__cypress/tests?p=cypress/integration/Tests/Seminars/a20_AddIndividualEventToCart.spec.js:220:8)",
                "diff": null
              },
              "uuid": "749aa9cc-07ae-430d-86ce-610fb5a6a9ef",
              "parentUUID": "4ccf90c3-c950-41fe-a635-f6dd0f6fa1d3",
              "isHook": false,
              "skipped": false
            },
            {
              "title": "Delete Seminar from Guide Dashboard",
              "fullTitle": "Seminar Creation, Cancelation and Seminar Event creation Delete Seminar from Guide Dashboard",
              "timedOut": null,
              "duration": 22731,
              "state": "failed",
              "speed": null,
              "pass": false,
              "fail": true,
              "pending": false,
              "context": null,
              "code": "homePage.select_Login();\ncommons.set_Guide_Credentials_One();\nhomePage.submit_Credentials();\ncy.wait(3000);\nseminars.select_Cancel_Seminar();\ncy.get('#w0-success-0').should('contain', 'Seminar has been cancelled.');",
              "err": {
                "message": "AssertionError: Timed out retrying after 4000ms: Expected to find element: `.cancel-seminar`, but never found it.",
                "estack": "AssertionError: Timed out retrying after 4000ms: Expected to find element: `.cancel-seminar`, but never found it.\n    at SeminarCreationPage.select_Cancel_Seminar (https://stage.vivayalive.com/__cypress/tests?p=cypress/integration/Tests/Seminars/a20_AddIndividualEventToCart.spec.js:552:8)\n    at Context.eval (https://stage.vivayalive.com/__cypress/tests?p=cypress/integration/Tests/Seminars/a20_AddIndividualEventToCart.spec.js:234:14)",
                "diff": null
              },
              "uuid": "448842ac-97a4-420c-b554-52635ea51574",
              "parentUUID": "4ccf90c3-c950-41fe-a635-f6dd0f6fa1d3",
              "isHook": false,
              "skipped": false
            }
          ],
          "suites": [],
          "passes": [],
          "failures": [
            "5bb3eb99-f6e9-4a94-b7f8-e88803b21fdf",
            "749aa9cc-07ae-430d-86ce-610fb5a6a9ef",
            "448842ac-97a4-420c-b554-52635ea51574"
          ],
          "pending": [],
          "skipped": [],
          "duration": 65016,
          "root": false,
          "rootEmpty": false,
          "_timeout": 2000
        }
      ],
      "passes": [],
      "failures": [],
      "pending": [],
      "skipped": [],
      "duration": 0,
      "root": true,
      "rootEmpty": true,
      "_timeout": 2000
    }
  ],
  "meta": {
    "mocha": {
      "version": "7.0.1"
    },
    "mochawesome": {
      "options": {
        "quiet": true,
        "reportFilename": "mochawesome",
        "saveHtml": false,
        "saveJson": true,
        "consoleReporter": "spec",
        "useInlineDiffs": false
      },
      "version": "4.1.0"
    },
    "marge": {
      "options": {
        "reportDir": "integration-reports/integration/reports/mocha",
        "quiet": true,
        "html": false,
        "overwrite": false,
        "json": true
      },
      "version": "4.1.0"
    }
  }
}