{
  "stats": {
    "suites": 1,
    "tests": 3,
    "passes": 3,
    "pending": 0,
    "failures": 0,
    "start": "2021-03-30T00:45:58.195Z",
    "end": "2021-03-30T00:47:37.899Z",
    "duration": 99704,
    "testsRegistered": 3,
    "passPercent": 100,
    "pendingPercent": 0,
    "other": 0,
    "hasOther": false,
    "skipped": 0,
    "hasSkipped": false
  },
  "results": [
    {
      "uuid": "6367b121-8a36-4f5a-ad3e-e863c988784d",
      "title": "",
      "fullFile": "cypress/integration/Tests/Seminars/a20_AddIndividualEventToCart.spec.js",
      "file": "cypress/integration/Tests/Seminars/a20_AddIndividualEventToCart.spec.js",
      "beforeHooks": [],
      "afterHooks": [],
      "tests": [],
      "suites": [
        {
          "uuid": "7b17d77b-4741-4588-bb9f-c99b42fac98f",
          "title": "Seminar Creation, Cancelation and Seminar Event creation",
          "fullFile": "",
          "file": "",
          "beforeHooks": [],
          "afterHooks": [],
          "tests": [
            {
              "title": "Create Seminar",
              "fullTitle": "Seminar Creation, Cancelation and Seminar Event creation Create Seminar",
              "timedOut": null,
              "duration": 53017,
              "state": "passed",
              "speed": "slow",
              "pass": true,
              "fail": false,
              "pending": false,
              "context": null,
              "code": "homePage.select_Login();\ncommons.set_Guide_Credentials_One();\nhomePage.submit_Credentials();\ncy.wait(3000);\ndashboard.select_Add_Seminar();\nseminars.type_Seminar_Name(\"Seminar Automation\");\nseminars.add_Description(\"This is a Seminar for Automation Proj\");\nseminars.add_Custom_Start_Date(8);\nseminars.add_Custom_End_Date(15);\nseminars.select_Main_Offering('Yoga');\nseminars.add_Seminar_Price(150);\nseminars.select_Allow_Independent_Events();\nseminars.select_Publish_Button();\ncy.get('#w0-success-0').should('contain', 'Seminar has been created.');\ncy.get('h4 > a').should('contain', 'Seminar Automation');\ndashboard.add_NewEvent();\ndashboard.add_Seminar_Event();\nseminarEvent.add_Seminar_Event_Name('Seminar Event test one');\nseminarEvent.add_Description('This is a seminar Event for testing');\nseminarEvent.add_Custom_Number_Of_Days(10);\nseminarEvent.custom_End_Time(2);\nseminarEvent.select_Existing_Seminar('Seminar Automation');\nseminarEvent.select_Assign_Guide('manu rex');\ncy.get('.tt-suggestion').click();\nseminarEvent.add_EventSeminar_Price(50);\nseminarEvent.select_Add_Button();\ncy.get('#w0-success-0').should('contain', 'Events have been created.');\ndashboard.add_NewEvent();\ndashboard.add_Seminar_Event();\nseminarEvent.add_Seminar_Event_Name('Seminar Event test two');\nseminarEvent.add_Description('This is another seminar Event for testing');\nseminarEvent.add_Custom_Number_Of_Days(11);\nseminarEvent.custom_End_Time(2);\nseminarEvent.select_Existing_Seminar('Seminar Automation');\nseminarEvent.select_Assign_Guide('manu rex');\ncy.get('.tt-suggestion').click();\nseminarEvent.add_EventSeminar_Price(40);\nseminarEvent.select_Add_Button();\ncy.get('#w0-success-0').should('contain', 'Events have been created.');",
              "err": {},
              "uuid": "f1824133-2501-4446-a0da-fe96222742e3",
              "parentUUID": "7b17d77b-4741-4588-bb9f-c99b42fac98f",
              "isHook": false,
              "skipped": false
            },
            {
              "title": "Add seminar Event to cart and remove it",
              "fullTitle": "Seminar Creation, Cancelation and Seminar Event creation Add seminar Event to cart and remove it",
              "timedOut": null,
              "duration": 28281,
              "state": "passed",
              "speed": "slow",
              "pass": true,
              "fail": false,
              "pending": false,
              "context": null,
              "code": "homePage.select_Login();\ncommons.set_Seeker_Credentials_One();\nhomePage.submit_Credentials();\ncy.wait(3000);\ncy.get('.col-lg-8 > #footernav > :nth-child(3) > a').click();\ncy.get(':nth-child(1) > .n').click();\ncy.xpath(\"//div[@class='list-view']/div[1]//a[.='Buy Workshop']\").click();\ncy.get('.product > :nth-child(2) > h4').should('contain.text', 'Workshop: Seminar Event test one');\ncy.get('.remove-button').click();\ncy.wait(3000);\ncy.get('.btn-success').click();\ncy.get('#w0-success-0').should('contain.text', '\\n×\\n\\nItem has been removed from cart.\\n\\n');\ncy.get('.cart > .text-center').should('contain.text', 'There are no items in your cart.');",
              "err": {},
              "uuid": "dbcac6aa-a84c-49a9-9337-011b83c98508",
              "parentUUID": "7b17d77b-4741-4588-bb9f-c99b42fac98f",
              "isHook": false,
              "skipped": false
            },
            {
              "title": "Delete Seminar from Guide Dashboard",
              "fullTitle": "Seminar Creation, Cancelation and Seminar Event creation Delete Seminar from Guide Dashboard",
              "timedOut": null,
              "duration": 15929,
              "state": "passed",
              "speed": "slow",
              "pass": true,
              "fail": false,
              "pending": false,
              "context": null,
              "code": "homePage.select_Login();\ncommons.set_Guide_Credentials_One();\nhomePage.submit_Credentials();\ncy.wait(3000);\nseminars.select_Cancel_Seminar();\ncy.get('#w0-success-0').should('contain', 'Seminar has been cancelled.');",
              "err": {},
              "uuid": "0db09a15-a124-48e1-8308-528527a9bf55",
              "parentUUID": "7b17d77b-4741-4588-bb9f-c99b42fac98f",
              "isHook": false,
              "skipped": false
            }
          ],
          "suites": [],
          "passes": [
            "f1824133-2501-4446-a0da-fe96222742e3",
            "dbcac6aa-a84c-49a9-9337-011b83c98508",
            "0db09a15-a124-48e1-8308-528527a9bf55"
          ],
          "failures": [],
          "pending": [],
          "skipped": [],
          "duration": 97227,
          "root": false,
          "rootEmpty": false,
          "_timeout": 2000
        }
      ],
      "passes": [],
      "failures": [],
      "pending": [],
      "skipped": [],
      "duration": 0,
      "root": true,
      "rootEmpty": true,
      "_timeout": 2000
    }
  ],
  "meta": {
    "mocha": {
      "version": "7.0.1"
    },
    "mochawesome": {
      "options": {
        "quiet": true,
        "reportFilename": "mochawesome",
        "saveHtml": false,
        "saveJson": true,
        "consoleReporter": "spec",
        "useInlineDiffs": false
      },
      "version": "4.1.0"
    },
    "marge": {
      "options": {
        "reportDir": "integration-reports/integration/reports/mocha",
        "quiet": true,
        "html": false,
        "overwrite": false,
        "json": true
      },
      "version": "4.1.0"
    }
  }
}