{
  "stats": {
    "suites": 1,
    "tests": 2,
    "passes": 2,
    "pending": 0,
    "failures": 0,
    "start": "2021-03-30T00:23:28.261Z",
    "end": "2021-03-30T00:24:02.273Z",
    "duration": 34012,
    "testsRegistered": 2,
    "passPercent": 100,
    "pendingPercent": 0,
    "other": 0,
    "hasOther": false,
    "skipped": 0,
    "hasSkipped": false
  },
  "results": [
    {
      "uuid": "c0e166d9-4a6e-4603-b9bd-772d1f5ada52",
      "title": "",
      "fullFile": "cypress/integration/Tests/Basic Tests/a01_VerifyGuidesPage.spec.js",
      "file": "cypress/integration/Tests/Basic Tests/a01_VerifyGuidesPage.spec.js",
      "beforeHooks": [],
      "afterHooks": [],
      "tests": [],
      "suites": [
        {
          "uuid": "3212195b-5ec5-4bf2-9efa-9ebd30c12564",
          "title": "Tests to confirm the correct rediection to Schedule and elements",
          "fullFile": "",
          "file": "",
          "beforeHooks": [],
          "afterHooks": [],
          "tests": [
            {
              "title": "Verify the Schedule page as Logged out",
              "fullTitle": "Tests to confirm the correct rediection to Schedule and elements Verify the Schedule page as Logged out",
              "timedOut": null,
              "duration": 11091,
              "state": "passed",
              "speed": "slow",
              "pass": true,
              "fail": false,
              "pending": false,
              "context": null,
              "code": "guidesPage.select_Guide_Tab_when_Logout();\ncy.url().should('eq', 'https://stage.vivayalive.com/guides');",
              "err": {},
              "uuid": "065bc8bb-c6ae-4515-b42b-c20fbd15f662",
              "parentUUID": "3212195b-5ec5-4bf2-9efa-9ebd30c12564",
              "isHook": false,
              "skipped": false
            },
            {
              "title": "Verify the Schedule Page as Logged in user",
              "fullTitle": "Tests to confirm the correct rediection to Schedule and elements Verify the Schedule Page as Logged in user",
              "timedOut": null,
              "duration": 14462,
              "state": "passed",
              "speed": "slow",
              "pass": true,
              "fail": false,
              "pending": false,
              "context": null,
              "code": "homePage.select_Login(); //homePage.fill_Email('manu@guidetester.com')\n//homePage.fill_Password('perrodelmal')\ncommons.set_Guide_Credentials_One();\nhomePage.submit_Credentials();\ncy.wait(2000);\nguidesPage.select_Guide_Tab_when_Login();\ncy.url().should('eq', 'https://stage.vivayalive.com/guides');",
              "err": {},
              "uuid": "6910292f-31ab-4888-aca7-5aa85fe13a94",
              "parentUUID": "3212195b-5ec5-4bf2-9efa-9ebd30c12564",
              "isHook": false,
              "skipped": false
            }
          ],
          "suites": [],
          "passes": [
            "065bc8bb-c6ae-4515-b42b-c20fbd15f662",
            "6910292f-31ab-4888-aca7-5aa85fe13a94"
          ],
          "failures": [],
          "pending": [],
          "skipped": [],
          "duration": 25553,
          "root": false,
          "rootEmpty": false,
          "_timeout": 2000
        }
      ],
      "passes": [],
      "failures": [],
      "pending": [],
      "skipped": [],
      "duration": 0,
      "root": true,
      "rootEmpty": true,
      "_timeout": 2000
    }
  ],
  "meta": {
    "mocha": {
      "version": "7.0.1"
    },
    "mochawesome": {
      "options": {
        "quiet": true,
        "reportFilename": "mochawesome",
        "saveHtml": false,
        "saveJson": true,
        "consoleReporter": "spec",
        "useInlineDiffs": false
      },
      "version": "4.1.0"
    },
    "marge": {
      "options": {
        "reportDir": "integration-reports/integration/reports/mocha",
        "quiet": true,
        "html": false,
        "overwrite": false,
        "json": true
      },
      "version": "4.1.0"
    }
  }
}