{
  "stats": {
    "suites": 1,
    "tests": 3,
    "passes": 2,
    "pending": 1,
    "failures": 0,
    "start": "2021-04-07T14:52:51.297Z",
    "end": "2021-04-07T14:54:03.979Z",
    "duration": 72682,
    "testsRegistered": 3,
    "passPercent": 100,
    "pendingPercent": 33.33333333333333,
    "other": 0,
    "hasOther": false,
    "skipped": 0,
    "hasSkipped": false
  },
  "results": [
    {
      "uuid": "db480a6a-8156-4bb0-8b9b-c891ea81e05f",
      "title": "",
      "fullFile": "cypress/integration/Tests/Guide and Seeker Actions/a12_BookEventfromHome.spec.js",
      "file": "cypress/integration/Tests/Guide and Seeker Actions/a12_BookEventfromHome.spec.js",
      "beforeHooks": [],
      "afterHooks": [],
      "tests": [],
      "suites": [
        {
          "uuid": "1ac80a2a-161e-4a45-913d-e90681c7a3c8",
          "title": "Booking Events",
          "fullFile": "",
          "file": "",
          "beforeHooks": [],
          "afterHooks": [],
          "tests": [
            {
              "title": "Create an Event as a Guide",
              "fullTitle": "Booking Events Create an Event as a Guide",
              "timedOut": null,
              "duration": 35993,
              "state": "passed",
              "speed": "slow",
              "pass": true,
              "fail": false,
              "pending": false,
              "context": null,
              "code": "homePage.select_Login();\ncommons.set_Guide_Credentials_One();\nhomePage.submit_Credentials();\ndashboard.add_NewEvent();\ndashboard.add_Class();\neventCreationPage.add_EventName('class test');\ncy.wait(2000);\neventCreationPage.add_Description('This is a class test');\neventCreationPage.add_Current_Date();\neventCreationPage.custom_Start_Time(5);\neventCreationPage.press_Add();",
              "err": {},
              "uuid": "f981d0c0-7755-473d-bacd-986940b083a1",
              "parentUUID": "1ac80a2a-161e-4a45-913d-e90681c7a3c8",
              "isHook": false,
              "skipped": false
            },
            {
              "title": "Book the Last Event from Home page",
              "fullTitle": "Booking Events Book the Last Event from Home page",
              "timedOut": null,
              "duration": 33136,
              "state": "passed",
              "speed": "slow",
              "pass": true,
              "fail": false,
              "pending": false,
              "context": null,
              "code": "homePage.select_Login();\ncommons.set_Seeker_Credentials_One();\nhomePage.submit_Credentials();\ncy.wait(3000);\nhomePage.go_Home();\ncy.scrollTo(0, 1300);\nhomePage.select_First_Event_Upcoming_Section(); //eventDetailPage.book_Event_from_EventDetail()\ncy.wait(2000);\neventDetailPage.cancel_Event_from_EventDetail();\neventDetailPage.confirm_Cancelation_from_EventDetail();",
              "err": {},
              "uuid": "3fffaccb-4e17-43a3-9e85-f5ecff0ff34e",
              "parentUUID": "1ac80a2a-161e-4a45-913d-e90681c7a3c8",
              "isHook": false,
              "skipped": false
            },
            {
              "title": "Guide delete the Event from his Dashboard",
              "fullTitle": "Booking Events Guide delete the Event from his Dashboard",
              "timedOut": null,
              "duration": 0,
              "state": "pending",
              "speed": null,
              "pass": false,
              "fail": false,
              "pending": true,
              "context": null,
              "code": "",
              "err": {},
              "uuid": "085b7c10-2775-4726-bc0f-b1a9627e1f15",
              "parentUUID": "1ac80a2a-161e-4a45-913d-e90681c7a3c8",
              "isHook": false,
              "skipped": false
            }
          ],
          "suites": [],
          "passes": [
            "f981d0c0-7755-473d-bacd-986940b083a1",
            "3fffaccb-4e17-43a3-9e85-f5ecff0ff34e"
          ],
          "failures": [],
          "pending": [
            "085b7c10-2775-4726-bc0f-b1a9627e1f15"
          ],
          "skipped": [],
          "duration": 69129,
          "root": false,
          "rootEmpty": false,
          "_timeout": 2000
        }
      ],
      "passes": [],
      "failures": [],
      "pending": [],
      "skipped": [],
      "duration": 0,
      "root": true,
      "rootEmpty": true,
      "_timeout": 2000
    }
  ],
  "meta": {
    "mocha": {
      "version": "7.0.1"
    },
    "mochawesome": {
      "options": {
        "quiet": true,
        "reportFilename": "mochawesome",
        "saveHtml": false,
        "saveJson": true,
        "consoleReporter": "spec",
        "useInlineDiffs": false
      },
      "version": "4.1.0"
    },
    "marge": {
      "options": {
        "reportDir": "integration-reports/integration/reports/mocha",
        "quiet": true,
        "html": false,
        "overwrite": false,
        "json": true
      },
      "version": "4.1.0"
    }
  }
}