{
  "stats": {
    "suites": 1,
    "tests": 3,
    "passes": 3,
    "pending": 0,
    "failures": 0,
    "start": "2021-03-31T00:50:58.430Z",
    "end": "2021-03-31T00:52:25.141Z",
    "duration": 86711,
    "testsRegistered": 3,
    "passPercent": 100,
    "pendingPercent": 0,
    "other": 0,
    "hasOther": false,
    "skipped": 0,
    "hasSkipped": false
  },
  "results": [
    {
      "uuid": "5b487b79-b6c2-43a1-b3fc-f2d77d6d35b8",
      "title": "",
      "fullFile": "cypress/integration/Tests/Basic Tests/a09_VerifyFirstResponder.spec.js",
      "file": "cypress/integration/Tests/Basic Tests/a09_VerifyFirstResponder.spec.js",
      "beforeHooks": [],
      "afterHooks": [],
      "tests": [],
      "suites": [
        {
          "uuid": "bf402e9c-1d2a-4427-92e4-c582f27b8f26",
          "title": "Tests to confirm the correct rediection to Schedule and elements",
          "fullFile": "",
          "file": "",
          "beforeHooks": [],
          "afterHooks": [],
          "tests": [
            {
              "title": "Verify the First Responder page as Logged out",
              "fullTitle": "Tests to confirm the correct rediection to Schedule and elements Verify the First Responder page as Logged out",
              "timedOut": null,
              "duration": 33260,
              "state": "passed",
              "speed": "slow",
              "pass": true,
              "fail": false,
              "pending": false,
              "context": null,
              "code": "firstResponderPage.select_FirstResponders_When_LoggedOut();\ncy.url().should('eq', 'https://stage.vivayalive.com/first-responders');\ncy.get('.free-months > h2').should('contain', 'Our Gift of Gratitude to First Responders, Healthcare and Emergency Workers');\ncy.get('.free-months > :nth-child(3)').should('contain', 'VIVAYA is offering 2 FREE months of Unlimited Access to all VIVAYA Classes for First Responders, Healthcare and Emergency Workers.');\nfirstResponderPage.select_Register_Button();\ncy.url().should('eq', 'https://stage.vivayalive.com/signup/number?isFirstResponder=1');",
              "err": {},
              "uuid": "25ec3064-ea87-4010-bc12-cfcca9222d01",
              "parentUUID": "bf402e9c-1d2a-4427-92e4-c582f27b8f26",
              "isHook": false,
              "skipped": false
            },
            {
              "title": "Verify the First Responder Page as Logged in Guide",
              "fullTitle": "Tests to confirm the correct rediection to Schedule and elements Verify the First Responder Page as Logged in Guide",
              "timedOut": null,
              "duration": 26268,
              "state": "passed",
              "speed": "slow",
              "pass": true,
              "fail": false,
              "pending": false,
              "context": null,
              "code": "homePage.select_Login();\ncommons.set_Guide_Credentials_One();\nhomePage.submit_Credentials();\ncy.wait(2000);\nfirstResponderPage.select_FirstResponders_When_LogIn();\ncy.url().should('eq', 'https://stage.vivayalive.com/first-responders');\ncy.get('.free-months > h2').should('contain', 'Our Gift of Gratitude to First Responders, Healthcare and Emergency Workers');\ncy.get('.free-months > :nth-child(3)').should('contain', 'VIVAYA is offering 2 FREE months of Unlimited Access to all VIVAYA Classes for First Responders, Healthcare and Emergency Workers.');\nfirstResponderPage.select_Register_Button();\ncy.get('#appModal > div > div').should('be.visible');",
              "err": {},
              "uuid": "6cc81c6b-1ca1-4358-b2b0-f93d654062af",
              "parentUUID": "bf402e9c-1d2a-4427-92e4-c582f27b8f26",
              "isHook": false,
              "skipped": false
            },
            {
              "title": "Verify the First Responder Page as Logged in Guide",
              "fullTitle": "Tests to confirm the correct rediection to Schedule and elements Verify the First Responder Page as Logged in Guide",
              "timedOut": null,
              "duration": 20218,
              "state": "passed",
              "speed": "slow",
              "pass": true,
              "fail": false,
              "pending": false,
              "context": null,
              "code": "homePage.select_Login();\ncommons.set_Seeker_Credentials_One();\nhomePage.submit_Credentials();\ncy.wait(2000);\nfirstResponderPage.select_FirstResponders_When_LogIn();\ncy.url().should('eq', 'https://stage.vivayalive.com/first-responders');\ncy.get('.free-months > h2').should('contain', 'Our Gift of Gratitude to First Responders, Healthcare and Emergency Workers');\ncy.get('.free-months > :nth-child(3)').should('contain', 'VIVAYA is offering 2 FREE months of Unlimited Access to all VIVAYA Classes for First Responders, Healthcare and Emergency Workers.');\nfirstResponderPage.select_Register_Button();\ncy.get('#appModal > div > div').should('be.visible');",
              "err": {},
              "uuid": "50012473-7c77-42ed-845b-25c06bdd06c2",
              "parentUUID": "bf402e9c-1d2a-4427-92e4-c582f27b8f26",
              "isHook": false,
              "skipped": false
            }
          ],
          "suites": [],
          "passes": [
            "25ec3064-ea87-4010-bc12-cfcca9222d01",
            "6cc81c6b-1ca1-4358-b2b0-f93d654062af",
            "50012473-7c77-42ed-845b-25c06bdd06c2"
          ],
          "failures": [],
          "pending": [],
          "skipped": [],
          "duration": 79746,
          "root": false,
          "rootEmpty": false,
          "_timeout": 2000
        }
      ],
      "passes": [],
      "failures": [],
      "pending": [],
      "skipped": [],
      "duration": 0,
      "root": true,
      "rootEmpty": true,
      "_timeout": 2000
    }
  ],
  "meta": {
    "mocha": {
      "version": "7.0.1"
    },
    "mochawesome": {
      "options": {
        "quiet": true,
        "reportFilename": "mochawesome",
        "saveHtml": false,
        "saveJson": true,
        "consoleReporter": "spec",
        "useInlineDiffs": false
      },
      "version": "4.1.0"
    },
    "marge": {
      "options": {
        "reportDir": "integration-reports/integration/reports/mocha",
        "quiet": true,
        "html": false,
        "overwrite": false,
        "json": true
      },
      "version": "4.1.0"
    }
  }
}