{
  "stats": {
    "suites": 1,
    "tests": 1,
    "passes": 1,
    "pending": 0,
    "failures": 0,
    "start": "2021-04-14T15:36:07.773Z",
    "end": "2021-04-14T15:36:31.530Z",
    "duration": 23757,
    "testsRegistered": 1,
    "passPercent": 100,
    "pendingPercent": 0,
    "other": 0,
    "hasOther": false,
    "skipped": 0,
    "hasSkipped": false
  },
  "results": [
    {
      "uuid": "2e28d20e-694c-48d4-abc6-c0d8370d494c",
      "title": "",
      "fullFile": "cypress/integration/Tests/Basic Tests/a08_Verify_Referral.spec.js",
      "file": "cypress/integration/Tests/Basic Tests/a08_Verify_Referral.spec.js",
      "beforeHooks": [],
      "afterHooks": [],
      "tests": [],
      "suites": [
        {
          "uuid": "475dfbe8-c801-4422-a820-9b886e4ca6c0",
          "title": "Verify the Referral Link and Popup",
          "fullFile": "",
          "file": "",
          "beforeHooks": [],
          "afterHooks": [],
          "tests": [
            {
              "title": "Verify the Referral Popup",
              "fullTitle": "Verify the Referral Link and Popup Verify the Referral Popup",
              "timedOut": null,
              "duration": 20752,
              "state": "passed",
              "speed": "slow",
              "pass": true,
              "fail": false,
              "pending": false,
              "context": null,
              "code": "homePage.select_Login();\ncommons.set_Seeker_Credentials_One();\nhomePage.submit_Credentials();\ndashBoard.select_My_Referral_From_Menu();\ncy.get('#modal-referral').should('contain.text', 'Refer a friend, get $10!');\ncy.get('#modal-referral').should('contain.text', 'Invite your friends and family to practice with you at VIVAYA. You receive $10 for every new seeker referral.*');\ncy.get('#modal-referral').should('contain.text', '*You will receive a $10 credit for every successful referral. This credit will be added to your seeker account and can be applied toward your next VIVAYA purchase.  Successful referral requires that the new seeker makes their first VIVAYA purchase. Multiple referrals are possible.');\ncy.get('.field-btn > .btn').should('be.visible');\ncy.get('.col-md-7 > .nav > :nth-child(2) > a').click(); //Verify Facebook button in the modal\ncy.get('#r-share-facebook').should('be.visible');\ncy.get('.col-md-7 > .nav > :nth-child(3) > a').click(); //Verify Twitter button in the modal\ncy.get('#r-share-twitter').should('be.visible');",
              "err": {},
              "uuid": "92ce1ac7-8cb4-4723-b4ab-abbd266895e9",
              "parentUUID": "475dfbe8-c801-4422-a820-9b886e4ca6c0",
              "isHook": false,
              "skipped": false
            }
          ],
          "suites": [],
          "passes": [
            "92ce1ac7-8cb4-4723-b4ab-abbd266895e9"
          ],
          "failures": [],
          "pending": [],
          "skipped": [],
          "duration": 20752,
          "root": false,
          "rootEmpty": false,
          "_timeout": 2000
        }
      ],
      "passes": [],
      "failures": [],
      "pending": [],
      "skipped": [],
      "duration": 0,
      "root": true,
      "rootEmpty": true,
      "_timeout": 2000
    }
  ],
  "meta": {
    "mocha": {
      "version": "7.0.1"
    },
    "mochawesome": {
      "options": {
        "quiet": true,
        "reportFilename": "mochawesome",
        "saveHtml": false,
        "saveJson": true,
        "consoleReporter": "spec",
        "useInlineDiffs": false
      },
      "version": "4.1.0"
    },
    "marge": {
      "options": {
        "reportDir": "integration-reports/integration/reports/mocha",
        "quiet": true,
        "html": false,
        "overwrite": false,
        "json": true
      },
      "version": "4.1.0"
    }
  }
}