{
  "stats": {
    "suites": 1,
    "tests": 1,
    "passes": 0,
    "pending": 1,
    "failures": 0,
    "start": "2021-04-07T14:43:56.867Z",
    "end": "2021-04-07T14:45:18.485Z",
    "duration": 81618,
    "testsRegistered": 2,
    "passPercent": 0,
    "pendingPercent": 50,
    "other": 1,
    "hasOther": true,
    "skipped": 1,
    "hasSkipped": true
  },
  "results": [
    {
      "uuid": "77c3d21d-31fd-4f67-abe9-fa1a0e833de1",
      "title": "",
      "fullFile": "cypress/integration/Tests/Basic Tests/a07_VerifyDashboard.spec.js",
      "file": "cypress/integration/Tests/Basic Tests/a07_VerifyDashboard.spec.js",
      "beforeHooks": [],
      "afterHooks": [],
      "tests": [],
      "suites": [
        {
          "uuid": "bb93e19a-fad8-4c16-b54a-5ff0815cd541",
          "title": "Verify the Elements within Dashboard",
          "fullFile": "",
          "file": "",
          "beforeHooks": [],
          "afterHooks": [],
          "tests": [
            {
              "title": "Test links within Guide Dashboard",
              "fullTitle": "Verify the Elements within Dashboard Test links within Guide Dashboard",
              "timedOut": null,
              "duration": 0,
              "state": "pending",
              "speed": null,
              "pass": false,
              "fail": false,
              "pending": true,
              "context": null,
              "code": "",
              "err": {},
              "uuid": "b4c7332f-13b1-48da-ac7e-a833f96c37f1",
              "parentUUID": "bb93e19a-fad8-4c16-b54a-5ff0815cd541",
              "isHook": false,
              "skipped": false
            },
            {
              "title": "Verify links within Seeker Dashboard",
              "fullTitle": "Verify the Elements within Dashboard Verify links within Seeker Dashboard",
              "timedOut": null,
              "duration": 67485,
              "state": "failed",
              "speed": null,
              "pass": false,
              "fail": true,
              "pending": false,
              "context": null,
              "code": "homePage.select_Login();\ncommons.set_Seeker_Credentials_One();\nhomePage.submit_Credentials();\ndashBoard.select_Book_More();\ncy.url().should('eq', 'https://stage.vivayalive.com/schedule');\ncy.go('back');\ndashBoard.select_View_FullClass_History();\ncy.url().should('eq', 'https://stage.vivayalive.com/dashboard/history');\ncy.go('back');\ndashBoard.select_Shopping_Cart();\ncy.url().should('eq', 'https://stage.vivayalive.com/cart');\ncy.go('back');\ndashBoard.select_My_Password();\ncy.url().should('eq', 'https://stage.vivayalive.com/account');\ncy.go('back');\ndashBoard.select_Contact_Vivaya_Seeker();\ncy.url().should('eq', 'https://stage.vivayalive.com/site/contact');\ncy.go('back');\ndashBoard.select_My_Referral();\ncy.url().should('eq', 'https://stage.vivayalive.com/dashboard/referral-detail/3884');\ncy.go('back');\ndashBoard.select_My_Account_Seeker();\ncy.url().should('eq', 'https://stage.vivayalive.com/account');\ncy.go('back');\ndashBoard.select_Payment_Info();\ncy.url().should('eq', 'https://stage.vivayalive.com/account/edit-cc');\ncy.go('back');\ndashBoard.select_Edit_Profile_Left_Section_Seeker();\ncy.url().should('eq', 'https://stage.vivayalive.com/account');",
              "err": {
                "message": "AssertionError: Timed out retrying after 4000ms: expected 'https://stage.vivayalive.com/dashboard/referral-detail/4206' to equal 'https://stage.vivayalive.com/dashboard/referral-detail/3884'",
                "estack": "AssertionError: Timed out retrying after 4000ms: expected 'https://stage.vivayalive.com/dashboard/referral-detail/4206' to equal 'https://stage.vivayalive.com/dashboard/referral-detail/3884'\n    at Context.eval (https://stage.vivayalive.com/__cypress/tests?p=cypress/integration/Tests/Basic%20Tests/a07_VerifyDashboard.spec.js:230:14)",
                "diff": "- 'https://stage.vivayalive.com/dashboard/referral-detail/4206'\n+ 'https://stage.vivayalive.com/dashboard/referral-detail/3884'\n"
              },
              "uuid": "2249a1cc-184a-4fd9-b19a-1287dc40dab2",
              "parentUUID": "bb93e19a-fad8-4c16-b54a-5ff0815cd541",
              "isHook": false,
              "skipped": false
            }
          ],
          "suites": [],
          "passes": [],
          "failures": [
            "2249a1cc-184a-4fd9-b19a-1287dc40dab2"
          ],
          "pending": [
            "b4c7332f-13b1-48da-ac7e-a833f96c37f1"
          ],
          "skipped": [],
          "duration": 67485,
          "root": false,
          "rootEmpty": false,
          "_timeout": 2000
        }
      ],
      "passes": [],
      "failures": [],
      "pending": [],
      "skipped": [],
      "duration": 0,
      "root": true,
      "rootEmpty": true,
      "_timeout": 2000
    }
  ],
  "meta": {
    "mocha": {
      "version": "7.0.1"
    },
    "mochawesome": {
      "options": {
        "quiet": true,
        "reportFilename": "mochawesome",
        "saveHtml": false,
        "saveJson": true,
        "consoleReporter": "spec",
        "useInlineDiffs": false
      },
      "version": "4.1.0"
    },
    "marge": {
      "options": {
        "reportDir": "integration-reports/integration/reports/mocha",
        "quiet": true,
        "html": false,
        "overwrite": false,
        "json": true
      },
      "version": "4.1.0"
    }
  }
}