{
  "stats": {
    "suites": 1,
    "tests": 3,
    "passes": 2,
    "pending": 0,
    "failures": 1,
    "start": "2021-03-31T01:10:33.072Z",
    "end": "2021-03-31T01:13:21.031Z",
    "duration": 167959,
    "testsRegistered": 7,
    "passPercent": 28.57142857142857,
    "pendingPercent": 0,
    "other": 0,
    "hasOther": false,
    "skipped": 4,
    "hasSkipped": true
  },
  "results": [
    {
      "uuid": "dc83f0cd-4506-4947-93d1-57e49369ce59",
      "title": "",
      "fullFile": "cypress/integration/Tests/Guide and Seeker Actions/a14_BuyPackage.spec.js",
      "file": "cypress/integration/Tests/Guide and Seeker Actions/a14_BuyPackage.spec.js",
      "beforeHooks": [],
      "afterHooks": [],
      "tests": [],
      "suites": [
        {
          "uuid": "fe4e0948-a58f-4efe-8b8f-c917ca7d3463",
          "title": "Buy Plans from membership",
          "fullFile": "",
          "file": "",
          "beforeHooks": [],
          "afterHooks": [],
          "tests": [
            {
              "title": "Buy Monthly 3 Pack Membership",
              "fullTitle": "Buy Plans from membership Buy Monthly 3 Pack Membership",
              "timedOut": null,
              "duration": 55150,
              "state": "passed",
              "speed": "slow",
              "pass": true,
              "fail": false,
              "pending": false,
              "context": null,
              "code": "cy.wait(3000);\nmembershipPage.select_MShip_Tab();\nmembershipPage.select_Subscribe_3Pack();\ncy.wait(3000);\ncy.get('#checkout-form > div:nth-child(2) > div:nth-child(2) > h4').contains('Monthly 3 Pack Membership').should('be.visible');\ncy.get('.remove-button').click();\ncartPage.confirm_Remove_From_Cart();\ncy.get('#w0-success-0').contains('Item has been removed from cart.');",
              "err": {},
              "uuid": "cdcb6a15-847d-4ea5-be2b-5fdfa3101d68",
              "parentUUID": "fe4e0948-a58f-4efe-8b8f-c917ca7d3463",
              "isHook": false,
              "skipped": false
            },
            {
              "title": "Buy Monthly 5 Pack Membership",
              "fullTitle": "Buy Plans from membership Buy Monthly 5 Pack Membership",
              "timedOut": null,
              "duration": 48664,
              "state": "passed",
              "speed": "slow",
              "pass": true,
              "fail": false,
              "pending": false,
              "context": null,
              "code": "cy.wait(3000);\nmembershipPage.select_MShip_Tab();\nmembershipPage.select_Subscribe_5Pack();\ncy.wait(3000);\ncy.get('#checkout-form > div:nth-child(2) > div:nth-child(2) > h4').contains('Monthly 5 Pack Membership').should('be.visible');\ncy.get('.remove-button').click();\ncartPage.confirm_Remove_From_Cart();\ncy.get('#w0-success-0').contains('Item has been removed from cart.');",
              "err": {},
              "uuid": "c113b0e6-492a-42f6-94bf-5c4c133fdbd4",
              "parentUUID": "fe4e0948-a58f-4efe-8b8f-c917ca7d3463",
              "isHook": false,
              "skipped": false
            },
            {
              "title": "Buy Monthly Unlimited Membership",
              "fullTitle": "Buy Plans from membership Buy Monthly Unlimited Membership",
              "timedOut": null,
              "duration": 60501,
              "state": "failed",
              "speed": null,
              "pass": false,
              "fail": true,
              "pending": false,
              "context": null,
              "code": "cy.wait(3000);\nmembershipPage.select_MShip_Tab();\nmembershipPage.select_Monthly_Unlimited();\ncy.wait(3000);\ncy.get('.product > :nth-child(2) > h4').contains('MONTHLY UNLIMITED MEMBERSHIP').should('be.visible');\ncy.get('.remove-button').click();\ncartPage.confirm_Remove_From_Cart();\ncy.get('#w0-success-0').contains('Item has been removed from cart.');",
              "err": {
                "message": "CypressError: Timed out after waiting `60000ms` for your remote page to load.\n\nYour page did not fire its `load` event within `60000ms`.\n\nYou can try increasing the `pageLoadTimeout` value in `cypress.json` to wait longer.\n\nBrowsers will not fire the `load` event until all stylesheets and scripts are done downloading.\n\nWhen this `load` event occurs, Cypress will continue running commands.\n\nBecause this error occurred during a `before each` hook we are skipping the remaining tests in the current suite: `Buy Plans from membership`",
                "estack": "CypressError: Timed out after waiting `60000ms` for your remote page to load.\n\nYour page did not fire its `load` event within `60000ms`.\n\nYou can try increasing the `pageLoadTimeout` value in `cypress.json` to wait longer.\n\nBrowsers will not fire the `load` event until all stylesheets and scripts are done downloading.\n\nWhen this `load` event occurs, Cypress will continue running commands.\n\nBecause this error occurred during a `before each` hook we are skipping the remaining tests in the current suite: `Buy Plans from membership`\n    at timedOutWaitingForPageLoad (https://stage.vivayalive.com/__cypress/runner/cypress_runner.js:158187:13)\n    at https://stage.vivayalive.com/__cypress/runner/cypress_runner.js:159171:16\n    at tryCatcher (https://stage.vivayalive.com/__cypress/runner/cypress_runner.js:10765:23)\n    at https://stage.vivayalive.com/__cypress/runner/cypress_runner.js:5887:41\n    at tryCatcher (https://stage.vivayalive.com/__cypress/runner/cypress_runner.js:10765:23)\n    at Promise._settlePromiseFromHandler (https://stage.vivayalive.com/__cypress/runner/cypress_runner.js:8700:31)\n    at Promise._settlePromise (https://stage.vivayalive.com/__cypress/runner/cypress_runner.js:8757:18)\n    at Promise._settlePromise0 (https://stage.vivayalive.com/__cypress/runner/cypress_runner.js:8802:10)\n    at Promise._settlePromises (https://stage.vivayalive.com/__cypress/runner/cypress_runner.js:8878:18)\n    at _drainQueueStep (https://stage.vivayalive.com/__cypress/runner/cypress_runner.js:5472:12)\n    at _drainQueue (https://stage.vivayalive.com/__cypress/runner/cypress_runner.js:5465:9)\n    at Async.../../node_modules/bluebird/js/release/async.js.Async._drainQueues (https://stage.vivayalive.com/__cypress/runner/cypress_runner.js:5481:5)\n    at Async.drainQueues (https://stage.vivayalive.com/__cypress/runner/cypress_runner.js:5351:14)\nFrom Your Spec Code:\n    at Commons.open_Web_Site (https://stage.vivayalive.com/__cypress/tests?p=cypress/integration/Tests/Guide%20and%20Seeker%20Actions/a14_BuyPackage.spec.js:183:10)\n    at Context.eval (https://stage.vivayalive.com/__cypress/tests?p=cypress/integration/Tests/Guide%20and%20Seeker%20Actions/a14_BuyPackage.spec.js:249:13)",
                "diff": null
              },
              "uuid": "5389860b-8f74-4216-8602-130143a5e31b",
              "parentUUID": "fe4e0948-a58f-4efe-8b8f-c917ca7d3463",
              "isHook": false,
              "skipped": false
            },
            {
              "title": "Buy Annual Unlimited Membership",
              "fullTitle": "Buy Plans from membership Buy Annual Unlimited Membership",
              "timedOut": null,
              "duration": 0,
              "state": "skipped",
              "speed": null,
              "pass": false,
              "fail": false,
              "pending": false,
              "context": null,
              "code": "cy.wait(3000);\nmembershipPage.select_MShip_Tab();\nmembershipPage.select_Annual_Unlimited();\ncy.wait(3000);\ncy.get('.product > :nth-child(2) > h4').contains('ANNUAL UNLIMITED MEMBERSHIP').should('be.visible');\ncy.get('.remove-button').click();\ncartPage.confirm_Remove_From_Cart();\ncy.get('#w0-success-0').contains('Item has been removed from cart.');",
              "err": {},
              "uuid": "218d2cde-8931-440c-b962-835de1ce1468",
              "parentUUID": "fe4e0948-a58f-4efe-8b8f-c917ca7d3463",
              "isHook": false,
              "skipped": true
            },
            {
              "title": "Buy 1 class",
              "fullTitle": "Buy Plans from membership Buy 1 class",
              "timedOut": null,
              "duration": 0,
              "state": "skipped",
              "speed": null,
              "pass": false,
              "fail": false,
              "pending": false,
              "context": null,
              "code": "cy.wait(3000);\nmembershipPage.select_MShip_Tab();\ncy.scrollTo(0, 300);\nmembershipPage.select_Buy_1Class();\ncy.wait(3000);\ncy.get('.product > :nth-child(2) > h4').contains('1 CLASS').should('be.visible');\ncy.get('.remove-button').click();\ncartPage.confirm_Remove_From_Cart();\ncy.get('#w0-success-0').contains('Item has been removed from cart.');",
              "err": {},
              "uuid": "c73e8d14-24c0-4cb9-9cf5-32e2421ac20d",
              "parentUUID": "fe4e0948-a58f-4efe-8b8f-c917ca7d3463",
              "isHook": false,
              "skipped": true
            },
            {
              "title": "Buy 5 Package",
              "fullTitle": "Buy Plans from membership Buy 5 Package",
              "timedOut": null,
              "duration": 0,
              "state": "skipped",
              "speed": null,
              "pass": false,
              "fail": false,
              "pending": false,
              "context": null,
              "code": "cy.wait(3000);\nmembershipPage.select_MShip_Tab();\ncy.scrollTo(0, 300);\nmembershipPage.select_Buy_5Pack();\ncy.wait(3000);\ncy.get('.product > :nth-child(2) > h4').contains('5 PACK').should('be.visible');\ncy.get('.remove-button').click();\ncartPage.confirm_Remove_From_Cart();\ncy.get('#w0-success-0').contains('Item has been removed from cart.');",
              "err": {},
              "uuid": "1e940515-6e04-4c34-a61c-14e2da980e28",
              "parentUUID": "fe4e0948-a58f-4efe-8b8f-c917ca7d3463",
              "isHook": false,
              "skipped": true
            },
            {
              "title": "Buy 10 Package",
              "fullTitle": "Buy Plans from membership Buy 10 Package",
              "timedOut": null,
              "duration": 0,
              "state": "skipped",
              "speed": null,
              "pass": false,
              "fail": false,
              "pending": false,
              "context": null,
              "code": "cy.wait(3000);\nmembershipPage.select_MShip_Tab();\ncy.scrollTo(0, 300);\nmembershipPage.select_Buy_10Pack();\ncy.wait(3000);\ncy.get('.product > :nth-child(2) > h4').contains('10 PACK').should('be.visible');\ncy.get('.remove-button').click();\ncartPage.confirm_Remove_From_Cart();\ncy.get('#w0-success-0').contains('Item has been removed from cart.');",
              "err": {},
              "uuid": "f55d692e-7b8c-4720-83c2-c5e66aa9331a",
              "parentUUID": "fe4e0948-a58f-4efe-8b8f-c917ca7d3463",
              "isHook": false,
              "skipped": true
            }
          ],
          "suites": [],
          "passes": [
            "cdcb6a15-847d-4ea5-be2b-5fdfa3101d68",
            "c113b0e6-492a-42f6-94bf-5c4c133fdbd4"
          ],
          "failures": [
            "5389860b-8f74-4216-8602-130143a5e31b"
          ],
          "pending": [],
          "skipped": [
            "218d2cde-8931-440c-b962-835de1ce1468",
            "c73e8d14-24c0-4cb9-9cf5-32e2421ac20d",
            "1e940515-6e04-4c34-a61c-14e2da980e28",
            "f55d692e-7b8c-4720-83c2-c5e66aa9331a"
          ],
          "duration": 164315,
          "root": false,
          "rootEmpty": false,
          "_timeout": 2000
        }
      ],
      "passes": [],
      "failures": [],
      "pending": [],
      "skipped": [],
      "duration": 0,
      "root": true,
      "rootEmpty": true,
      "_timeout": 2000
    }
  ],
  "meta": {
    "mocha": {
      "version": "7.0.1"
    },
    "mochawesome": {
      "options": {
        "quiet": true,
        "reportFilename": "mochawesome",
        "saveHtml": false,
        "saveJson": true,
        "consoleReporter": "spec",
        "useInlineDiffs": false
      },
      "version": "4.1.0"
    },
    "marge": {
      "options": {
        "reportDir": "integration-reports/integration/reports/mocha",
        "quiet": true,
        "html": false,
        "overwrite": false,
        "json": true
      },
      "version": "4.1.0"
    }
  }
}