{
  "stats": {
    "suites": 1,
    "tests": 2,
    "passes": 1,
    "pending": 0,
    "failures": 1,
    "start": "2021-03-27T01:39:17.492Z",
    "end": "2021-03-27T01:39:32.410Z",
    "duration": 14918,
    "testsRegistered": 2,
    "passPercent": 50,
    "pendingPercent": 0,
    "other": 1,
    "hasOther": true,
    "skipped": 0,
    "hasSkipped": false
  },
  "results": [
    {
      "uuid": "5c6ab587-ea3d-4d3f-9661-75b9fdb1dcfe",
      "title": "",
      "fullFile": "cypress/integration/Tests/Basic Tests/a03_VerifyWhatWeOfferPage.spec.js",
      "file": "cypress/integration/Tests/Basic Tests/a03_VerifyWhatWeOfferPage.spec.js",
      "beforeHooks": [],
      "afterHooks": [],
      "tests": [],
      "suites": [
        {
          "uuid": "dfad864d-9279-46d9-9b8a-d6bde549f884",
          "title": "Tests to confirm the correct rediection to Schedule and elements",
          "fullFile": "",
          "file": "",
          "beforeHooks": [],
          "afterHooks": [],
          "tests": [
            {
              "title": "Verify the Schedule page as Logged out",
              "fullTitle": "Tests to confirm the correct rediection to Schedule and elements Verify the Schedule page as Logged out",
              "timedOut": null,
              "duration": 7394,
              "state": "passed",
              "speed": "slow",
              "pass": true,
              "fail": false,
              "pending": false,
              "context": null,
              "code": "whatWeOffer.select_WhatweOffer_When_Logout();\ncy.url().should('eq', 'https://stage.vivayalive.com/offerings');\ncy.get('.text-center > strong').should('contain', 'VIVAYA Offerings');",
              "err": {},
              "uuid": "60f169a8-f558-45e0-8336-64aa8567630d",
              "parentUUID": "dfad864d-9279-46d9-9b8a-d6bde549f884",
              "isHook": false,
              "skipped": false
            },
            {
              "title": "Verify the Schedule Page as Logged in user",
              "fullTitle": "Tests to confirm the correct rediection to Schedule and elements Verify the Schedule Page as Logged in user",
              "timedOut": null,
              "duration": 484,
              "state": "failed",
              "speed": null,
              "pass": false,
              "fail": true,
              "pending": false,
              "context": null,
              "code": "homePage.select_Login();\ncommons.set_Guide_Credentials();\nhomePage.submit_Credentials();\ncy.wait(2000);\nwhatWeOffer.select_WhatweOffer_When_Login();\ncy.url().should('eq', 'https://stage.vivayalive.com/offerings');\ncy.get('.text-center > strong').should('contain', 'VIVAYA Offerings');",
              "err": {
                "message": "CypressError: `cy.click()` failed because it requires a DOM element.\n\nThe subject received was:\n\n  > `undefined`\n\nThe previous command that ran was:\n\n  > `cy.get()`\n\nBecause this error occurred during a `after all` hook we are skipping the remaining tests in the current suite: `Tests to confirm the correc...`",
                "estack": "CypressError: `cy.click()` failed because it requires a DOM element.\n\nThe subject received was:\n\n  > `undefined`\n\nThe previous command that ran was:\n\n  > `cy.get()`\n\nBecause this error occurred during a `after all` hook we are skipping the remaining tests in the current suite: `Tests to confirm the correc...`\n    at ensureElement (https://stage.vivayalive.com/__cypress/runner/cypress_runner.js:162595:24)\n    at validateType (https://stage.vivayalive.com/__cypress/runner/cypress_runner.js:162432:16)\n    at Object.ensureSubjectByType (https://stage.vivayalive.com/__cypress/runner/cypress_runner.js:162468:9)\n    at pushSubjectAndValidate (https://stage.vivayalive.com/__cypress/runner/cypress_runner.js:171208:15)\n    at Context.<anonymous> (https://stage.vivayalive.com/__cypress/runner/cypress_runner.js:171545:18)\nFrom Your Spec Code:\n    at HomePage.logout_Account (https://stage.vivayalive.com/__cypress/tests?p=cypress/integration/Tests/Basic%20Tests/a03_VerifyWhatWeOfferPage.spec.js:322:24)\n    at Context.eval (https://stage.vivayalive.com/__cypress/tests?p=cypress/integration/Tests/Basic%20Tests/a03_VerifyWhatWeOfferPage.spec.js:243:14)",
                "diff": null
              },
              "uuid": "11552282-43ca-41a7-8d64-7383c9764d63",
              "parentUUID": "dfad864d-9279-46d9-9b8a-d6bde549f884",
              "isHook": false,
              "skipped": false
            }
          ],
          "suites": [],
          "passes": [
            "60f169a8-f558-45e0-8336-64aa8567630d"
          ],
          "failures": [
            "11552282-43ca-41a7-8d64-7383c9764d63"
          ],
          "pending": [],
          "skipped": [],
          "duration": 7878,
          "root": false,
          "rootEmpty": false,
          "_timeout": 2000
        }
      ],
      "passes": [],
      "failures": [],
      "pending": [],
      "skipped": [],
      "duration": 0,
      "root": true,
      "rootEmpty": true,
      "_timeout": 2000
    }
  ],
  "meta": {
    "mocha": {
      "version": "7.0.1"
    },
    "mochawesome": {
      "options": {
        "quiet": true,
        "reportFilename": "mochawesome",
        "saveHtml": false,
        "saveJson": true,
        "consoleReporter": "spec",
        "useInlineDiffs": false
      },
      "version": "4.1.0"
    },
    "marge": {
      "options": {
        "reportDir": "integration-reports/integration/reports/mocha",
        "quiet": true,
        "html": false,
        "overwrite": false,
        "json": true
      },
      "version": "4.1.0"
    }
  }
}