{
  "stats": {
    "suites": 1,
    "tests": 3,
    "passes": 3,
    "pending": 0,
    "failures": 0,
    "start": "2021-04-08T22:10:40.677Z",
    "end": "2021-04-08T22:12:35.302Z",
    "duration": 114625,
    "testsRegistered": 3,
    "passPercent": 100,
    "pendingPercent": 0,
    "other": 0,
    "hasOther": false,
    "skipped": 0,
    "hasSkipped": false
  },
  "results": [
    {
      "uuid": "4489a957-19a2-4977-a062-9dbcbfe9114b",
      "title": "",
      "fullFile": "cypress/integration/Tests/Seminars/a21_BuySeminar.spec.js",
      "file": "cypress/integration/Tests/Seminars/a21_BuySeminar.spec.js",
      "beforeHooks": [],
      "afterHooks": [],
      "tests": [],
      "suites": [
        {
          "uuid": "bd336ce8-4fc6-42f5-b5ab-d54aeb923c99",
          "title": "Add seminar to cart and remove from cart",
          "fullFile": "",
          "file": "",
          "beforeHooks": [],
          "afterHooks": [],
          "tests": [
            {
              "title": "Create a Seminar with one event",
              "fullTitle": "Add seminar to cart and remove from cart Create a Seminar with one event",
              "timedOut": null,
              "duration": 52689,
              "state": "passed",
              "speed": "slow",
              "pass": true,
              "fail": false,
              "pending": false,
              "context": null,
              "code": "homePage.select_Login();\ncommons.set_Guide_Credentials_One();\nhomePage.submit_Credentials();\ncy.wait(3000);\ndashboard.select_Add_Seminar();\nseminars.type_Seminar_Name(\"Seminar Automation\");\nseminars.add_Description(\"This is a Seminar for Automation Proj\");\nseminars.add_Custom_Start_Date(8);\nseminars.add_Custom_End_Date(15);\nseminars.select_Main_Offering('Yoga');\nseminars.add_Seminar_Price(150);\nseminars.select_Allow_Independent_Events();\nseminars.select_Publish_Button();\ncy.get('#w0-success-0').should('contain', 'Seminar has been created.');\ncy.get('h4 > a').should('contain', 'Seminar Automation'); //add seminar event\ndashboard.add_NewEvent();\ndashboard.add_Seminar_Event();\nseminarEvent.add_Seminar_Event_Name('Seminar Event test one');\nseminarEvent.add_Description('This is a seminar Event for testing');\nseminarEvent.add_Custom_Number_Of_Days(10);\nseminarEvent.custom_End_Time(2);\nseminarEvent.select_Existing_Seminar('Seminar Automation');\nseminarEvent.select_Assign_Guide('manu rex');\ncy.get('.tt-suggestion').click();\nseminarEvent.add_EventSeminar_Price(50);\nseminarEvent.select_Add_Button();\ncy.get('#w0-success-0').should('contain', 'Events have been created.');\nhomePage.logout_Account();",
              "err": {},
              "uuid": "550ae2cc-3bbf-4038-b86a-378acf0d051d",
              "parentUUID": "bd336ce8-4fc6-42f5-b5ab-d54aeb923c99",
              "isHook": false,
              "skipped": false
            },
            {
              "title": "Buy Seminar",
              "fullTitle": "Add seminar to cart and remove from cart Buy Seminar",
              "timedOut": null,
              "duration": 41143,
              "state": "passed",
              "speed": "slow",
              "pass": true,
              "fail": false,
              "pending": false,
              "context": null,
              "code": "homePage.select_Login();\ncommons.set_Seeker_Credentials_One();\nhomePage.submit_Credentials();\ncy.wait(3000);\ncy.get('.col-lg-8 > #footernav > :nth-child(3) > a').click();\ncy.get(':nth-child(1) > .n').click();\ncy.get(':nth-child(1) > .text-center > .btn').click();\ncy.get('.product > :nth-child(2) > h4').should('contain.text', 'Seminar: Seminar Automation');\ncartPage.select_Checkout();\ncartPage.select_Confirm_Purchase();\ncy.get('.order-summary').should('contain.text', 'Purchase Confirmation');\ncy.get(':nth-child(2) > .col-md-8').should('contain.text', 'SEMINAR: Seminar Automation');\ncartPage.select_Go_ToDashboard_AfterPurchase();\ncy.scrollTo(0, 300);\ncy.get('.cancel-seminar').click();\ndashboard.confirm_Cancelation_From_Dashboard();\ncy.wait(3000);",
              "err": {},
              "uuid": "c28a487b-6ff8-4da8-adc5-72e6be907c1e",
              "parentUUID": "bd336ce8-4fc6-42f5-b5ab-d54aeb923c99",
              "isHook": false,
              "skipped": false
            },
            {
              "title": "Delete Seminar from Guide Dashboard",
              "fullTitle": "Add seminar to cart and remove from cart Delete Seminar from Guide Dashboard",
              "timedOut": null,
              "duration": 16950,
              "state": "passed",
              "speed": "slow",
              "pass": true,
              "fail": false,
              "pending": false,
              "context": null,
              "code": "homePage.select_Login();\ncommons.set_Guide_Credentials_One();\nhomePage.submit_Credentials();\ncy.wait(3000);\nseminars.select_Cancel_Seminar();\ncy.get('#w0-success-0').should('contain', 'Seminar has been cancelled.');",
              "err": {},
              "uuid": "712c2f72-3b4d-49ae-981b-91f2025e1047",
              "parentUUID": "bd336ce8-4fc6-42f5-b5ab-d54aeb923c99",
              "isHook": false,
              "skipped": false
            }
          ],
          "suites": [],
          "passes": [
            "550ae2cc-3bbf-4038-b86a-378acf0d051d",
            "c28a487b-6ff8-4da8-adc5-72e6be907c1e",
            "712c2f72-3b4d-49ae-981b-91f2025e1047"
          ],
          "failures": [],
          "pending": [],
          "skipped": [],
          "duration": 110782,
          "root": false,
          "rootEmpty": false,
          "_timeout": 2000
        }
      ],
      "passes": [],
      "failures": [],
      "pending": [],
      "skipped": [],
      "duration": 0,
      "root": true,
      "rootEmpty": true,
      "_timeout": 2000
    }
  ],
  "meta": {
    "mocha": {
      "version": "7.0.1"
    },
    "mochawesome": {
      "options": {
        "quiet": true,
        "reportFilename": "mochawesome",
        "saveHtml": false,
        "saveJson": true,
        "consoleReporter": "spec",
        "useInlineDiffs": false
      },
      "version": "4.1.0"
    },
    "marge": {
      "options": {
        "reportDir": "integration-reports/integration/reports/mocha",
        "quiet": true,
        "html": false,
        "overwrite": false,
        "json": true
      },
      "version": "4.1.0"
    }
  }
}