{
  "stats": {
    "suites": 1,
    "tests": 1,
    "passes": 0,
    "pending": 0,
    "failures": 1,
    "start": "2021-03-27T01:44:27.088Z",
    "end": "2021-03-27T01:44:43.571Z",
    "duration": 16483,
    "testsRegistered": 1,
    "passPercent": 0,
    "pendingPercent": 0,
    "other": 0,
    "hasOther": false,
    "skipped": 0,
    "hasSkipped": false
  },
  "results": [
    {
      "uuid": "e2f97d01-4327-4f27-8687-e6b0bd1e8f1d",
      "title": "",
      "fullFile": "cypress/integration/Tests/Guide and Seeker Actions/a09_EditEvent.spec.js",
      "file": "cypress/integration/Tests/Guide and Seeker Actions/a09_EditEvent.spec.js",
      "beforeHooks": [],
      "afterHooks": [],
      "tests": [],
      "suites": [
        {
          "uuid": "fbcd2bb0-dd50-466d-a345-bea46affe3b0",
          "title": "Events Creation",
          "fullFile": "",
          "file": "",
          "beforeHooks": [],
          "afterHooks": [],
          "tests": [
            {
              "title": "Create an Event and Edit",
              "fullTitle": "Events Creation Create an Event and Edit",
              "timedOut": null,
              "duration": 14171,
              "state": "failed",
              "speed": null,
              "pass": false,
              "fail": true,
              "pending": false,
              "context": null,
              "code": "homePage.select_Login();\nhomePage.fill_Email('guide@tester1.com');\nhomePage.fill_Password('perrodelmal');\nhomePage.submit_Credentials();\ndashboard.go_to_Dashboard_From_Menu();\ndashboard.add_NewEvent();\ndashboard.add_Class();\neventCreationPage.add_EventName('class test');\ncy.wait(2000);\neventCreationPage.add_Description('This is a class test');\neventCreationPage.add_Custom_Number_Of_Days(2);\neventCreationPage.custom_Start_Time(10);\neventCreationPage.press_Add();\ncy.wait(4000);\ndashboard.select_Edit_Event();\ncy.get('#eventform-startdate').clear();\neventCreationPage.add_Custom_Number_Of_Days(4);\neventCreationPage.press_Update_After_Edit();\ncy.wait(3000);\ndashboard.cancel_Created_Event();\ncy.wait(2000);",
              "err": {
                "message": "AssertionError: Timed out retrying after 4000ms: Expected to find element: `#accountNav > ul > li > ul > li:nth-child(1) > a`, but never found it.",
                "estack": "AssertionError: Timed out retrying after 4000ms: Expected to find element: `#accountNav > ul > li > ul > li:nth-child(1) > a`, but never found it.\n    at Dashboard.go_to_Dashboard_From_Menu (https://stage.vivayalive.com/__cypress/tests?p=cypress/integration/Tests/Guide%20and%20Seeker%20Actions/a09_EditEvent.spec.js:313:10)\n    at Context.eval (https://stage.vivayalive.com/__cypress/tests?p=cypress/integration/Tests/Guide%20and%20Seeker%20Actions/a09_EditEvent.spec.js:255:15)",
                "diff": null
              },
              "uuid": "f9a292c2-ae2e-4605-abdc-81107847a6f9",
              "parentUUID": "fbcd2bb0-dd50-466d-a345-bea46affe3b0",
              "isHook": false,
              "skipped": false
            }
          ],
          "suites": [],
          "passes": [],
          "failures": [
            "f9a292c2-ae2e-4605-abdc-81107847a6f9"
          ],
          "pending": [],
          "skipped": [],
          "duration": 14171,
          "root": false,
          "rootEmpty": false,
          "_timeout": 2000
        }
      ],
      "passes": [],
      "failures": [],
      "pending": [],
      "skipped": [],
      "duration": 0,
      "root": true,
      "rootEmpty": true,
      "_timeout": 2000
    }
  ],
  "meta": {
    "mocha": {
      "version": "7.0.1"
    },
    "mochawesome": {
      "options": {
        "quiet": true,
        "reportFilename": "mochawesome",
        "saveHtml": false,
        "saveJson": true,
        "consoleReporter": "spec",
        "useInlineDiffs": false
      },
      "version": "4.1.0"
    },
    "marge": {
      "options": {
        "reportDir": "integration-reports/integration/reports/mocha",
        "quiet": true,
        "html": false,
        "overwrite": false,
        "json": true
      },
      "version": "4.1.0"
    }
  }
}