{
  "stats": {
    "suites": 1,
    "tests": 3,
    "passes": 3,
    "pending": 0,
    "failures": 0,
    "start": "2021-03-30T20:08:31.466Z",
    "end": "2021-03-30T20:09:29.059Z",
    "duration": 57593,
    "testsRegistered": 3,
    "passPercent": 100,
    "pendingPercent": 0,
    "other": 0,
    "hasOther": false,
    "skipped": 0,
    "hasSkipped": false
  },
  "results": [
    {
      "uuid": "769f7dc2-9088-4849-b156-994d57f1f42d",
      "title": "",
      "fullFile": "cypress/integration/Tests/Basic Tests/a09_VerifyFirstResponder.spec.js",
      "file": "cypress/integration/Tests/Basic Tests/a09_VerifyFirstResponder.spec.js",
      "beforeHooks": [],
      "afterHooks": [],
      "tests": [],
      "suites": [
        {
          "uuid": "9ac4d961-ba51-493a-9ff5-2c29a2face99",
          "title": "Tests to confirm the correct rediection to Schedule and elements",
          "fullFile": "",
          "file": "",
          "beforeHooks": [],
          "afterHooks": [],
          "tests": [
            {
              "title": "Verify the First Responder page as Logged out",
              "fullTitle": "Tests to confirm the correct rediection to Schedule and elements Verify the First Responder page as Logged out",
              "timedOut": null,
              "duration": 13678,
              "state": "passed",
              "speed": "slow",
              "pass": true,
              "fail": false,
              "pending": false,
              "context": null,
              "code": "firstResponderPage.select_FirstResponders_When_LoggedOut();\ncy.url().should('eq', 'https://stage.vivayalive.com/first-responders');\ncy.get('.free-months > h2').should('contain', 'Our Gift of Gratitude to First Responders, Healthcare and Emergency Workers');\ncy.get('.free-months > :nth-child(3)').should('contain', 'VIVAYA is offering 2 FREE months of Unlimited Access to all VIVAYA Classes for First Responders, Healthcare and Emergency Workers.');\nfirstResponderPage.select_Register_Button();\ncy.url().should('eq', 'https://stage.vivayalive.com/signup/number?isFirstResponder=1');",
              "err": {},
              "uuid": "9f05dcc2-04f9-4f38-be25-7ef6ed0e9a1c",
              "parentUUID": "9ac4d961-ba51-493a-9ff5-2c29a2face99",
              "isHook": false,
              "skipped": false
            },
            {
              "title": "Verify the First Responder Page as Logged in Guide",
              "fullTitle": "Tests to confirm the correct rediection to Schedule and elements Verify the First Responder Page as Logged in Guide",
              "timedOut": null,
              "duration": 20799,
              "state": "passed",
              "speed": "slow",
              "pass": true,
              "fail": false,
              "pending": false,
              "context": null,
              "code": "homePage.select_Login();\ncommons.set_Guide_Credentials_One();\nhomePage.submit_Credentials();\ncy.wait(2000);\nfirstResponderPage.select_FirstResponders_When_LogIn();\ncy.url().should('eq', 'https://stage.vivayalive.com/first-responders');\ncy.get('.free-months > h2').should('contain', 'Our Gift of Gratitude to First Responders, Healthcare and Emergency Workers');\ncy.get('.free-months > :nth-child(3)').should('contain', 'VIVAYA is offering 2 FREE months of Unlimited Access to all VIVAYA Classes for First Responders, Healthcare and Emergency Workers.');\nfirstResponderPage.select_Register_Button();\ncy.get('#appModal > div > div').should('be.visible');",
              "err": {},
              "uuid": "92e1faab-24e8-4260-ac83-ecf9ad92d486",
              "parentUUID": "9ac4d961-ba51-493a-9ff5-2c29a2face99",
              "isHook": false,
              "skipped": false
            },
            {
              "title": "Verify the First Responder Page as Logged in Guide",
              "fullTitle": "Tests to confirm the correct rediection to Schedule and elements Verify the First Responder Page as Logged in Guide",
              "timedOut": null,
              "duration": 19846,
              "state": "passed",
              "speed": "slow",
              "pass": true,
              "fail": false,
              "pending": false,
              "context": null,
              "code": "homePage.select_Login();\ncommons.set_Seeker_Credentials_One();\nhomePage.submit_Credentials();\ncy.wait(2000);\nfirstResponderPage.select_FirstResponders_When_LogIn();\ncy.url().should('eq', 'https://stage.vivayalive.com/first-responders');\ncy.get('.free-months > h2').should('contain', 'Our Gift of Gratitude to First Responders, Healthcare and Emergency Workers');\ncy.get('.free-months > :nth-child(3)').should('contain', 'VIVAYA is offering 2 FREE months of Unlimited Access to all VIVAYA Classes for First Responders, Healthcare and Emergency Workers.');\nfirstResponderPage.select_Register_Button();\ncy.get('#appModal > div > div').should('be.visible');",
              "err": {},
              "uuid": "17bcf4f4-e1cb-43ea-af74-ffac14dd8748",
              "parentUUID": "9ac4d961-ba51-493a-9ff5-2c29a2face99",
              "isHook": false,
              "skipped": false
            }
          ],
          "suites": [],
          "passes": [
            "9f05dcc2-04f9-4f38-be25-7ef6ed0e9a1c",
            "92e1faab-24e8-4260-ac83-ecf9ad92d486",
            "17bcf4f4-e1cb-43ea-af74-ffac14dd8748"
          ],
          "failures": [],
          "pending": [],
          "skipped": [],
          "duration": 54323,
          "root": false,
          "rootEmpty": false,
          "_timeout": 2000
        }
      ],
      "passes": [],
      "failures": [],
      "pending": [],
      "skipped": [],
      "duration": 0,
      "root": true,
      "rootEmpty": true,
      "_timeout": 2000
    }
  ],
  "meta": {
    "mocha": {
      "version": "7.0.1"
    },
    "mochawesome": {
      "options": {
        "quiet": true,
        "reportFilename": "mochawesome",
        "saveHtml": false,
        "saveJson": true,
        "consoleReporter": "spec",
        "useInlineDiffs": false
      },
      "version": "4.1.0"
    },
    "marge": {
      "options": {
        "reportDir": "integration-reports/integration/reports/mocha",
        "quiet": true,
        "html": false,
        "overwrite": false,
        "json": true
      },
      "version": "4.1.0"
    }
  }
}