{
  "stats": {
    "suites": 1,
    "tests": 2,
    "passes": 1,
    "pending": 1,
    "failures": 0,
    "start": "2021-03-30T17:16:59.829Z",
    "end": "2021-03-30T17:17:31.733Z",
    "duration": 31904,
    "testsRegistered": 2,
    "passPercent": 100,
    "pendingPercent": 50,
    "other": 0,
    "hasOther": false,
    "skipped": 0,
    "hasSkipped": false
  },
  "results": [
    {
      "uuid": "5aca5fc1-7295-4e17-8513-f5f3a8f19103",
      "title": "",
      "fullFile": "cypress/integration/Tests/Seminars/a22_CreateRepeatedEvent.spec.js",
      "file": "cypress/integration/Tests/Seminars/a22_CreateRepeatedEvent.spec.js",
      "beforeHooks": [],
      "afterHooks": [],
      "tests": [],
      "suites": [
        {
          "uuid": "3591d777-aa3e-426d-84cb-e5d7cbac23db",
          "title": "Events Creation",
          "fullFile": "",
          "file": "",
          "beforeHooks": [],
          "afterHooks": [],
          "tests": [
            {
              "title": "Create a recurrent Daily Class",
              "fullTitle": "Events Creation Create a recurrent Daily Class",
              "timedOut": null,
              "duration": 29513,
              "state": "passed",
              "speed": "slow",
              "pass": true,
              "fail": false,
              "pending": false,
              "context": null,
              "code": "cy.wait(3000);\ndashboard.add_NewEvent();\ndashboard.add_Class();\neventCreationPage.add_EventName('Class1');\ncy.wait(2000);\neventCreationPage.add_Description('This is a Test Class');\neventCreationPage.select_Repeater_Checkbox();\neventCreationPage.add_Custom_Start_Date(3);\neventCreationPage.add_Custom_End_Date(10);\neventCreationPage.select_Repeater_Daily();\neventCreationPage.press_Add();\ncy.wait(5000); //dashboard.cancel_Several_Events_AtOnce()",
              "err": {},
              "uuid": "af362f6e-60d6-4ff9-af25-81996cc4932d",
              "parentUUID": "3591d777-aa3e-426d-84cb-e5d7cbac23db",
              "isHook": false,
              "skipped": false
            },
            {
              "title": "Create a recurrent Weekly Class",
              "fullTitle": "Events Creation Create a recurrent Weekly Class",
              "timedOut": null,
              "duration": 0,
              "state": "pending",
              "speed": null,
              "pass": false,
              "fail": false,
              "pending": true,
              "context": null,
              "code": "",
              "err": {},
              "uuid": "0a0dfc66-1a32-42b8-9056-36d82a4bf8f7",
              "parentUUID": "3591d777-aa3e-426d-84cb-e5d7cbac23db",
              "isHook": false,
              "skipped": false
            }
          ],
          "suites": [],
          "passes": [
            "af362f6e-60d6-4ff9-af25-81996cc4932d"
          ],
          "failures": [],
          "pending": [
            "0a0dfc66-1a32-42b8-9056-36d82a4bf8f7"
          ],
          "skipped": [],
          "duration": 29513,
          "root": false,
          "rootEmpty": false,
          "_timeout": 2000
        }
      ],
      "passes": [],
      "failures": [],
      "pending": [],
      "skipped": [],
      "duration": 0,
      "root": true,
      "rootEmpty": true,
      "_timeout": 2000
    }
  ],
  "meta": {
    "mocha": {
      "version": "7.0.1"
    },
    "mochawesome": {
      "options": {
        "quiet": true,
        "reportFilename": "mochawesome",
        "saveHtml": false,
        "saveJson": true,
        "consoleReporter": "spec",
        "useInlineDiffs": false
      },
      "version": "4.1.0"
    },
    "marge": {
      "options": {
        "reportDir": "integration-reports/integration/reports/mocha",
        "quiet": true,
        "html": false,
        "overwrite": false,
        "json": true
      },
      "version": "4.1.0"
    }
  }
}